#
# A fatal error has been detected by the Java Runtime Environment:
#
#  EXCEPTION_ACCESS_VIOLATION (0xc0000005) at pc=0x0000000052e9c9e9, pid=10980, tid=0x0000000000001d50
#
# JRE version: OpenJDK Runtime Environment (8.0_242-b01) (build 1.8.0_242-release-1644-b01)
# Java VM: OpenJDK 64-Bit Server VM (25.242-b01 mixed mode windows-amd64 compressed oops)
# Problematic frame:
# V  [jvm.dll+0x48c9e9]
#
# Failed to write core dump. Minidumps are not enabled by default on client versions of Windows
#
# If you would like to submit a bug report, please visit:
#   
#

---------------  T H R E A D  ---------------

Current thread (0x0000000017a6b000):  JavaThread "C2 CompilerThread1" daemon [_thread_in_native, id=7504, stack(0x00000000191c0000,0x00000000192c0000)]

siginfo: ExceptionCode=0xc0000005, reading address 0x0000000000000018

Registers:
RAX=0x000000001e06b5d0, RBX=0x00000000000011d4, RCX=0x0000000000000000, RDX=0x0000000000000000
RSP=0x00000000192bbfa0, RBP=0x000000001d9001f0, RSI=0x0000000000000011, RDI=0x0000000000000006
R8 =0x000000001a8b0640, R9 =0x0000000000100000, R10=0x00000000531df750, R11=0x0000000052a10000
R12=0x000000002010d2f0, R13=0x000000001ece6390, R14=0x0000000000008160, R15=0x0000000000000001
RIP=0x0000000052e9c9e9, EFLAGS=0x0000000000010206

Top of Stack: (sp=0x00000000192bbfa0)
0x00000000192bbfa0:   00000000000011d4 0000000000000011
0x00000000192bbfb0:   000000001d9001f0 0000000000000009
0x00000000192bbfc0:   000000001ece6390 0000000000000000
0x00000000192bbfd0:   000011d900000000 0000000000000007
0x00000000192bbfe0:   000000001a8af6c0 0000000000000012
0x00000000192bbff0:   000000002010e930 0000000000000016
0x00000000192bc000:   0000000020108dd0 0000000052f1224e
0x00000000192bc010:   000000001ec4e080 00000000192bc1d0
0x00000000192bc020:   0000000000000000 0000000000000001
0x00000000192bc030:   0000000000000008 000000001ec4dd90
0x00000000192bc040:   0000000000000005 0000000052e9d1ae
0x00000000192bc050:   00000000192bc1d0 000000001ec4e080
0x00000000192bc060:   0000000020108dd0 00000000192bc0a0
0x00000000192bc070:   0000000000001988 0000000017a25340
0x00000000192bc080:   000000001f0344e0 00000000001c5940
0x00000000192bc090:   000000001f03af70 000000001f03c4c8 

Instructions: (pc=0x0000000052e9c9e9)
0x0000000052e9c9c9:   ff 84 c0 0f 84 24 ff ff ff 4b 8b 44 2e 08 48 c1
0x0000000052e9c9d9:   ef 05 4c 8d 1d 1e 36 b7 ff 48 8b 0c f0 83 e7 07
0x0000000052e9c9e9:   44 85 0c b9 0f 85 03 ff ff ff 8b d3 49 8b cc e8
0x0000000052e9c9f9:   43 aa fa ff e9 e6 fe ff ff 41 83 3c 24 00 4c 8b 


Register to memory mapping:

RAX=0x000000001e06b5d0 is an unknown value
RBX=0x00000000000011d4 is an unknown value
RCX=0x0000000000000000 is an unknown value
RDX=0x0000000000000000 is an unknown value
RSP=0x00000000192bbfa0 is pointing into the stack for thread: 0x0000000017a6b000
RBP=0x000000001d9001f0 is an unknown value
RSI=0x0000000000000011 is an unknown value
RDI=0x0000000000000006 is an unknown value
R8 =0x000000001a8b0640 is an unknown value
R9 =0x0000000000100000 is an unknown value
R10=0x00000000531df750 is an unknown value
R11=0x0000000052a10000 is an unknown value
R12=0x000000002010d2f0 is an unknown value
R13=0x000000001ece6390 is an unknown value
R14=0x0000000000008160 is an unknown value
R15=0x0000000000000001 is an unknown value


Stack: [0x00000000191c0000,0x00000000192c0000],  sp=0x00000000192bbfa0,  free space=1007k
Native frames: (J=compiled Java code, j=interpreted, Vv=VM code, C=native code)
V  [jvm.dll+0x48c9e9]
V  [jvm.dll+0x48d1ae]
V  [jvm.dll+0x43aa28]
V  [jvm.dll+0x4456ab]
V  [jvm.dll+0x447fa8]
V  [jvm.dll+0x42b072]
V  [jvm.dll+0x8230f]
V  [jvm.dll+0x82c7f]
V  [jvm.dll+0x220b7f]
V  [jvm.dll+0x27276a]
C  [msvcr100.dll+0x21d9f]
C  [msvcr100.dll+0x21e3b]
C  [KERNEL32.DLL+0x16fd4]
C  [ntdll.dll+0x4cec1]


Current CompileTask:
C2:   7103 2691       4       java.util.Arrays::binarySearch0 (95 bytes)


---------------  P R O C E S S  ---------------

Java Threads: ( => current thread )
  0x000000001b640000 JavaThread "Cache worker for execution history cache (C:\Users\Danielle\.gradle\caches\6.1.1\executionHistory)" [_thread_blocked, id=10948, stack(0x00000000210b0000,0x00000000211b0000)]
  0x000000001b645800 JavaThread "Cache worker for cache directory md-rule (C:\Users\Danielle\.gradle\caches\6.1.1\md-rule)" [_thread_blocked, id=11092, stack(0x000000001fd80000,0x000000001fe80000)]
  0x000000001b644800 JavaThread "Cache worker for cache directory md-supplier (C:\Users\Danielle\.gradle\caches\6.1.1\md-supplier)" [_thread_blocked, id=2548, stack(0x000000001fc80000,0x000000001fd80000)]
  0x000000001b644000 JavaThread "Cache worker for file hash cache (C:\Users\Danielle\AndroidStudioProjects\movieOrganizer\.gradle\6.1.1\fileHashes)" [_thread_blocked, id=11164, stack(0x0000000020fb0000,0x00000000210b0000)]
  0x000000001b643000 JavaThread "Cache worker for checksums cache (C:\Users\Danielle\AndroidStudioProjects\movieOrganizer\.gradle\checksums)" [_thread_blocked, id=4116, stack(0x000000001fee0000,0x000000001ffe0000)]
  0x000000001b642800 JavaThread "Cache worker for file hash cache (C:\Users\Danielle\.gradle\caches\6.1.1\fileHashes)" [_thread_blocked, id=9372, stack(0x000000001d7e0000,0x000000001d8e0000)]
  0x000000001b63e800 JavaThread "File lock request listener" [_thread_in_native, id=5520, stack(0x000000001d6e0000,0x000000001d7e0000)]
  0x000000001b58b000 JavaThread "Cache worker for journal cache (C:\Users\Danielle\.gradle\caches\journal-1)" [_thread_blocked, id=1484, stack(0x000000001d5e0000,0x000000001d6e0000)]
  0x0000000019a40800 JavaThread "Thread-9" [_thread_blocked, id=1536, stack(0x000000001d2e0000,0x000000001d3e0000)]
  0x000000001b48f800 JavaThread "Stdin handler" [_thread_blocked, id=6836, stack(0x000000001d1e0000,0x000000001d2e0000)]
  0x000000001b474800 JavaThread "Asynchronous log dispatcher for DefaultDaemonConnection: socket connection from /127.0.0.1:50435 to /127.0.0.1:50436" [_thread_blocked, id=5492, stack(0x000000001d0e0000,0x000000001d1e0000)]
  0x0000000019a45000 JavaThread "Daemon worker" [_thread_in_vm, id=5640, stack(0x000000001cfe0000,0x000000001d0e0000)]
  0x0000000019a44800 JavaThread "Cancel handler" [_thread_blocked, id=2504, stack(0x000000001cee0000,0x000000001cfe0000)]
  0x0000000019a6c000 JavaThread "Handler for socket connection from /127.0.0.1:50435 to /127.0.0.1:50436" [_thread_in_native, id=1916, stack(0x000000001cbe0000,0x000000001cce0000)]
  0x00000000199fa800 JavaThread "Daemon" [_thread_blocked, id=8212, stack(0x000000001cae0000,0x000000001cbe0000)]
  0x00000000199f9800 JavaThread "Daemon periodic checks" [_thread_blocked, id=10392, stack(0x000000001c9e0000,0x000000001cae0000)]
  0x0000000019cc0800 JavaThread "Incoming local TCP Connector on port 50435" [_thread_in_native, id=4168, stack(0x000000001c7a0000,0x000000001c8a0000)]
  0x0000000019a0d800 JavaThread "Daemon health stats" [_thread_blocked, id=1212, stack(0x000000001c160000,0x000000001c260000)]
  0x00000000193e0800 JavaThread "Service Thread" daemon [_thread_blocked, id=8136, stack(0x00000000197c0000,0x00000000198c0000)]
  0x0000000017a72000 JavaThread "C1 CompilerThread2" daemon [_thread_blocked, id=9788, stack(0x00000000192c0000,0x00000000193c0000)]
=>0x0000000017a6b000 JavaThread "C2 CompilerThread1" daemon [_thread_in_native, id=7504, stack(0x00000000191c0000,0x00000000192c0000)]
  0x0000000017a62000 JavaThread "C2 CompilerThread0" daemon [_thread_in_native, id=6728, stack(0x00000000190c0000,0x00000000191c0000)]
  0x0000000017a67800 JavaThread "Attach Listener" daemon [_thread_blocked, id=476, stack(0x0000000018fc0000,0x00000000190c0000)]
  0x0000000017a66800 JavaThread "Signal Dispatcher" daemon [_thread_blocked, id=9664, stack(0x0000000018ec0000,0x0000000018fc0000)]
  0x0000000002d4e000 JavaThread "Finalizer" daemon [_thread_blocked, id=6236, stack(0x0000000018cc0000,0x0000000018dc0000)]
  0x0000000002d43000 JavaThread "Reference Handler" daemon [_thread_blocked, id=3104, stack(0x0000000018bc0000,0x0000000018cc0000)]
  0x0000000002e3e000 JavaThread "main" [_thread_blocked, id=9776, stack(0x0000000002a80000,0x0000000002b80000)]

Other Threads:
  0x0000000017a25800 VMThread [stack: 0x0000000018ac0000,0x0000000018bc0000] [id=1320]
  0x00000000193e5000 WatcherThread [stack: 0x00000000198c0000,0x00000000199c0000] [id=2304]

VM state:not at safepoint (normal execution)

VM Mutex/Monitor currently owned by a thread: None

heap address: 0x0000000080000000, size: 2048 MB, Compressed Oops mode: 32-bit
Narrow klass base: 0x0000000000000000, Narrow klass shift: 3
Compressed class space size: 1073741824 Address: 0x0000000100000000

Heap:
 PSYoungGen      total 173056K, used 14573K [0x00000000d5580000, 0x00000000e2d00000, 0x0000000100000000)
  eden space 160768K, 9% used [0x00000000d5580000,0x00000000d63bb730,0x00000000df280000)
  from space 12288K, 0% used [0x00000000df280000,0x00000000df280000,0x00000000dfe80000)
  to   space 13824K, 0% used [0x00000000e1f80000,0x00000000e1f80000,0x00000000e2d00000)
 ParOldGen       total 113152K, used 18473K [0x0000000080000000, 0x0000000086e80000, 0x00000000d5580000)
  object space 113152K, 16% used [0x0000000080000000,0x000000008120a410,0x0000000086e80000)
 Metaspace       used 34884K, capacity 35986K, committed 36136K, reserved 1081344K
  class space    used 4770K, capacity 5051K, committed 5160K, reserved 1048576K

Card table byte_map: [0x0000000012200000,0x0000000012610000] byte_map_base: 0x0000000011e00000

Marking Bits: (ParMarkBitMap*) 0x00000000531df030
 Begin Bits: [0x0000000012cc0000, 0x0000000014cc0000)
 End Bits:   [0x0000000014cc0000, 0x0000000016cc0000)

Polling page: 0x0000000000dd0000

CodeCache: size=245760Kb used=11086Kb max_used=11207Kb free=234673Kb
 bounds [0x0000000002e40000, 0x0000000003940000, 0x0000000011e40000]
 total_blobs=3518 nmethods=2826 adapters=605
 compilation: enabled

Compilation events (10 events):
Event: 7.068 Thread 0x0000000017a72000 2882       3       groovyjarjarasm.asm.ByteVector::put12 (64 bytes)
Event: 7.068 Thread 0x0000000017a72000 nmethod 2882 0x0000000002fb21d0 code [0x0000000002fb2340, 0x0000000002fb25c8]
Event: 7.068 Thread 0x0000000017a72000 2883       3       groovyjarjarasm.asm.Label::getCanonicalInstance (19 bytes)
Event: 7.068 Thread 0x0000000017a72000 nmethod 2883 0x0000000003088b90 code [0x0000000003088ce0, 0x0000000003088e90]
Event: 7.069 Thread 0x0000000017a72000 2884       3       org.gradle.internal.time.MonotonicClock::getCurrentTime (70 bytes)
Event: 7.070 Thread 0x0000000017a72000 nmethod 2884 0x0000000002ff9fd0 code [0x0000000002ffa1e0, 0x0000000002ffaec8]
Event: 7.070 Thread 0x0000000017a72000 2885       3       org.gradle.internal.time.MonotonicClock::syncIsDue (28 bytes)
Event: 7.070 Thread 0x0000000017a72000 nmethod 2885 0x0000000002fec1d0 code [0x0000000002fec340, 0x0000000002fec630]
Event: 7.077 Thread 0x0000000017a72000 2886       3       java.util.ArrayList::addAll (54 bytes)
Event: 7.078 Thread 0x0000000017a72000 nmethod 2886 0x000000000302d0d0 code [0x000000000302d280, 0x000000000302d968]

GC Heap History (10 events):
Event: 3.626 GC heap before
{Heap before GC invocations=5 (full 0):
 PSYoungGen      total 88576K, used 45382K [0x00000000d5580000, 0x00000000db280000, 0x0000000100000000)
  eden space 81920K, 47% used [0x00000000d5580000,0x00000000d7b58420,0x00000000da580000)
  from space 6656K, 99% used [0x00000000dac00000,0x00000000db2794a0,0x00000000db280000)
  to   space 6656K, 0% used [0x00000000da580000,0x00000000da580000,0x00000000dac00000)
 ParOldGen       total 109568K, used 3714K [0x0000000080000000, 0x0000000086b00000, 0x00000000d5580000)
  object space 109568K, 3% used [0x0000000080000000,0x00000000803a0bd0,0x0000000086b00000)
 Metaspace       used 20593K, capacity 21218K, committed 21296K, reserved 1067008K
  class space    used 2888K, capacity 3093K, committed 3120K, reserved 1048576K
Event: 3.669 GC heap after
Heap after GC invocations=5 (full 0):
 PSYoungGen      total 88576K, used 6644K [0x00000000d5580000, 0x00000000e0c80000, 0x0000000100000000)
  eden space 81920K, 0% used [0x00000000d5580000,0x00000000d5580000,0x00000000da580000)
  from space 6656K, 99% used [0x00000000da580000,0x00000000dabfd040,0x00000000dac00000)
  to   space 11776K, 0% used [0x00000000e0100000,0x00000000e0100000,0x00000000e0c80000)
 ParOldGen       total 109568K, used 6703K [0x0000000080000000, 0x0000000086b00000, 0x00000000d5580000)
  object space 109568K, 6% used [0x0000000080000000,0x000000008068bcc0,0x0000000086b00000)
 Metaspace       used 20593K, capacity 21218K, committed 21296K, reserved 1067008K
  class space    used 2888K, capacity 3093K, committed 3120K, reserved 1048576K
}
Event: 3.669 GC heap before
{Heap before GC invocations=6 (full 1):
 PSYoungGen      total 88576K, used 6644K [0x00000000d5580000, 0x00000000e0c80000, 0x0000000100000000)
  eden space 81920K, 0% used [0x00000000d5580000,0x00000000d5580000,0x00000000da580000)
  from space 6656K, 99% used [0x00000000da580000,0x00000000dabfd040,0x00000000dac00000)
  to   space 11776K, 0% used [0x00000000e0100000,0x00000000e0100000,0x00000000e0c80000)
 ParOldGen       total 109568K, used 6703K [0x0000000080000000, 0x0000000086b00000, 0x00000000d5580000)
  object space 109568K, 6% used [0x0000000080000000,0x000000008068bcc0,0x0000000086b00000)
 Metaspace       used 20593K, capacity 21218K, committed 21296K, reserved 1067008K
  class space    used 2888K, capacity 3093K, committed 3120K, reserved 1048576K
Event: 3.748 GC heap after
Heap after GC invocations=6 (full 1):
 PSYoungGen      total 88576K, used 0K [0x00000000d5580000, 0x00000000e0c80000, 0x0000000100000000)
  eden space 81920K, 0% used [0x00000000d5580000,0x00000000d5580000,0x00000000da580000)
  from space 6656K, 0% used [0x00000000da580000,0x00000000da580000,0x00000000dac00000)
  to   space 11776K, 0% used [0x00000000e0100000,0x00000000e0100000,0x00000000e0c80000)
 ParOldGen       total 71168K, used 9437K [0x0000000080000000, 0x0000000084580000, 0x00000000d5580000)
  object space 71168K, 13% used [0x0000000080000000,0x0000000080937798,0x0000000084580000)
 Metaspace       used 20593K, capacity 21218K, committed 21296K, reserved 1067008K
  class space    used 2888K, capacity 3093K, committed 3120K, reserved 1048576K
}
Event: 4.798 GC heap before
{Heap before GC invocations=7 (full 1):
 PSYoungGen      total 88576K, used 81920K [0x00000000d5580000, 0x00000000e0c80000, 0x0000000100000000)
  eden space 81920K, 100% used [0x00000000d5580000,0x00000000da580000,0x00000000da580000)
  from space 6656K, 0% used [0x00000000da580000,0x00000000da580000,0x00000000dac00000)
  to   space 11776K, 0% used [0x00000000e0100000,0x00000000e0100000,0x00000000e0c80000)
 ParOldGen       total 71168K, used 9437K [0x0000000080000000, 0x0000000084580000, 0x00000000d5580000)
  object space 71168K, 13% used [0x0000000080000000,0x0000000080937798,0x0000000084580000)
 Metaspace       used 29925K, capacity 30694K, committed 30896K, reserved 1075200K
  class space    used 4013K, capacity 4240K, committed 4272K, reserved 1048576K
Event: 4.810 GC heap after
Heap after GC invocations=7 (full 1):
 PSYoungGen      total 136704K, used 9252K [0x00000000d5580000, 0x00000000e0a80000, 0x0000000100000000)
  eden space 126976K, 0% used [0x00000000d5580000,0x00000000d5580000,0x00000000dd180000)
  from space 9728K, 95% used [0x00000000e0100000,0x00000000e0a09108,0x00000000e0a80000)
  to   space 12288K, 0% used [0x00000000df280000,0x00000000df280000,0x00000000dfe80000)
 ParOldGen       total 71168K, used 9445K [0x0000000080000000, 0x0000000084580000, 0x00000000d5580000)
  object space 71168K, 13% used [0x0000000080000000,0x0000000080939798,0x0000000084580000)
 Metaspace       used 29925K, capacity 30694K, committed 30896K, reserved 1075200K
  class space    used 4013K, capacity 4240K, committed 4272K, reserved 1048576K
}
Event: 6.826 GC heap before
{Heap before GC invocations=8 (full 1):
 PSYoungGen      total 136704K, used 101939K [0x00000000d5580000, 0x00000000e0a80000, 0x0000000100000000)
  eden space 126976K, 72% used [0x00000000d5580000,0x00000000db003c08,0x00000000dd180000)
  from space 9728K, 95% used [0x00000000e0100000,0x00000000e0a09108,0x00000000e0a80000)
  to   space 12288K, 0% used [0x00000000df280000,0x00000000df280000,0x00000000dfe80000)
 ParOldGen       total 71168K, used 9445K [0x0000000080000000, 0x0000000084580000, 0x00000000d5580000)
  object space 71168K, 13% used [0x0000000080000000,0x0000000080939798,0x0000000084580000)
 Metaspace       used 34400K, capacity 35386K, committed 35496K, reserved 1079296K
  class space    used 4678K, capacity 4942K, committed 5032K, reserved 1048576K
Event: 6.856 GC heap after
Heap after GC invocations=8 (full 1):
 PSYoungGen      total 173056K, used 11659K [0x00000000d5580000, 0x00000000e2d00000, 0x0000000100000000)
  eden space 160768K, 0% used [0x00000000d5580000,0x00000000d5580000,0x00000000df280000)
  from space 12288K, 94% used [0x00000000df280000,0x00000000dfde2ca8,0x00000000dfe80000)
  to   space 13824K, 0% used [0x00000000e1f80000,0x00000000e1f80000,0x00000000e2d00000)
 ParOldGen       total 71168K, used 9453K [0x0000000080000000, 0x0000000084580000, 0x00000000d5580000)
  object space 71168K, 13% used [0x0000000080000000,0x000000008093b798,0x0000000084580000)
 Metaspace       used 34400K, capacity 35386K, committed 35496K, reserved 1079296K
  class space    used 4678K, capacity 4942K, committed 5032K, reserved 1048576K
}
Event: 6.856 GC heap before
{Heap before GC invocations=9 (full 2):
 PSYoungGen      total 173056K, used 11659K [0x00000000d5580000, 0x00000000e2d00000, 0x0000000100000000)
  eden space 160768K, 0% used [0x00000000d5580000,0x00000000d5580000,0x00000000df280000)
  from space 12288K, 94% used [0x00000000df280000,0x00000000dfde2ca8,0x00000000dfe80000)
  to   space 13824K, 0% used [0x00000000e1f80000,0x00000000e1f80000,0x00000000e2d00000)
 ParOldGen       total 71168K, used 9453K [0x0000000080000000, 0x0000000084580000, 0x00000000d5580000)
  object space 71168K, 13% used [0x0000000080000000,0x000000008093b798,0x0000000084580000)
 Metaspace       used 34400K, capacity 35386K, committed 35496K, reserved 1079296K
  class space    used 4678K, capacity 4942K, committed 5032K, reserved 1048576K
Event: 6.971 GC heap after
Heap after GC invocations=9 (full 2):
 PSYoungGen      total 173056K, used 0K [0x00000000d5580000, 0x00000000e2d00000, 0x0000000100000000)
  eden space 160768K, 0% used [0x00000000d5580000,0x00000000d5580000,0x00000000df280000)
  from space 12288K, 0% used [0x00000000df280000,0x00000000df280000,0x00000000dfe80000)
  to   space 13824K, 0% used [0x00000000e1f80000,0x00000000e1f80000,0x00000000e2d00000)
 ParOldGen       total 113152K, used 18473K [0x0000000080000000, 0x0000000086e80000, 0x00000000d5580000)
  object space 113152K, 16% used [0x0000000080000000,0x000000008120a410,0x0000000086e80000)
 Metaspace       used 34400K, capacity 35386K, committed 35496K, reserved 1079296K
  class space    used 4678K, capacity 4942K, committed 5032K, reserved 1048576K
}

Deoptimization events (10 events):
Event: 6.030 Thread 0x0000000019a45000 Uncommon trap: reason=unstable_if action=reinterpret pc=0x0000000003727d20 method=sun.misc.URLClassPath$JarLoader.getResource(Ljava/lang/String;ZLjava/util/Set;)Lsun/misc/Resource; @ 17
Event: 6.277 Thread 0x0000000019a45000 Uncommon trap: reason=predicate action=maybe_recompile pc=0x000000000384d238 method=java.util.Arrays.binarySearch0([Ljava/lang/Object;IILjava/lang/Object;Ljava/util/Comparator;)I @ 28
Event: 6.421 Thread 0x0000000019a45000 Uncommon trap: reason=unstable_if action=reinterpret pc=0x000000000381b30c method=org.codehaus.groovy.runtime.metaclass.MetaMethodIndex.addMethodToList(Ljava/lang/Object;Lgroovy/lang/MetaMethod;)Ljava/lang/Object; @ 226
Event: 6.482 Thread 0x0000000019a45000 Uncommon trap: reason=unstable_if action=reinterpret pc=0x0000000003532f9c method=java.util.HashMap.putVal(ILjava/lang/Object;Ljava/lang/Object;ZZ)Ljava/lang/Object; @ 162
Event: 6.487 Thread 0x0000000019a45000 Uncommon trap: reason=range_check action=make_not_entrant pc=0x00000000037bdd6c method=java.lang.String.charAt(I)C @ 27
Event: 6.722 Thread 0x0000000019a45000 Uncommon trap: reason=unstable_if action=reinterpret pc=0x00000000030a248c method=java.util.HashMap.getNode(ILjava/lang/Object;)Ljava/util/HashMap$Node; @ 53
Event: 6.722 Thread 0x0000000019a45000 Uncommon trap: reason=unstable_if action=reinterpret pc=0x00000000032ea2fc method=java.util.HashMap.hash(Ljava/lang/Object;)I @ 1
Event: 6.783 Thread 0x0000000019a45000 Uncommon trap: reason=bimorphic action=maybe_recompile pc=0x00000000037fb7a0 method=java.util.AbstractCollection.addAll(Ljava/util/Collection;)Z @ 29
Event: 6.987 Thread 0x0000000019a45000 Uncommon trap: reason=unstable_if action=reinterpret pc=0x0000000003733640 method=org.objectweb.asm.ByteVector.putShort(I)Lorg/objectweb/asm/ByteVector; @ 13
Event: 6.990 Thread 0x0000000019a45000 Uncommon trap: reason=unstable_if action=reinterpret pc=0x00000000034bf960 method=java.net.URLStreamHandler.sameFile(Ljava/net/URL;Ljava/net/URL;)Z @ 63

Classes redefined (0 events):
No events

Internal exceptions (10 events):
Event: 7.047 Thread 0x0000000019a45000 Exception <a 'java/lang/ClassNotFoundException': groovy/lang/MetaPropertyCustomizer> (0x00000000d5e105d8) thrown at [C:\src\AOSP-openjdk-git\hotspot\src\share\vm\classfile\systemDictionary.cpp, line 210]
Event: 7.047 Thread 0x0000000019a45000 Exception <a 'java/lang/ClassNotFoundException': org/codehaus/groovy/reflection/CachedFieldCustomizer> (0x00000000d5e2fe68) thrown at [C:\src\AOSP-openjdk-git\hotspot\src\share\vm\classfile\systemDictionary.cpp, line 210]
Event: 7.057 Thread 0x0000000019a45000 Exception <a 'java/lang/ClassNotFoundException': java/util/ArrayListBeanInfo> (0x00000000d5f59da0) thrown at [C:\src\AOSP-openjdk-git\hotspot\src\share\vm\classfile\systemDictionary.cpp, line 210]
Event: 7.057 Thread 0x0000000019a45000 Exception <a 'java/lang/ClassNotFoundException': java/util/AbstractListBeanInfo> (0x00000000d5f642e8) thrown at [C:\src\AOSP-openjdk-git\hotspot\src\share\vm\classfile\systemDictionary.cpp, line 210]
Event: 7.057 Thread 0x0000000019a45000 Exception <a 'java/lang/ClassNotFoundException': java/util/AbstractCollectionBeanInfo> (0x00000000d5f6f828) thrown at [C:\src\AOSP-openjdk-git\hotspot\src\share\vm\classfile\systemDictionary.cpp, line 210]
Event: 7.057 Thread 0x0000000019a45000 Exception <a 'java/lang/ClassNotFoundException': java/util/AbstractCollectionCustomizer> (0x00000000d5f7b090) thrown at [C:\src\AOSP-openjdk-git\hotspot\src\share\vm\classfile\systemDictionary.cpp, line 210]
Event: 7.058 Thread 0x0000000019a45000 Exception <a 'java/lang/ClassNotFoundException': java/util/AbstractListCustomizer> (0x00000000d5f904d0) thrown at [C:\src\AOSP-openjdk-git\hotspot\src\share\vm\classfile\systemDictionary.cpp, line 210]
Event: 7.059 Thread 0x0000000019a45000 Exception <a 'java/lang/ClassNotFoundException': java/util/ArrayListCustomizer> (0x00000000d5fa7d88) thrown at [C:\src\AOSP-openjdk-git\hotspot\src\share\vm\classfile\systemDictionary.cpp, line 210]
Event: 7.063 Thread 0x0000000019a45000 Exception <a 'java/lang/ClassNotFoundException': java/util/CollectionBeanInfo> (0x00000000d602ec30) thrown at [C:\src\AOSP-openjdk-git\hotspot\src\share\vm\classfile\systemDictionary.cpp, line 210]
Event: 7.063 Thread 0x0000000019a45000 Exception <a 'java/lang/ClassNotFoundException': java/util/CollectionCustomizer> (0x00000000d6039108) thrown at [C:\src\AOSP-openjdk-git\hotspot\src\share\vm\classfile\systemDictionary.cpp, line 210]

Events (10 events):
Event: 7.075 loading class org/gradle/api/plugins/HelpTasksPlugin$PropertyReportTaskAction
Event: 7.075 loading class org/gradle/api/plugins/HelpTasksPlugin$PropertyReportTaskAction done
Event: 7.075 loading class org/gradle/api/plugins/HelpTasksPlugin$TaskReportTaskAction
Event: 7.075 loading class org/gradle/api/plugins/HelpTasksPlugin$TaskReportTaskAction done
Event: 7.076 loading class org/gradle/api/plugins/HelpTasksPlugin$ProjectReportTaskAction
Event: 7.076 loading class org/gradle/api/plugins/HelpTasksPlugin$ProjectReportTaskAction done
Event: 7.076 loading class org/gradle/api/plugins/HelpTasksPlugin$HelpAction
Event: 7.076 loading class org/gradle/api/plugins/HelpTasksPlugin$HelpAction done
Event: 7.077 loading class org/gradle/api/tasks/diagnostics/OutgoingVariantsReportTask
Event: 7.077 loading class org/gradle/api/tasks/diagnostics/OutgoingVariantsReportTask done


Dynamic libraries:
0x00007ff74bfc0000 - 0x00007ff74bff1000 	C:\Program Files\Android\Android Studio\jre\bin\java.exe
0x00007ff94bd30000 - 0x00007ff94bf25000 	C:\Windows\SYSTEM32\ntdll.dll
0x00007ff94ba20000 - 0x00007ff94badd000 	C:\Windows\System32\KERNEL32.DLL
0x00007ff949500000 - 0x00007ff9497c7000 	C:\Windows\System32\KERNELBASE.dll
0x00007ff949f30000 - 0x00007ff949fda000 	C:\Windows\System32\ADVAPI32.dll
0x00007ff94a340000 - 0x00007ff94a3de000 	C:\Windows\System32\msvcrt.dll
0x00007ff94bbf0000 - 0x00007ff94bc8b000 	C:\Windows\System32\sechost.dll
0x00007ff94b810000 - 0x00007ff94b934000 	C:\Windows\System32\RPCRT4.dll
0x00007ff94a3f0000 - 0x00007ff94a590000 	C:\Windows\System32\USER32.dll
0x00007ff9497d0000 - 0x00007ff9497f2000 	C:\Windows\System32\win32u.dll
0x00007ff94a590000 - 0x00007ff94a5ba000 	C:\Windows\System32\GDI32.dll
0x00007ff949b00000 - 0x00007ff949c09000 	C:\Windows\System32\gdi32full.dll
0x00007ff949800000 - 0x00007ff94989d000 	C:\Windows\System32\msvcp_win.dll
0x00007ff9498a0000 - 0x00007ff9499a0000 	C:\Windows\System32\ucrtbase.dll
0x00007ff948890000 - 0x00007ff948b2b000 	C:\Windows\WinSxS\amd64_microsoft.windows.common-controls_6595b64144ccf1df_6.0.19041.488_none_ca04af081b815d21\COMCTL32.dll
0x00007ff94bae0000 - 0x00007ff94bb10000 	C:\Windows\System32\IMM32.DLL
0x0000000052850000 - 0x0000000052922000 	C:\Program Files\Android\Android Studio\jre\jre\bin\msvcr100.dll
0x0000000052a10000 - 0x000000005325b000 	C:\Program Files\Android\Android Studio\jre\jre\bin\server\jvm.dll
0x00007ff94a3e0000 - 0x00007ff94a3e8000 	C:\Windows\System32\PSAPI.DLL
0x00007ff93cdb0000 - 0x00007ff93cdd7000 	C:\Windows\SYSTEM32\WINMM.dll
0x00007ff93d100000 - 0x00007ff93d10a000 	C:\Windows\SYSTEM32\VERSION.dll
0x00007ff938580000 - 0x00007ff938589000 	C:\Windows\SYSTEM32\WSOCK32.dll
0x00007ff94ae60000 - 0x00007ff94aecb000 	C:\Windows\System32\WS2_32.dll
0x00007ff930200000 - 0x00007ff93020f000 	C:\Program Files\Android\Android Studio\jre\jre\bin\verify.dll
0x00007ff9301d0000 - 0x00007ff9301f9000 	C:\Program Files\Android\Android Studio\jre\jre\bin\java.dll
0x00007ff9301b0000 - 0x00007ff9301c6000 	C:\Program Files\Android\Android Studio\jre\jre\bin\zip.dll
0x00007ff94b0c0000 - 0x00007ff94b801000 	C:\Windows\System32\SHELL32.dll
0x00007ff946800000 - 0x00007ff946f93000 	C:\Windows\SYSTEM32\windows.storage.dll
0x00007ff949fe0000 - 0x00007ff94a335000 	C:\Windows\System32\combase.dll
0x00007ff9487f0000 - 0x00007ff94881c000 	C:\Windows\SYSTEM32\Wldp.dll
0x00007ff94b010000 - 0x00007ff94b0be000 	C:\Windows\System32\SHCORE.dll
0x00007ff949e70000 - 0x00007ff949ec5000 	C:\Windows\System32\shlwapi.dll
0x00007ff9493a0000 - 0x00007ff9493c6000 	C:\Windows\SYSTEM32\profapi.dll
0x00007ff92ff80000 - 0x00007ff92ff9a000 	C:\Program Files\Android\Android Studio\jre\jre\bin\net.dll
0x00007ff948570000 - 0x00007ff9485da000 	C:\Windows\system32\mswsock.dll
0x00007ff92fee0000 - 0x00007ff92fef3000 	C:\Program Files\Android\Android Studio\jre\jre\bin\nio.dll
0x00007ff930300000 - 0x00007ff930326000 	C:\Users\Danielle\.gradle\native\31\windows-amd64\native-platform.dll
0x00007ff92dec0000 - 0x00007ff92decd000 	C:\Program Files\Android\Android Studio\jre\jre\bin\management.dll
0x00007ff949120000 - 0x00007ff949138000 	C:\Windows\SYSTEM32\CRYPTSP.dll
0x00007ff947ec0000 - 0x00007ff947ef4000 	C:\Windows\system32\rsaenh.dll
0x00007ff949470000 - 0x00007ff949497000 	C:\Windows\System32\bcrypt.dll
0x00007ff949320000 - 0x00007ff94934e000 	C:\Windows\SYSTEM32\USERENV.dll
0x00007ff949c10000 - 0x00007ff949c8f000 	C:\Windows\System32\bcryptprimitives.dll
0x00007ff948740000 - 0x00007ff94874c000 	C:\Windows\SYSTEM32\CRYPTBASE.dll
0x00007ff948200000 - 0x00007ff94823b000 	C:\Windows\SYSTEM32\IPHLPAPI.DLL
0x00007ff949e60000 - 0x00007ff949e69000 	C:\Windows\System32\NSI.dll
0x00007ff93f450000 - 0x00007ff93f467000 	C:\Windows\SYSTEM32\dhcpcsvc6.DLL
0x00007ff940a60000 - 0x00007ff940a7d000 	C:\Windows\SYSTEM32\dhcpcsvc.DLL
0x00007ff948240000 - 0x00007ff94830b000 	C:\Windows\SYSTEM32\DNSAPI.dll
0x00007ff948ee0000 - 0x00007ff9490c4000 	C:\Windows\SYSTEM32\dbghelp.dll

VM Arguments:
jvm_args: -Xmx2048m -Dfile.encoding=windows-1252 -Duser.country=CA -Duser.language=en -Duser.variant 
java_command: org.gradle.launcher.daemon.bootstrap.GradleDaemon 6.1.1
java_class_path (initial): C:\Users\Danielle\.gradle\wrapper\dists\gradle-6.1.1-all\cfmwm155h49vnt3hynmlrsdst\gradle-6.1.1\lib\gradle-launcher-6.1.1.jar
Launcher Type: SUN_STANDARD

Environment Variables:
PATH=C:\Windows\system32;C:\Windows;C:\Windows\System32\Wbem;C:\Windows\System32\WindowsPowerShell\v1.0\;C:\Windows\System32\OpenSSH\;C:\Users\Danielle\AppData\Local\Microsoft\WindowsApps;C:\Users\Danielle\AppData\Local\Programs\Microsoft VS Code\bin;C:\Users\Danielle\AppData\Local\Programs\Git\cmd
USERNAME=Danielle
OS=Windows_NT
PROCESSOR_IDENTIFIER=Intel64 Family 6 Model 58 Stepping 9, GenuineIntel



---------------  S Y S T E M  ---------------

OS: Windows 10.0 , 64 bit Build 19041 (10.0.19041.292)

CPU:total 4 (initial active 4) (2 cores per cpu, 2 threads per core) family 6 model 58 stepping 9, cmov, cx8, fxsr, mmx, sse, sse2, sse3, ssse3, sse4.1, sse4.2, popcnt, avx, aes, clmul, erms, ht, tsc, tscinvbit, tscinv

Memory: 4k page, physical 10368572k(5631724k free), swap 12596796k(7272060k free)

vm_info: OpenJDK 64-Bit Server VM (25.242-b01) for windows-amd64 JRE (1.8.0_242-release-1644-b01), built by "builder" with MS VC++ 10.0 (VS2010)

time: Thu Sep 24 17:42:58 2020
timezone: Pacific Daylight Time
elapsed time: 7 seconds (0d 0h 0m 7s)

