#
# A fatal error has been detected by the Java Runtime Environment:
#
#  EXCEPTION_ACCESS_VIOLATION (0xc0000005) at pc=0x0000000052e7eb57, pid=3432, tid=0x0000000000002a08
#
# JRE version: OpenJDK Runtime Environment (8.0_242-b01) (build 1.8.0_242-release-1644-b01)
# Java VM: OpenJDK 64-Bit Server VM (25.242-b01 mixed mode windows-amd64 compressed oops)
# Problematic frame:
# V  [jvm.dll+0x46eb57]
#
# Failed to write core dump. Minidumps are not enabled by default on client versions of Windows
#
# If you would like to submit a bug report, please visit:
#   
#

---------------  T H R E A D  ---------------

Current thread (0x0000000017cf7000):  JavaThread "C2 CompilerThread0" daemon [_thread_in_native, id=10760, stack(0x0000000019350000,0x0000000019450000)]

siginfo: ExceptionCode=0xc0000005, reading address 0x0000000018dbc198

Registers:
RAX=0x0000000018dbc170, RBX=0x000000000000056a, RCX=0x0000000000000005, RDX=0x0000000020643050
RSP=0x000000001944c170, RBP=0x00000000000a4800, RSI=0x0000000000001780, RDI=0x0000000023096050
R8 =0x0000000000c00000, R9 =0x0000000000025e60, R10=0x000000001944c4e0, R11=0x0000000000000019
R12=0x0000000020643050, R13=0x000000001944c7d0, R14=0x0000000052a10000, R15=0x00000000531df750
RIP=0x0000000052e7eb57, EFLAGS=0x0000000000010206

Top of Stack: (sp=0x000000001944c170)
0x000000001944c170:   000000000000173b 0000000000000003
0x000000001944c180:   00000000000a4800 0000000000001780
0x000000001944c190:   0000056f00004000 0000000000000004
0x000000001944c1a0:   000000001a2253e0 0000000000000006
0x000000001944c1b0:   000000001a225bd0 0000000000000036
0x000000001944c1c0:   000000001944c350 0000000052ebafe4
0x000000001944c1d0:   0000000000000003 000000001e241798
0x000000001944c1e0:   000000001fb31c90 0000000020643050
0x000000001944c1f0:   000000001944c7d0 0000000052e80038
0x000000001944c200:   00000000000a4800 0000000000168790
0x000000001944c210:   000000001944c300 0000000020669818
0x000000001944c220:   0000000f00000000 00007ff90000001a
0x000000001944c230:   000000001e241798 0000178000000006
0x000000001944c240:   0000033400000019 000000000000000e
0x000000001944c250:   0000000005055455 0000000000000000
0x000000001944c260:   0000000000000000 0000000000000000 

Instructions: (pc=0x0000000052e7eb57)
0x0000000052e7eb37:   8b de 48 8d 3c 80 48 c1 e7 05 49 03 7a 10 85 db
0x0000000052e7eb47:   0f 84 f3 fe ff ff 48 8b 47 08 8b cb 48 c1 e9 08
0x0000000052e7eb57:   4c 8b 0c c8 4d 3b cf 75 0d 8b d3 48 8b cf e8 26
0x0000000052e7eb67:   44 00 00 4c 8b c8 8b d3 83 e3 1f 41 b8 01 00 00 


Register to memory mapping:

RAX=0x0000000018dbc170 is an unknown value
RBX=0x000000000000056a is an unknown value
RCX=0x0000000000000005 is an unknown value
RDX=0x0000000020643050 is an unknown value
RSP=0x000000001944c170 is pointing into the stack for thread: 0x0000000017cf7000
RBP=0x00000000000a4800 is an unknown value
RSI=0x0000000000001780 is an unknown value
RDI=0x0000000023096050 is an unknown value
R8 =0x0000000000c00000 is an unknown value
R9 =0x0000000000025e60 is an unknown value
R10=0x000000001944c4e0 is pointing into the stack for thread: 0x0000000017cf7000
R11=0x0000000000000019 is an unknown value
R12=0x0000000020643050 is an unknown value
R13=0x000000001944c7d0 is pointing into the stack for thread: 0x0000000017cf7000
R14=0x0000000052a10000 is an unknown value
R15=0x00000000531df750 is an unknown value


Stack: [0x0000000019350000,0x0000000019450000],  sp=0x000000001944c170,  free space=1008k
Native frames: (J=compiled Java code, j=interpreted, Vv=VM code, C=native code)
V  [jvm.dll+0x46eb57]
V  [jvm.dll+0x470038]
V  [jvm.dll+0x43aa3d]
V  [jvm.dll+0x4456ab]
V  [jvm.dll+0x447fa8]
V  [jvm.dll+0x42b072]
V  [jvm.dll+0x8230f]
V  [jvm.dll+0x82c7f]
V  [jvm.dll+0x220b7f]
V  [jvm.dll+0x27276a]
C  [msvcr100.dll+0x21d9f]
C  [msvcr100.dll+0x21e3b]
C  [KERNEL32.DLL+0x16fd4]
C  [ntdll.dll+0x4cec1]


Current CompileTask:
C2:   5095 2457       4       java.net.URLClassLoader$1::run (5 bytes)


---------------  P R O C E S S  ---------------

Java Threads: ( => current thread )
  0x000000001ba50000 JavaThread "Cache worker for execution history cache (C:\Users\Danielle\.gradle\caches\6.1.1\executionHistory)" [_thread_blocked, id=3168, stack(0x0000000020110000,0x0000000020210000)]
  0x000000001ba4f000 JavaThread "Cache worker for cache directory md-rule (C:\Users\Danielle\.gradle\caches\6.1.1\md-rule)" [_thread_blocked, id=7392, stack(0x0000000020010000,0x0000000020110000)]
  0x000000001ba4d800 JavaThread "Cache worker for cache directory md-supplier (C:\Users\Danielle\.gradle\caches\6.1.1\md-supplier)" [_thread_blocked, id=7704, stack(0x000000001ff10000,0x0000000020010000)]
  0x000000001ba51800 JavaThread "Cache worker for file hash cache (C:\Users\Danielle\AndroidStudioProjects\movieOrganizer\.gradle\6.1.1\fileHashes)" [_thread_blocked, id=6416, stack(0x0000000020540000,0x0000000020640000)]
  0x000000001ba54800 JavaThread "Cache worker for checksums cache (C:\Users\Danielle\AndroidStudioProjects\movieOrganizer\.gradle\checksums)" [_thread_blocked, id=3056, stack(0x0000000020440000,0x0000000020540000)]
  0x000000001ba53800 JavaThread "Cache worker for file hash cache (C:\Users\Danielle\.gradle\caches\6.1.1\fileHashes)" [_thread_blocked, id=8088, stack(0x000000001da70000,0x000000001db70000)]
  0x000000001ba50800 JavaThread "File lock request listener" [_thread_in_native, id=880, stack(0x000000001d970000,0x000000001da70000)]
  0x000000001a6eb000 JavaThread "Cache worker for journal cache (C:\Users\Danielle\.gradle\caches\journal-1)" [_thread_blocked, id=5232, stack(0x000000001d870000,0x000000001d970000)]
  0x0000000019eb8800 JavaThread "Thread-9" [_thread_blocked, id=3396, stack(0x000000001d570000,0x000000001d670000)]
  0x0000000019eb6000 JavaThread "Stdin handler" [_thread_blocked, id=10672, stack(0x000000001d470000,0x000000001d570000)]
  0x0000000019a36000 JavaThread "Asynchronous log dispatcher for DefaultDaemonConnection: socket connection from /127.0.0.1:50444 to /127.0.0.1:50445" [_thread_blocked, id=6548, stack(0x000000001d370000,0x000000001d470000)]
  0x0000000019ebe000 JavaThread "Daemon worker" [_thread_in_vm, id=10896, stack(0x000000001d270000,0x000000001d370000)]
  0x0000000019d4d000 JavaThread "Cancel handler" [_thread_blocked, id=5200, stack(0x000000001d170000,0x000000001d270000)]
  0x0000000019cef000 JavaThread "Handler for socket connection from /127.0.0.1:50444 to /127.0.0.1:50445" [_thread_in_native, id=3080, stack(0x000000001ce70000,0x000000001cf70000)]
  0x00000000196fb800 JavaThread "Daemon" [_thread_blocked, id=1860, stack(0x000000001cd70000,0x000000001ce70000)]
  0x00000000196e5800 JavaThread "Daemon periodic checks" [_thread_blocked, id=9192, stack(0x000000001cc70000,0x000000001cd70000)]
  0x0000000019a0e800 JavaThread "Incoming local TCP Connector on port 50444" [_thread_in_native, id=4500, stack(0x000000001ca30000,0x000000001cb30000)]
  0x000000001970b000 JavaThread "Daemon health stats" [_thread_blocked, id=11152, stack(0x000000001c3f0000,0x000000001c4f0000)]
  0x000000001967d000 JavaThread "Service Thread" daemon [_thread_blocked, id=7292, stack(0x0000000019a50000,0x0000000019b50000)]
  0x0000000017d08800 JavaThread "C1 CompilerThread2" daemon [_thread_in_native, id=11032, stack(0x0000000019550000,0x0000000019650000)]
  0x0000000017d04800 JavaThread "C2 CompilerThread1" daemon [_thread_in_native, id=4636, stack(0x0000000019450000,0x0000000019550000)]
=>0x0000000017cf7000 JavaThread "C2 CompilerThread0" daemon [_thread_in_native, id=10760, stack(0x0000000019350000,0x0000000019450000)]
  0x0000000017cf4000 JavaThread "Attach Listener" daemon [_thread_blocked, id=11056, stack(0x0000000019250000,0x0000000019350000)]
  0x0000000017cf1000 JavaThread "Signal Dispatcher" daemon [_thread_blocked, id=872, stack(0x0000000019150000,0x0000000019250000)]
  0x00000000030cb000 JavaThread "Finalizer" daemon [_thread_blocked, id=140, stack(0x0000000018f50000,0x0000000019050000)]
  0x0000000017cd9000 JavaThread "Reference Handler" daemon [_thread_blocked, id=8272, stack(0x0000000018e50000,0x0000000018f50000)]
  0x0000000002f4e000 JavaThread "main" [_thread_blocked, id=3532, stack(0x0000000002e30000,0x0000000002f30000)]

Other Threads:
  0x0000000017cb6000 VMThread [stack: 0x0000000018d50000,0x0000000018e50000] [id=7596]
  0x000000001967d800 WatcherThread [stack: 0x0000000019b50000,0x0000000019c50000] [id=1804]

VM state:not at safepoint (normal execution)

VM Mutex/Monitor currently owned by a thread: None

heap address: 0x0000000080000000, size: 2048 MB, Compressed Oops mode: 32-bit
Narrow klass base: 0x0000000000000000, Narrow klass shift: 3
Compressed class space size: 1073741824 Address: 0x0000000100000000

Heap:
 PSYoungGen      total 138240K, used 58241K [0x00000000d5580000, 0x00000000e0a80000, 0x0000000100000000)
  eden space 128512K, 38% used [0x00000000d5580000,0x00000000d85541f8,0x00000000dd300000)
  from space 9728K, 95% used [0x00000000e0100000,0x00000000e0a0c588,0x00000000e0a80000)
  to   space 12288K, 0% used [0x00000000df280000,0x00000000df280000,0x00000000dfe80000)
 ParOldGen       total 71168K, used 9412K [0x0000000080000000, 0x0000000084580000, 0x00000000d5580000)
  object space 71168K, 13% used [0x0000000080000000,0x0000000080931200,0x0000000084580000)
 Metaspace       used 32095K, capacity 32998K, committed 33072K, reserved 1077248K
  class space    used 4349K, capacity 4624K, committed 4656K, reserved 1048576K

Card table byte_map: [0x0000000012490000,0x00000000128a0000] byte_map_base: 0x0000000012090000

Marking Bits: (ParMarkBitMap*) 0x00000000531df030
 Begin Bits: [0x0000000012f50000, 0x0000000014f50000)
 End Bits:   [0x0000000014f50000, 0x0000000016f50000)

Polling page: 0x0000000000df0000

CodeCache: size=245760Kb used=10070Kb max_used=10070Kb free=235689Kb
 bounds [0x00000000030d0000, 0x0000000003ab0000, 0x00000000120d0000]
 total_blobs=3312 nmethods=2626 adapters=599
 compilation: enabled

Compilation events (10 events):
Event: 5.052 Thread 0x0000000017d08800 2627       3       java.net.URI::appendAuthority (278 bytes)
Event: 5.057 Thread 0x0000000017d08800 nmethod 2627 0x0000000003a9f390 code [0x0000000003a9f880, 0x0000000003aa3da8]
Event: 5.063 Thread 0x0000000017d08800 2628       3       java.util.Arrays$ArrayList::toArray (11 bytes)
Event: 5.064 Thread 0x0000000017d08800 nmethod 2628 0x0000000003aa6450 code [0x0000000003aa65c0, 0x0000000003aa68c8]
Event: 5.064 Thread 0x0000000017d08800 2630       1       org.codehaus.groovy.runtime.metaclass.NewStaticMetaMethod::getModifiers (3 bytes)
Event: 5.064 Thread 0x0000000017d08800 nmethod 2630 0x0000000003aa6990 code [0x0000000003aa6ae0, 0x0000000003aa6bf0]
Event: 5.067 Thread 0x0000000017d08800 2631       3       org.codehaus.groovy.reflection.CachedClass::getMethods (11 bytes)
Event: 5.067 Thread 0x0000000017d08800 nmethod 2631 0x0000000003aa6c50 code [0x0000000003aa6dc0, 0x0000000003aa70c8]
Event: 5.073 Thread 0x0000000017d08800 2632       3       sun.misc.JarIndex::addMapping (21 bytes)
Event: 5.073 Thread 0x0000000017d08800 nmethod 2632 0x0000000003aa7190 code [0x0000000003aa7300, 0x0000000003aa74f8]

GC Heap History (10 events):
Event: 2.346 GC heap before
{Heap before GC invocations=3 (full 0):
 PSYoungGen      total 47616K, used 45473K [0x00000000d5580000, 0x00000000db280000, 0x0000000100000000)
  eden space 40960K, 100% used [0x00000000d5580000,0x00000000d7d80000,0x00000000d7d80000)
  from space 6656K, 67% used [0x00000000d8400000,0x00000000d8868578,0x00000000d8a80000)
  to   space 6656K, 0% used [0x00000000d7d80000,0x00000000d7d80000,0x00000000d8400000)
 ParOldGen       total 109568K, used 16K [0x0000000080000000, 0x0000000086b00000, 0x00000000d5580000)
  object space 109568K, 0% used [0x0000000080000000,0x0000000080004000,0x0000000086b00000)
 Metaspace       used 13881K, capacity 14282K, committed 14336K, reserved 1060864K
  class space    used 1902K, capacity 2047K, committed 2048K, reserved 1048576K
Event: 2.355 GC heap after
Heap after GC invocations=3 (full 0):
 PSYoungGen      total 47616K, used 6624K [0x00000000d5580000, 0x00000000db280000, 0x0000000100000000)
  eden space 40960K, 0% used [0x00000000d5580000,0x00000000d5580000,0x00000000d7d80000)
  from space 6656K, 99% used [0x00000000d7d80000,0x00000000d83f8348,0x00000000d8400000)
  to   space 6656K, 0% used [0x00000000dac00000,0x00000000dac00000,0x00000000db280000)
 ParOldGen       total 109568K, used 1224K [0x0000000080000000, 0x0000000086b00000, 0x00000000d5580000)
  object space 109568K, 1% used [0x0000000080000000,0x0000000080132078,0x0000000086b00000)
 Metaspace       used 13881K, capacity 14282K, committed 14336K, reserved 1060864K
  class space    used 1902K, capacity 2047K, committed 2048K, reserved 1048576K
}
Event: 2.862 GC heap before
{Heap before GC invocations=4 (full 0):
 PSYoungGen      total 47616K, used 47584K [0x00000000d5580000, 0x00000000db280000, 0x0000000100000000)
  eden space 40960K, 100% used [0x00000000d5580000,0x00000000d7d80000,0x00000000d7d80000)
  from space 6656K, 99% used [0x00000000d7d80000,0x00000000d83f8348,0x00000000d8400000)
  to   space 6656K, 0% used [0x00000000dac00000,0x00000000dac00000,0x00000000db280000)
 ParOldGen       total 109568K, used 1224K [0x0000000080000000, 0x0000000086b00000, 0x00000000d5580000)
  object space 109568K, 1% used [0x0000000080000000,0x0000000080132078,0x0000000086b00000)
 Metaspace       used 17879K, capacity 18426K, committed 18560K, reserved 1064960K
  class space    used 2439K, capacity 2635K, committed 2688K, reserved 1048576K
Event: 2.879 GC heap after
Heap after GC invocations=4 (full 0):
 PSYoungGen      total 88576K, used 6636K [0x00000000d5580000, 0x00000000db280000, 0x0000000100000000)
  eden space 81920K, 0% used [0x00000000d5580000,0x00000000d5580000,0x00000000da580000)
  from space 6656K, 99% used [0x00000000dac00000,0x00000000db27b008,0x00000000db280000)
  to   space 6656K, 0% used [0x00000000da580000,0x00000000da580000,0x00000000dac00000)
 ParOldGen       total 109568K, used 3674K [0x0000000080000000, 0x0000000086b00000, 0x00000000d5580000)
  object space 109568K, 3% used [0x0000000080000000,0x0000000080396900,0x0000000086b00000)
 Metaspace       used 17879K, capacity 18426K, committed 18560K, reserved 1064960K
  class space    used 2439K, capacity 2635K, committed 2688K, reserved 1048576K
}
Event: 3.443 GC heap before
{Heap before GC invocations=5 (full 0):
 PSYoungGen      total 88576K, used 44259K [0x00000000d5580000, 0x00000000db280000, 0x0000000100000000)
  eden space 81920K, 45% used [0x00000000d5580000,0x00000000d7a3dfa8,0x00000000da580000)
  from space 6656K, 99% used [0x00000000dac00000,0x00000000db27b008,0x00000000db280000)
  to   space 6656K, 0% used [0x00000000da580000,0x00000000da580000,0x00000000dac00000)
 ParOldGen       total 109568K, used 3674K [0x0000000080000000, 0x0000000086b00000, 0x00000000d5580000)
  object space 109568K, 3% used [0x0000000080000000,0x0000000080396900,0x0000000086b00000)
 Metaspace       used 20566K, capacity 21218K, committed 21296K, reserved 1067008K
  class space    used 2885K, capacity 3093K, committed 3120K, reserved 1048576K
Event: 3.460 GC heap after
Heap after GC invocations=5 (full 0):
 PSYoungGen      total 88576K, used 6644K [0x00000000d5580000, 0x00000000e0c80000, 0x0000000100000000)
  eden space 81920K, 0% used [0x00000000d5580000,0x00000000d5580000,0x00000000da580000)
  from space 6656K, 99% used [0x00000000da580000,0x00000000dabfd040,0x00000000dac00000)
  to   space 11776K, 0% used [0x00000000e0100000,0x00000000e0100000,0x00000000e0c80000)
 ParOldGen       total 109568K, used 6615K [0x0000000080000000, 0x0000000086b00000, 0x00000000d5580000)
  object space 109568K, 6% used [0x0000000080000000,0x0000000080675ef0,0x0000000086b00000)
 Metaspace       used 20566K, capacity 21218K, committed 21296K, reserved 1067008K
  class space    used 2885K, capacity 3093K, committed 3120K, reserved 1048576K
}
Event: 3.460 GC heap before
{Heap before GC invocations=6 (full 1):
 PSYoungGen      total 88576K, used 6644K [0x00000000d5580000, 0x00000000e0c80000, 0x0000000100000000)
  eden space 81920K, 0% used [0x00000000d5580000,0x00000000d5580000,0x00000000da580000)
  from space 6656K, 99% used [0x00000000da580000,0x00000000dabfd040,0x00000000dac00000)
  to   space 11776K, 0% used [0x00000000e0100000,0x00000000e0100000,0x00000000e0c80000)
 ParOldGen       total 109568K, used 6615K [0x0000000080000000, 0x0000000086b00000, 0x00000000d5580000)
  object space 109568K, 6% used [0x0000000080000000,0x0000000080675ef0,0x0000000086b00000)
 Metaspace       used 20566K, capacity 21218K, committed 21296K, reserved 1067008K
  class space    used 2885K, capacity 3093K, committed 3120K, reserved 1048576K
Event: 3.506 GC heap after
Heap after GC invocations=6 (full 1):
 PSYoungGen      total 88576K, used 0K [0x00000000d5580000, 0x00000000e0c80000, 0x0000000100000000)
  eden space 81920K, 0% used [0x00000000d5580000,0x00000000d5580000,0x00000000da580000)
  from space 6656K, 0% used [0x00000000da580000,0x00000000da580000,0x00000000dac00000)
  to   space 11776K, 0% used [0x00000000e0100000,0x00000000e0100000,0x00000000e0c80000)
 ParOldGen       total 71168K, used 9404K [0x0000000080000000, 0x0000000084580000, 0x00000000d5580000)
  object space 71168K, 13% used [0x0000000080000000,0x000000008092f200,0x0000000084580000)
 Metaspace       used 20566K, capacity 21218K, committed 21296K, reserved 1067008K
  class space    used 2885K, capacity 3093K, committed 3120K, reserved 1048576K
}
Event: 4.543 GC heap before
{Heap before GC invocations=7 (full 1):
 PSYoungGen      total 88576K, used 81920K [0x00000000d5580000, 0x00000000e0c80000, 0x0000000100000000)
  eden space 81920K, 100% used [0x00000000d5580000,0x00000000da580000,0x00000000da580000)
  from space 6656K, 0% used [0x00000000da580000,0x00000000da580000,0x00000000dac00000)
  to   space 11776K, 0% used [0x00000000e0100000,0x00000000e0100000,0x00000000e0c80000)
 ParOldGen       total 71168K, used 9404K [0x0000000080000000, 0x0000000084580000, 0x00000000d5580000)
  object space 71168K, 13% used [0x0000000080000000,0x000000008092f200,0x0000000084580000)
 Metaspace       used 29862K, capacity 30630K, committed 30896K, reserved 1075200K
  class space    used 4006K, capacity 4240K, committed 4272K, reserved 1048576K
Event: 4.554 GC heap after
Heap after GC invocations=7 (full 1):
 PSYoungGen      total 138240K, used 9265K [0x00000000d5580000, 0x00000000e0a80000, 0x0000000100000000)
  eden space 128512K, 0% used [0x00000000d5580000,0x00000000d5580000,0x00000000dd300000)
  from space 9728K, 95% used [0x00000000e0100000,0x00000000e0a0c588,0x00000000e0a80000)
  to   space 12288K, 0% used [0x00000000df280000,0x00000000df280000,0x00000000dfe80000)
 ParOldGen       total 71168K, used 9412K [0x0000000080000000, 0x0000000084580000, 0x00000000d5580000)
  object space 71168K, 13% used [0x0000000080000000,0x0000000080931200,0x0000000084580000)
 Metaspace       used 29862K, capacity 30630K, committed 30896K, reserved 1075200K
  class space    used 4006K, capacity 4240K, committed 4272K, reserved 1048576K
}

Deoptimization events (10 events):
Event: 3.667 Thread 0x0000000019ebe000 Uncommon trap: reason=unstable_if action=reinterpret pc=0x0000000003401eb0 method=java.util.LinkedHashMap.afterNodeInsertion(Z)V @ 1
Event: 3.991 Thread 0x0000000019ebe000 Uncommon trap: reason=class_check action=maybe_recompile pc=0x0000000003357c3c method=sun.misc.URLClassPath.getLoader(I)Lsun/misc/URLClassPath$Loader; @ 94
Event: 3.991 Thread 0x0000000019ebe000 Uncommon trap: reason=class_check action=maybe_recompile pc=0x000000000349e42c method=sun.misc.URLClassPath.getResource(Ljava/lang/String;Z)Lsun/misc/Resource; @ 62
Event: 3.991 Thread 0x0000000019ebe000 Uncommon trap: reason=unstable_if action=reinterpret pc=0x00000000037f04a0 method=java.lang.String.regionMatches(ZILjava/lang/String;II)Z @ 41
Event: 3.993 Thread 0x0000000019ebe000 Uncommon trap: reason=unstable_if action=reinterpret pc=0x00000000036f914c method=java.lang.ClassLoader.getClassLoadingLock(Ljava/lang/String;)Ljava/lang/Object; @ 6
Event: 4.027 Thread 0x0000000019ebe000 Uncommon trap: reason=bimorphic action=maybe_recompile pc=0x00000000036d8f50 method=java.io.BufferedInputStream.read([BII)I @ 101
Event: 4.028 Thread 0x0000000019ebe000 Uncommon trap: reason=bimorphic action=maybe_recompile pc=0x00000000036d8f50 method=java.io.BufferedInputStream.read([BII)I @ 101
Event: 4.028 Thread 0x0000000019ebe000 Uncommon trap: reason=bimorphic action=maybe_recompile pc=0x00000000036d8f50 method=java.io.BufferedInputStream.read([BII)I @ 101
Event: 4.029 Thread 0x0000000019ebe000 Uncommon trap: reason=bimorphic action=maybe_recompile pc=0x00000000036d8f50 method=java.io.BufferedInputStream.read([BII)I @ 101
Event: 4.336 Thread 0x0000000019ebe000 Uncommon trap: reason=unstable_if action=reinterpret pc=0x00000000035c6448 method=java.lang.String.regionMatches(ZILjava/lang/String;II)Z @ 41

Classes redefined (0 events):
No events

Internal exceptions (10 events):
Event: 4.979 Thread 0x0000000019ebe000 Exception <a 'java/lang/ClassNotFoundException': org/gradle/invocation/DefaultGradle_DecoratedBeanInfo> (0x00000000d7d67830) thrown at [C:\src\AOSP-openjdk-git\hotspot\src\share\vm\classfile\systemDictionary.cpp, line 210]
Event: 4.980 Thread 0x0000000019ebe000 Exception <a 'java/lang/ClassNotFoundException': org/gradle/invocation/DefaultGradleBeanInfo> (0x00000000d7d91458) thrown at [C:\src\AOSP-openjdk-git\hotspot\src\share\vm\classfile\systemDictionary.cpp, line 210]
Event: 4.981 Thread 0x0000000019ebe000 Exception <a 'java/lang/ClassNotFoundException': org/gradle/api/internal/project/AbstractPluginAwareBeanInfo> (0x00000000d7dc3fe0) thrown at [C:\src\AOSP-openjdk-git\hotspot\src\share\vm\classfile\systemDictionary.cpp, line 210]
Event: 4.982 Thread 0x0000000019ebe000 Exception <a 'java/lang/ClassNotFoundException': org/gradle/api/internal/project/AbstractPluginAwareCustomizer> (0x00000000d7df7670) thrown at [C:\src\AOSP-openjdk-git\hotspot\src\share\vm\classfile\systemDictionary.cpp, line 210]
Event: 4.984 Thread 0x0000000019ebe000 Exception <a 'java/lang/ClassNotFoundException': org/gradle/invocation/DefaultGradleCustomizer> (0x00000000d7e2b9f0) thrown at [C:\src\AOSP-openjdk-git\hotspot\src\share\vm\classfile\systemDictionary.cpp, line 210]
Event: 4.989 Thread 0x0000000019ebe000 Exception <a 'java/lang/ClassNotFoundException': org/gradle/invocation/DefaultGradle_DecoratedCustomizer> (0x00000000d7ea2628) thrown at [C:\src\AOSP-openjdk-git\hotspot\src\share\vm\classfile\systemDictionary.cpp, line 210]
Event: 5.009 Thread 0x0000000019ebe000 Exception <a 'java/lang/ClassNotFoundException': ijinit1_dn2xtfdg4693u5372c07thqynBeanInfo> (0x00000000d7faec08) thrown at [C:\src\AOSP-openjdk-git\hotspot\src\share\vm\classfile\systemDictionary.cpp, line 210]
Event: 5.009 Thread 0x0000000019ebe000 Exception <a 'java/lang/ClassNotFoundException': ijinit1_dn2xtfdg4693u5372c07thqynCustomizer> (0x00000000d7fbbe00) thrown at [C:\src\AOSP-openjdk-git\hotspot\src\share\vm\classfile\systemDictionary.cpp, line 210]
Event: 5.065 Thread 0x0000000019ebe000 Exception <a 'java/lang/ClassNotFoundException': ijinit1_dn2xtfdg4693u5372c07thqynBeanInfo> (0x00000000d80f4718) thrown at [C:\src\AOSP-openjdk-git\hotspot\src\share\vm\classfile\systemDictionary.cpp, line 210]
Event: 5.066 Thread 0x0000000019ebe000 Exception <a 'java/lang/ClassNotFoundException': ijinit1_dn2xtfdg4693u5372c07thqynCustomizer> (0x00000000d8101868) thrown at [C:\src\AOSP-openjdk-git\hotspot\src\share\vm\classfile\systemDictionary.cpp, line 210]

Events (10 events):
Event: 5.065 loading class ijinit1_dn2xtfdg4693u5372c07thqynBeanInfo
Event: 5.065 loading class ijinit1_dn2xtfdg4693u5372c07thqynBeanInfo done
Event: 5.065 loading class ijinit1_dn2xtfdg4693u5372c07thqynBeanInfo
Event: 5.065 loading class ijinit1_dn2xtfdg4693u5372c07thqynBeanInfo done
Event: 5.065 loading class ijinit1_dn2xtfdg4693u5372c07thqynCustomizer
Event: 5.065 loading class ijinit1_dn2xtfdg4693u5372c07thqynCustomizer done
Event: 5.066 loading class ijinit1_dn2xtfdg4693u5372c07thqynCustomizer
Event: 5.066 loading class ijinit1_dn2xtfdg4693u5372c07thqynCustomizer done
Event: 5.068 loading class JetGradlePlugin
Event: 5.068 loading class JetGradlePlugin done


Dynamic libraries:
0x00007ff74bfc0000 - 0x00007ff74bff1000 	C:\Program Files\Android\Android Studio\jre\bin\java.exe
0x00007ff94bd30000 - 0x00007ff94bf25000 	C:\Windows\SYSTEM32\ntdll.dll
0x00007ff94ba20000 - 0x00007ff94badd000 	C:\Windows\System32\KERNEL32.DLL
0x00007ff949500000 - 0x00007ff9497c7000 	C:\Windows\System32\KERNELBASE.dll
0x00007ff949f30000 - 0x00007ff949fda000 	C:\Windows\System32\ADVAPI32.dll
0x00007ff94a340000 - 0x00007ff94a3de000 	C:\Windows\System32\msvcrt.dll
0x00007ff94bbf0000 - 0x00007ff94bc8b000 	C:\Windows\System32\sechost.dll
0x00007ff94b810000 - 0x00007ff94b934000 	C:\Windows\System32\RPCRT4.dll
0x00007ff94a3f0000 - 0x00007ff94a590000 	C:\Windows\System32\USER32.dll
0x00007ff9497d0000 - 0x00007ff9497f2000 	C:\Windows\System32\win32u.dll
0x00007ff94a590000 - 0x00007ff94a5ba000 	C:\Windows\System32\GDI32.dll
0x00007ff949b00000 - 0x00007ff949c09000 	C:\Windows\System32\gdi32full.dll
0x00007ff949800000 - 0x00007ff94989d000 	C:\Windows\System32\msvcp_win.dll
0x00007ff9498a0000 - 0x00007ff9499a0000 	C:\Windows\System32\ucrtbase.dll
0x00007ff948890000 - 0x00007ff948b2b000 	C:\Windows\WinSxS\amd64_microsoft.windows.common-controls_6595b64144ccf1df_6.0.19041.488_none_ca04af081b815d21\COMCTL32.dll
0x00007ff94bae0000 - 0x00007ff94bb10000 	C:\Windows\System32\IMM32.DLL
0x0000000052850000 - 0x0000000052922000 	C:\Program Files\Android\Android Studio\jre\jre\bin\msvcr100.dll
0x0000000052a10000 - 0x000000005325b000 	C:\Program Files\Android\Android Studio\jre\jre\bin\server\jvm.dll
0x00007ff94a3e0000 - 0x00007ff94a3e8000 	C:\Windows\System32\PSAPI.DLL
0x00007ff93cdb0000 - 0x00007ff93cdd7000 	C:\Windows\SYSTEM32\WINMM.dll
0x00007ff93d100000 - 0x00007ff93d10a000 	C:\Windows\SYSTEM32\VERSION.dll
0x00007ff938580000 - 0x00007ff938589000 	C:\Windows\SYSTEM32\WSOCK32.dll
0x00007ff94ae60000 - 0x00007ff94aecb000 	C:\Windows\System32\WS2_32.dll
0x00007ff930200000 - 0x00007ff93020f000 	C:\Program Files\Android\Android Studio\jre\jre\bin\verify.dll
0x00007ff9301d0000 - 0x00007ff9301f9000 	C:\Program Files\Android\Android Studio\jre\jre\bin\java.dll
0x00007ff9301b0000 - 0x00007ff9301c6000 	C:\Program Files\Android\Android Studio\jre\jre\bin\zip.dll
0x00007ff94b0c0000 - 0x00007ff94b801000 	C:\Windows\System32\SHELL32.dll
0x00007ff946800000 - 0x00007ff946f93000 	C:\Windows\SYSTEM32\windows.storage.dll
0x00007ff949fe0000 - 0x00007ff94a335000 	C:\Windows\System32\combase.dll
0x00007ff9487f0000 - 0x00007ff94881c000 	C:\Windows\SYSTEM32\Wldp.dll
0x00007ff94b010000 - 0x00007ff94b0be000 	C:\Windows\System32\SHCORE.dll
0x00007ff949e70000 - 0x00007ff949ec5000 	C:\Windows\System32\shlwapi.dll
0x00007ff9493a0000 - 0x00007ff9493c6000 	C:\Windows\SYSTEM32\profapi.dll
0x00007ff92ff80000 - 0x00007ff92ff9a000 	C:\Program Files\Android\Android Studio\jre\jre\bin\net.dll
0x00007ff948570000 - 0x00007ff9485da000 	C:\Windows\system32\mswsock.dll
0x00007ff92fee0000 - 0x00007ff92fef3000 	C:\Program Files\Android\Android Studio\jre\jre\bin\nio.dll
0x00007ff930300000 - 0x00007ff930326000 	C:\Users\Danielle\.gradle\native\31\windows-amd64\native-platform.dll
0x00007ff92dec0000 - 0x00007ff92decd000 	C:\Program Files\Android\Android Studio\jre\jre\bin\management.dll
0x00007ff949120000 - 0x00007ff949138000 	C:\Windows\SYSTEM32\CRYPTSP.dll
0x00007ff947ec0000 - 0x00007ff947ef4000 	C:\Windows\system32\rsaenh.dll
0x00007ff949470000 - 0x00007ff949497000 	C:\Windows\System32\bcrypt.dll
0x00007ff949320000 - 0x00007ff94934e000 	C:\Windows\SYSTEM32\USERENV.dll
0x00007ff949c10000 - 0x00007ff949c8f000 	C:\Windows\System32\bcryptprimitives.dll
0x00007ff948740000 - 0x00007ff94874c000 	C:\Windows\SYSTEM32\CRYPTBASE.dll
0x00007ff948200000 - 0x00007ff94823b000 	C:\Windows\SYSTEM32\IPHLPAPI.DLL
0x00007ff949e60000 - 0x00007ff949e69000 	C:\Windows\System32\NSI.dll
0x00007ff93f450000 - 0x00007ff93f467000 	C:\Windows\SYSTEM32\dhcpcsvc6.DLL
0x00007ff940a60000 - 0x00007ff940a7d000 	C:\Windows\SYSTEM32\dhcpcsvc.DLL
0x00007ff948240000 - 0x00007ff94830b000 	C:\Windows\SYSTEM32\DNSAPI.dll
0x00007ff948ee0000 - 0x00007ff9490c4000 	C:\Windows\SYSTEM32\dbghelp.dll

VM Arguments:
jvm_args: -Xmx2048m -Dfile.encoding=windows-1252 -Duser.country=CA -Duser.language=en -Duser.variant 
java_command: org.gradle.launcher.daemon.bootstrap.GradleDaemon 6.1.1
java_class_path (initial): C:\Users\Danielle\.gradle\wrapper\dists\gradle-6.1.1-all\cfmwm155h49vnt3hynmlrsdst\gradle-6.1.1\lib\gradle-launcher-6.1.1.jar
Launcher Type: SUN_STANDARD

Environment Variables:
PATH=C:\Windows\system32;C:\Windows;C:\Windows\System32\Wbem;C:\Windows\System32\WindowsPowerShell\v1.0\;C:\Windows\System32\OpenSSH\;C:\Users\Danielle\AppData\Local\Microsoft\WindowsApps;C:\Users\Danielle\AppData\Local\Programs\Microsoft VS Code\bin;C:\Users\Danielle\AppData\Local\Programs\Git\cmd
USERNAME=Danielle
OS=Windows_NT
PROCESSOR_IDENTIFIER=Intel64 Family 6 Model 58 Stepping 9, GenuineIntel



---------------  S Y S T E M  ---------------

OS: Windows 10.0 , 64 bit Build 19041 (10.0.19041.292)

CPU:total 4 (initial active 4) (2 cores per cpu, 2 threads per core) family 6 model 58 stepping 9, cmov, cx8, fxsr, mmx, sse, sse2, sse3, ssse3, sse4.1, sse4.2, popcnt, avx, aes, clmul, erms, ht, tsc, tscinvbit, tscinv

Memory: 4k page, physical 10368572k(5643836k free), swap 12596796k(7332552k free)

vm_info: OpenJDK 64-Bit Server VM (25.242-b01) for windows-amd64 JRE (1.8.0_242-release-1644-b01), built by "builder" with MS VC++ 10.0 (VS2010)

time: Thu Sep 24 17:43:20 2020
timezone: Pacific Daylight Time
elapsed time: 5 seconds (0d 0h 0m 5s)

