#
# A fatal error has been detected by the Java Runtime Environment:
#
#  EXCEPTION_ACCESS_VIOLATION (0xc0000005) at pc=0x000000006ca645df, pid=8532, tid=0x0000000000000328
#
# JRE version: OpenJDK Runtime Environment (8.0_242-b01) (build 1.8.0_242-release-1644-b01)
# Java VM: OpenJDK 64-Bit Server VM (25.242-b01 mixed mode windows-amd64 compressed oops)
# Problematic frame:
# V  [jvm.dll+0xe45df]
#
# Failed to write core dump. Minidumps are not enabled by default on client versions of Windows
#
# If you would like to submit a bug report, please visit:
#   
#

---------------  T H R E A D  ---------------

Current thread (0x0000000017b5d000):  JavaThread "C2 CompilerThread1" daemon [_thread_in_vm, id=808, stack(0x00000000192c0000,0x00000000193c0000)]

siginfo: ExceptionCode=0xc0000005, reading address 0x000000001eea5080

Registers:
RAX=0x0000000000000006, RBX=0x000000001cea4a70, RCX=0x000000001eea5078, RDX=0x0000000002e38750
RSP=0x00000000193bcb88, RBP=0x0000000000000000, RSI=0x000000010011b100, RDI=0x00000000193bd001
R8 =0x0000000000000006, R9 =0x000000000000000d, R10=0x0000000000000000, R11=0x0000000002e38750
R12=0x0000000002e39760, R13=0x0000000002e38750, R14=0x0000000017b5d000, R15=0x000000001aac62a0
RIP=0x000000006ca645df, EFLAGS=0x0000000000010207

Top of Stack: (sp=0x00000000193bcb88)
0x00000000193bcb88:   000000006ca64670 000000001cea4a70
0x00000000193bcb98:   0000000100000ea8 0000000002e38750
0x00000000193bcba8:   0000000002e39760 00000000193be5d0
0x00000000193bcbb8:   0000000002dfa4b0 00000000193bd010
0x00000000193bcbc8:   000000006ca6b1c8 000000001cea4a70
0x00000000193bcbd8:   0000000000000002 000000010011b100
0x00000000193bcbe8:   000000006cf41c2c 0000000000000001
0x00000000193bcbf8:   0000000000000000 00000000193bd010
0x00000000193bcc08:   000000006c9f113e 0000000017b5d000
0x00000000193bcc18:   0000000000000000 0000000000000000
0x00000000193bcc28:   0000000000000000 0000000000000000
0x00000000193bcc38:   0000000002e38750 0000000002dfa4b0
0x00000000193bcc48:   00000000193bce30 0000000017b5d000
0x00000000193bcc58:   0000000000000000 0000000002e39760
0x00000000193bcc68:   000000006ca1b6f8 0000000000000000
0x00000000193bcc78:   0000000100000ea8 0000000000000000 

Instructions: (pc=0x000000006ca645df)
0x000000006ca645bf:   ff c9 48 8b d9 78 4c 66 66 0f 1f 84 00 00 00 00
0x000000006ca645cf:   00 47 8d 04 11 41 d1 f8 49 63 c0 48 8b 4c c3 08
0x000000006ca645df:   48 8b 41 08 0f b7 48 22 48 8b 40 08 48 8b 54 c8
0x000000006ca645ef:   50 49 3b d3 72 14 33 c0 49 3b d3 0f 95 c0 85 c0 


Register to memory mapping:

RAX=0x0000000000000006 is an unknown value
RBX=0x000000001cea4a70 is pointing into metadata
RCX=0x000000001eea5078 is an unknown value
RDX=0x0000000002e38750 is an unknown value
RSP=0x00000000193bcb88 is pointing into the stack for thread: 0x0000000017b5d000
RBP=0x0000000000000000 is an unknown value
RSI=0x000000010011b100 is pointing into metadata
RDI=0x00000000193bd001 is pointing into the stack for thread: 0x0000000017b5d000
R8 =0x0000000000000006 is an unknown value
R9 =0x000000000000000d is an unknown value
R10=0x0000000000000000 is an unknown value
R11=0x0000000002e38750 is an unknown value
R12=0x0000000002e39760 is an unknown value
R13=0x0000000002e38750 is an unknown value
R14=0x0000000017b5d000 is a thread
R15=0x000000001aac62a0 is an unknown value


Stack: [0x00000000192c0000,0x00000000193c0000],  sp=0x00000000193bcb88,  free space=1010k
Native frames: (J=compiled Java code, j=interpreted, Vv=VM code, C=native code)


Current CompileTask:
C2:   2098 1340       4       java.util.HashMap::get (23 bytes)


---------------  P R O C E S S  ---------------

Java Threads: ( => current thread )
  0x0000000019dee800 JavaThread "Thread-9" [_thread_blocked, id=3660, stack(0x000000001d400000,0x000000001d500000)]
  0x0000000019b97000 JavaThread "Stdin handler" [_thread_blocked, id=8272, stack(0x000000001d300000,0x000000001d400000)]
  0x0000000019b98000 JavaThread "Asynchronous log dispatcher for DefaultDaemonConnection: socket connection from /127.0.0.1:50011 to /127.0.0.1:50012" [_thread_blocked, id=11832, stack(0x000000001d200000,0x000000001d300000)]
  0x0000000019d4b800 JavaThread "Daemon worker" [_thread_blocked, id=7388, stack(0x000000001d100000,0x000000001d200000)]
  0x0000000019d4a800 JavaThread "Cancel handler" [_thread_blocked, id=4524, stack(0x000000001d000000,0x000000001d100000)]
  0x0000000019581000 JavaThread "Handler for socket connection from /127.0.0.1:50011 to /127.0.0.1:50012" [_thread_in_native, id=9056, stack(0x000000001cd00000,0x000000001ce00000)]
  0x0000000019b44000 JavaThread "Daemon" [_thread_blocked, id=2560, stack(0x000000001cc00000,0x000000001cd00000)]
  0x0000000019b43800 JavaThread "Daemon periodic checks" [_thread_blocked, id=12500, stack(0x000000001cb00000,0x000000001cc00000)]
  0x0000000019daa800 JavaThread "Incoming local TCP Connector on port 50011" [_thread_in_native, id=2840, stack(0x000000001c8c0000,0x000000001c9c0000)]
  0x0000000019b35000 JavaThread "Daemon health stats" [_thread_blocked, id=6868, stack(0x000000001c280000,0x000000001c380000)]
  0x00000000194f0800 JavaThread "Service Thread" daemon [_thread_blocked, id=8036, stack(0x00000000198c0000,0x00000000199c0000)]
  0x0000000017b6a000 JavaThread "C1 CompilerThread2" daemon [_thread_blocked, id=5908, stack(0x00000000193c0000,0x00000000194c0000)]
=>0x0000000017b5d000 JavaThread "C2 CompilerThread1" daemon [_thread_in_vm, id=808, stack(0x00000000192c0000,0x00000000193c0000)]
  0x0000000017b58000 JavaThread "C2 CompilerThread0" daemon [_thread_blocked, id=8432, stack(0x00000000191c0000,0x00000000192c0000)]
  0x0000000017b56800 JavaThread "Attach Listener" daemon [_thread_blocked, id=6756, stack(0x00000000190c0000,0x00000000191c0000)]
  0x0000000017b55800 JavaThread "Signal Dispatcher" daemon [_thread_blocked, id=2756, stack(0x0000000018fc0000,0x00000000190c0000)]
  0x0000000002eeb000 JavaThread "Finalizer" daemon [_thread_blocked, id=6728, stack(0x0000000018db0000,0x0000000018eb0000)]
  0x0000000017b39000 JavaThread "Reference Handler" daemon [_thread_blocked, id=360, stack(0x0000000018cb0000,0x0000000018db0000)]
  0x0000000002cde000 JavaThread "main" [_thread_blocked, id=7456, stack(0x0000000002cf0000,0x0000000002df0000)]

Other Threads:
  0x0000000017b16000 VMThread [stack: 0x0000000018bb0000,0x0000000018cb0000] [id=4856]
  0x0000000017bad000 WatcherThread [stack: 0x00000000199c0000,0x0000000019ac0000] [id=3756]

VM state:not at safepoint (normal execution)

VM Mutex/Monitor currently owned by a thread:  ([mutex/lock_event])
[0x0000000002df0ad0] Compile_lock - owner thread: 0x0000000017b5d000
[0x0000000002df0cd0] MethodCompileQueue_lock - owner thread: 0x0000000017b58000

heap address: 0x0000000080000000, size: 2048 MB, Compressed Oops mode: 32-bit
Narrow klass base: 0x0000000000000000, Narrow klass shift: 3
Compressed class space size: 1073741824 Address: 0x0000000100000000

Heap:
 PSYoungGen      total 47616K, used 27891K [0x00000000d5580000, 0x00000000db280000, 0x0000000100000000)
  eden space 40960K, 57% used [0x00000000d5580000,0x00000000d6c5c898,0x00000000d7d80000)
  from space 6656K, 67% used [0x00000000d8400000,0x00000000d8860578,0x00000000d8a80000)
  to   space 6656K, 0% used [0x00000000d7d80000,0x00000000d7d80000,0x00000000d8400000)
 ParOldGen       total 109568K, used 16K [0x0000000080000000, 0x0000000086b00000, 0x00000000d5580000)
  object space 109568K, 0% used [0x0000000080000000,0x0000000080004000,0x0000000086b00000)
 Metaspace       used 12458K, capacity 12864K, committed 13184K, reserved 1060864K
  class space    used 1685K, capacity 1842K, committed 1920K, reserved 1048576K

Card table byte_map: [0x00000000122c0000,0x00000000126d0000] byte_map_base: 0x0000000011ec0000

Marking Bits: (ParMarkBitMap*) 0x000000006d14f030
 Begin Bits: [0x0000000012d80000, 0x0000000014d80000)
 End Bits:   [0x0000000014d80000, 0x0000000016d80000)

Polling page: 0x0000000002cb0000

CodeCache: size=245760Kb used=4923Kb max_used=4923Kb free=240836Kb
 bounds [0x0000000002f00000, 0x00000000033e0000, 0x0000000011f00000]
 total_blobs=1713 nmethods=1336 adapters=288
 compilation: enabled

Compilation events (10 events):
Event: 2.073 Thread 0x0000000017b6a000 1335       3       java.lang.invoke.MethodType::<init> (40 bytes)
Event: 2.074 Thread 0x0000000017b6a000 nmethod 1335 0x00000000033cce50 code [0x00000000033cd000, 0x00000000033cd668]
Event: 2.074 Thread 0x0000000017b6a000 1336       3       java.lang.invoke.MethodTypeForm::canonicalize (64 bytes)
Event: 2.074 Thread 0x0000000017b6a000 nmethod 1336 0x00000000033cd910 code [0x00000000033cdaa0, 0x00000000033cdee8]
Event: 2.077 Thread 0x0000000017b6a000 1337       1       org.gradle.initialization.DefaultLegacyTypesSupport::getClassesToMixInGroovyObject (5 bytes)
Event: 2.078 Thread 0x0000000017b6a000 nmethod 1337 0x00000000033a2210 code [0x00000000033a2360, 0x00000000033a2470]
Event: 2.078 Thread 0x0000000017b6a000 1338       1       org.gradle.initialization.DefaultLegacyTypesSupport::getSyntheticClasses (5 bytes)
Event: 2.078 Thread 0x0000000017b6a000 nmethod 1338 0x00000000033ce010 code [0x00000000033ce160, 0x00000000033ce270]
Event: 2.089 Thread 0x0000000017b58000 1339       4       java.util.concurrent.ConcurrentHashMap::addCount (292 bytes)
Event: 2.090 Thread 0x0000000017b5d000 1340       4       java.util.HashMap::get (23 bytes)

GC Heap History (4 events):
Event: 1.024 GC heap before
{Heap before GC invocations=1 (full 0):
 PSYoungGen      total 47616K, used 40960K [0x00000000d5580000, 0x00000000d8a80000, 0x0000000100000000)
  eden space 40960K, 100% used [0x00000000d5580000,0x00000000d7d80000,0x00000000d7d80000)
  from space 6656K, 0% used [0x00000000d8400000,0x00000000d8400000,0x00000000d8a80000)
  to   space 6656K, 0% used [0x00000000d7d80000,0x00000000d7d80000,0x00000000d8400000)
 ParOldGen       total 109568K, used 0K [0x0000000080000000, 0x0000000086b00000, 0x00000000d5580000)
  object space 109568K, 0% used [0x0000000080000000,0x0000000080000000,0x0000000086b00000)
 Metaspace       used 7520K, capacity 7760K, committed 8064K, reserved 1056768K
  class space    used 922K, capacity 1032K, committed 1152K, reserved 1048576K
Event: 1.031 GC heap after
Heap after GC invocations=1 (full 0):
 PSYoungGen      total 47616K, used 4597K [0x00000000d5580000, 0x00000000d8a80000, 0x0000000100000000)
  eden space 40960K, 0% used [0x00000000d5580000,0x00000000d5580000,0x00000000d7d80000)
  from space 6656K, 69% used [0x00000000d7d80000,0x00000000d81fd618,0x00000000d8400000)
  to   space 6656K, 0% used [0x00000000d8400000,0x00000000d8400000,0x00000000d8a80000)
 ParOldGen       total 109568K, used 8K [0x0000000080000000, 0x0000000086b00000, 0x00000000d5580000)
  object space 109568K, 0% used [0x0000000080000000,0x0000000080002000,0x0000000086b00000)
 Metaspace       used 7520K, capacity 7760K, committed 8064K, reserved 1056768K
  class space    used 922K, capacity 1032K, committed 1152K, reserved 1048576K
}
Event: 1.358 GC heap before
{Heap before GC invocations=2 (full 0):
 PSYoungGen      total 47616K, used 45557K [0x00000000d5580000, 0x00000000d8a80000, 0x0000000100000000)
  eden space 40960K, 100% used [0x00000000d5580000,0x00000000d7d80000,0x00000000d7d80000)
  from space 6656K, 69% used [0x00000000d7d80000,0x00000000d81fd618,0x00000000d8400000)
  to   space 6656K, 0% used [0x00000000d8400000,0x00000000d8400000,0x00000000d8a80000)
 ParOldGen       total 109568K, used 8K [0x0000000080000000, 0x0000000086b00000, 0x00000000d5580000)
  object space 109568K, 0% used [0x0000000080000000,0x0000000080002000,0x0000000086b00000)
 Metaspace       used 8547K, capacity 8776K, committed 8960K, reserved 1056768K
  class space    used 1101K, capacity 1200K, committed 1280K, reserved 1048576K
Event: 1.364 GC heap after
Heap after GC invocations=2 (full 0):
 PSYoungGen      total 47616K, used 4481K [0x00000000d5580000, 0x00000000db280000, 0x0000000100000000)
  eden space 40960K, 0% used [0x00000000d5580000,0x00000000d5580000,0x00000000d7d80000)
  from space 6656K, 67% used [0x00000000d8400000,0x00000000d8860578,0x00000000d8a80000)
  to   space 6656K, 0% used [0x00000000d7d80000,0x00000000d7d80000,0x00000000d8400000)
 ParOldGen       total 109568K, used 16K [0x0000000080000000, 0x0000000086b00000, 0x00000000d5580000)
  object space 109568K, 0% used [0x0000000080000000,0x0000000080004000,0x0000000086b00000)
 Metaspace       used 8547K, capacity 8776K, committed 8960K, reserved 1056768K
  class space    used 1101K, capacity 1200K, committed 1280K, reserved 1048576K
}

Deoptimization events (10 events):
Event: 1.225 Thread 0x0000000002cde000 Uncommon trap: reason=class_check action=maybe_recompile pc=0x000000000323723c method=java.util.HashMap.putVal(ILjava/lang/Object;Ljava/lang/Object;ZZ)Ljava/lang/Object; @ 203
Event: 1.331 Thread 0x0000000002cde000 Uncommon trap: reason=class_check action=maybe_recompile pc=0x0000000003247658 method=java.util.regex.Matcher.match(II)Z @ 86
Event: 1.436 Thread 0x0000000002cde000 Uncommon trap: reason=unstable_if action=reinterpret pc=0x0000000003179f7c method=java.util.HashMap.getNode(ILjava/lang/Object;)Ljava/util/HashMap$Node; @ 129
Event: 1.436 Thread 0x0000000002cde000 Uncommon trap: reason=class_check action=maybe_recompile pc=0x00000000031c1328 method=java.util.HashMap.putVal(ILjava/lang/Object;Ljava/lang/Object;ZZ)Ljava/lang/Object; @ 203
Event: 1.649 Thread 0x0000000002cde000 Uncommon trap: reason=unstable_if action=reinterpret pc=0x000000000322e510 method=java.io.WinNTFileSystem.normalize(Ljava/lang/String;)Ljava/lang/String; @ 128
Event: 1.963 Thread 0x0000000019581000 Uncommon trap: reason=unstable_if action=reinterpret pc=0x000000000330d5dc method=java.util.concurrent.ConcurrentHashMap.putVal(Ljava/lang/Object;Ljava/lang/Object;Z)Ljava/lang/Object; @ 206
Event: 2.016 Thread 0x0000000019d4b800 Uncommon trap: reason=bimorphic action=maybe_recompile pc=0x00000000031c11a4 method=java.util.HashMap.putVal(ILjava/lang/Object;Ljava/lang/Object;ZZ)Ljava/lang/Object; @ 253
Event: 2.016 Thread 0x0000000019d4b800 Uncommon trap: reason=bimorphic action=maybe_recompile pc=0x00000000031c11a4 method=java.util.HashMap.putVal(ILjava/lang/Object;Ljava/lang/Object;ZZ)Ljava/lang/Object; @ 253
Event: 2.016 Thread 0x0000000019d4b800 Uncommon trap: reason=bimorphic action=maybe_recompile pc=0x00000000031c11a4 method=java.util.HashMap.putVal(ILjava/lang/Object;Ljava/lang/Object;ZZ)Ljava/lang/Object; @ 253
Event: 2.016 Thread 0x0000000019d4b800 Uncommon trap: reason=bimorphic action=maybe_recompile pc=0x00000000031c11a4 method=java.util.HashMap.putVal(ILjava/lang/Object;Ljava/lang/Object;ZZ)Ljava/lang/Object; @ 253

Classes redefined (0 events):
No events

Internal exceptions (10 events):
Event: 0.655 Thread 0x0000000002cde000 Exception <a 'java/lang/ArrayIndexOutOfBoundsException'> (0x00000000d6b14098) thrown at [C:\src\AOSP-openjdk-git\hotspot\src\share\vm\runtime\sharedRuntime.cpp, line 605]
Event: 0.656 Thread 0x0000000002cde000 Exception <a 'java/lang/ArrayIndexOutOfBoundsException'> (0x00000000d6bec200) thrown at [C:\src\AOSP-openjdk-git\hotspot\src\share\vm\runtime\sharedRuntime.cpp, line 605]
Event: 1.931 Thread 0x0000000002cde000 Exception <a 'java/io/IOException'> (0x00000000d61c3a08) thrown at [C:\src\AOSP-openjdk-git\hotspot\src\share\vm\prims\jni.cpp, line 710]
Event: 1.963 Thread 0x0000000019581000 Exception <a 'java/lang/NoSuchMethodError': <clinit>> (0x00000000d63aea08) thrown at [C:\src\AOSP-openjdk-git\hotspot\src\share\vm\prims\jni.cpp, line 1615]
Event: 1.965 Thread 0x0000000019581000 Exception <a 'java/lang/NoSuchMethodError': <clinit>> (0x00000000d63b8110) thrown at [C:\src\AOSP-openjdk-git\hotspot\src\share\vm\prims\jni.cpp, line 1615]
Event: 1.967 Thread 0x0000000019581000 Exception <a 'java/lang/NoSuchMethodError': <clinit>> (0x00000000d63cca50) thrown at [C:\src\AOSP-openjdk-git\hotspot\src\share\vm\prims\jni.cpp, line 1615]
Event: 1.977 Thread 0x0000000019581000 Exception <a 'java/lang/NoSuchMethodError': <clinit>> (0x00000000d6424c50) thrown at [C:\src\AOSP-openjdk-git\hotspot\src\share\vm\prims\jni.cpp, line 1615]
Event: 1.985 Thread 0x0000000019581000 Exception <a 'java/lang/NoSuchMethodError': <clinit>> (0x00000000d645c6b8) thrown at [C:\src\AOSP-openjdk-git\hotspot\src\share\vm\prims\jni.cpp, line 1615]
Event: 1.989 Thread 0x0000000019581000 Exception <a 'java/lang/NoSuchMethodError': <clinit>> (0x00000000d64917d0) thrown at [C:\src\AOSP-openjdk-git\hotspot\src\share\vm\prims\jni.cpp, line 1615]
Event: 1.990 Thread 0x0000000019581000 Exception <a 'java/lang/NoSuchMethodError': <clinit>> (0x00000000d649ceb8) thrown at [C:\src\AOSP-openjdk-git\hotspot\src\share\vm\prims\jni.cpp, line 1615]

Events (10 events):
Event: 2.089 loading class org/gradle/internal/InternalBuildListener
Event: 2.089 loading class org/gradle/internal/InternalBuildListener done
Event: 2.089 loading class org/gradle/internal/InternalListener
Event: 2.089 loading class org/gradle/internal/InternalListener done
Event: 2.089 loading class org/gradle/BuildAdapter
Event: 2.089 loading class org/gradle/BuildAdapter done
Event: 2.090 loading class org/gradle/internal/operations/notify/BuildOperationNotificationBridge$3
Event: 2.090 loading class org/gradle/internal/operations/notify/BuildOperationNotificationBridge$3 done
Event: 2.090 loading class org/gradle/internal/operations/logging/LoggingBuildOperationProgressBroadcaster
Event: 2.090 loading class org/gradle/internal/operations/logging/LoggingBuildOperationProgressBroadcaster done


Dynamic libraries:
0x00007ff6fe4f0000 - 0x00007ff6fe521000 	C:\Program Files\Android\Android Studio\jre\bin\java.exe
0x00007ffa16170000 - 0x00007ffa16365000 	C:\Windows\SYSTEM32\ntdll.dll
0x00007ffa158d0000 - 0x00007ffa1598d000 	C:\Windows\System32\KERNEL32.DLL
0x00007ffa13ae0000 - 0x00007ffa13da7000 	C:\Windows\System32\KERNELBASE.dll
0x00007ffa15330000 - 0x00007ffa153da000 	C:\Windows\System32\ADVAPI32.dll
0x00007ffa143e0000 - 0x00007ffa1447e000 	C:\Windows\System32\msvcrt.dll
0x00007ffa155a0000 - 0x00007ffa1563b000 	C:\Windows\System32\sechost.dll
0x00007ffa153e0000 - 0x00007ffa15504000 	C:\Windows\System32\RPCRT4.dll
0x00007ffa159f0000 - 0x00007ffa15b90000 	C:\Windows\System32\USER32.dll
0x00007ffa139b0000 - 0x00007ffa139d2000 	C:\Windows\System32\win32u.dll
0x00007ffa15cf0000 - 0x00007ffa15d1a000 	C:\Windows\System32\GDI32.dll
0x00007ffa14020000 - 0x00007ffa14129000 	C:\Windows\System32\gdi32full.dll
0x00007ffa14130000 - 0x00007ffa141cd000 	C:\Windows\System32\msvcp_win.dll
0x00007ffa139e0000 - 0x00007ffa13ae0000 	C:\Windows\System32\ucrtbase.dll
0x00007ffa12cd0000 - 0x00007ffa12f6b000 	C:\Windows\WinSxS\amd64_microsoft.windows.common-controls_6595b64144ccf1df_6.0.19041.488_none_ca04af081b815d21\COMCTL32.dll
0x00007ffa158a0000 - 0x00007ffa158d0000 	C:\Windows\System32\IMM32.DLL
0x000000006c7c0000 - 0x000000006c892000 	C:\Program Files\Android\Android Studio\jre\jre\bin\msvcr100.dll
0x000000006c980000 - 0x000000006d1cb000 	C:\Program Files\Android\Android Studio\jre\jre\bin\server\jvm.dll
0x00007ffa15510000 - 0x00007ffa15518000 	C:\Windows\System32\PSAPI.DLL
0x00007ffa11030000 - 0x00007ffa11039000 	C:\Windows\SYSTEM32\WSOCK32.dll
0x00007ffa15520000 - 0x00007ffa1558b000 	C:\Windows\System32\WS2_32.dll
0x00007ffa06e30000 - 0x00007ffa06e57000 	C:\Windows\SYSTEM32\WINMM.dll
0x00007ffa10ab0000 - 0x00007ffa10aba000 	C:\Windows\SYSTEM32\VERSION.dll
0x00007ffa11020000 - 0x00007ffa1102f000 	C:\Program Files\Android\Android Studio\jre\jre\bin\verify.dll
0x00007ffa10af0000 - 0x00007ffa10b19000 	C:\Program Files\Android\Android Studio\jre\jre\bin\java.dll
0x00007ffa10f80000 - 0x00007ffa10f96000 	C:\Program Files\Android\Android Studio\jre\jre\bin\zip.dll
0x00007ffa14480000 - 0x00007ffa14bc1000 	C:\Windows\System32\SHELL32.dll
0x00007ffa113c0000 - 0x00007ffa11b53000 	C:\Windows\SYSTEM32\windows.storage.dll
0x00007ffa15d20000 - 0x00007ffa16075000 	C:\Windows\System32\combase.dll
0x00007ffa12c30000 - 0x00007ffa12c5c000 	C:\Windows\SYSTEM32\Wldp.dll
0x00007ffa16080000 - 0x00007ffa1612e000 	C:\Windows\System32\SHCORE.dll
0x00007ffa15840000 - 0x00007ffa15895000 	C:\Windows\System32\shlwapi.dll
0x00007ffa137e0000 - 0x00007ffa13806000 	C:\Windows\SYSTEM32\profapi.dll
0x00007ffa0c430000 - 0x00007ffa0c44a000 	C:\Program Files\Android\Android Studio\jre\jre\bin\net.dll
0x00007ffa129b0000 - 0x00007ffa12a1a000 	C:\Windows\system32\mswsock.dll
0x00007ffa0bb60000 - 0x00007ffa0bb73000 	C:\Program Files\Android\Android Studio\jre\jre\bin\nio.dll
0x00007ff9feaa0000 - 0x00007ff9feac6000 	C:\Users\Danielle\.gradle\native\31\windows-amd64\native-platform.dll
0x00007ffa11010000 - 0x00007ffa1101d000 	C:\Program Files\Android\Android Studio\jre\jre\bin\management.dll
0x00007ffa13560000 - 0x00007ffa13578000 	C:\Windows\SYSTEM32\CRYPTSP.dll
0x00007ffa12300000 - 0x00007ffa12334000 	C:\Windows\system32\rsaenh.dll
0x00007ffa13ff0000 - 0x00007ffa14017000 	C:\Windows\System32\bcrypt.dll
0x00007ffa13760000 - 0x00007ffa1378e000 	C:\Windows\SYSTEM32\USERENV.dll
0x00007ffa13e10000 - 0x00007ffa13e8f000 	C:\Windows\System32\bcryptprimitives.dll
0x00007ffa12b80000 - 0x00007ffa12b8c000 	C:\Windows\SYSTEM32\CRYPTBASE.dll
0x00007ffa12640000 - 0x00007ffa1267b000 	C:\Windows\SYSTEM32\IPHLPAPI.DLL
0x00007ffa14dd0000 - 0x00007ffa14dd9000 	C:\Windows\System32\NSI.dll
0x00007ffa095a0000 - 0x00007ffa095b7000 	C:\Windows\SYSTEM32\dhcpcsvc6.DLL
0x00007ffa09af0000 - 0x00007ffa09b0d000 	C:\Windows\SYSTEM32\dhcpcsvc.DLL
0x00007ffa12680000 - 0x00007ffa1274b000 	C:\Windows\SYSTEM32\DNSAPI.dll
0x00007ffa13320000 - 0x00007ffa13504000 	C:\Windows\SYSTEM32\dbghelp.dll

VM Arguments:
jvm_args: -Xmx2048m -Dfile.encoding=windows-1252 -Duser.country=CA -Duser.language=en -Duser.variant 
java_command: org.gradle.launcher.daemon.bootstrap.GradleDaemon 6.1.1
java_class_path (initial): C:\Users\Danielle\.gradle\wrapper\dists\gradle-6.1.1-all\cfmwm155h49vnt3hynmlrsdst\gradle-6.1.1\lib\gradle-launcher-6.1.1.jar
Launcher Type: SUN_STANDARD

Environment Variables:
PATH=C:\Windows\system32;C:\Windows;C:\Windows\System32\Wbem;C:\Windows\System32\WindowsPowerShell\v1.0\;C:\Windows\System32\OpenSSH\;C:\Users\Danielle\AppData\Local\Microsoft\WindowsApps;C:\Users\Danielle\AppData\Local\Programs\Microsoft VS Code\bin;C:\Users\Danielle\AppData\Local\Programs\Git\cmd
USERNAME=Danielle
OS=Windows_NT
PROCESSOR_IDENTIFIER=Intel64 Family 6 Model 58 Stepping 9, GenuineIntel



---------------  S Y S T E M  ---------------

OS: Windows 10.0 , 64 bit Build 19041 (10.0.19041.292)

CPU:total 4 (initial active 4) (2 cores per cpu, 2 threads per core) family 6 model 58 stepping 9, cmov, cx8, fxsr, mmx, sse, sse2, sse3, ssse3, sse4.1, sse4.2, popcnt, avx, aes, clmul, erms, ht, tsc, tscinvbit, tscinv

Memory: 4k page, physical 10368572k(5416400k free), swap 12596796k(7014848k free)

vm_info: OpenJDK 64-Bit Server VM (25.242-b01) for windows-amd64 JRE (1.8.0_242-release-1644-b01), built by "builder" with MS VC++ 10.0 (VS2010)

time: Sun Sep 20 22:01:11 2020
timezone: Pacific Daylight Time
elapsed time: 2 seconds (0d 0h 0m 2s)

