#
# A fatal error has been detected by the Java Runtime Environment:
#
#  EXCEPTION_ACCESS_VIOLATION (0xc0000005) at pc=0x000000006ca8245b, pid=9320, tid=0x0000000000000430
#
# JRE version: OpenJDK Runtime Environment (8.0_242-b01) (build 1.8.0_242-release-1644-b01)
# Java VM: OpenJDK 64-Bit Server VM (25.242-b01 mixed mode windows-amd64 compressed oops)
# Problematic frame:
# V  [jvm.dll+0x10245b]
#
# Failed to write core dump. Minidumps are not enabled by default on client versions of Windows
#
# If you would like to submit a bug report, please visit:
#   
#

---------------  T H R E A D  ---------------

Current thread (0x000000001a0e1800):  JavaThread "Daemon worker" [_thread_in_vm, id=1072, stack(0x000000001d4c0000,0x000000001d5c0000)]

siginfo: ExceptionCode=0xc0000005, reading address 0x00000001020013d0

Registers:
RAX=0x000000001d5b86e0, RBX=0x000000010063e600, RCX=0x0000000017ef9640, RDX=0x0000000002000228
RSP=0x000000001d5b8380, RBP=0x000000001d5b8441, RSI=0x0000000000000000, RDI=0x0000000000000041
R8 =0x0000000102001260, R9 =0x0000000000000001, R10=0x0000000023db79b0, R11=0x000000001d5b83c8
R12=0x0000000000200001, R13=0x000000001a0e1800, R14=0x0000000000000001, R15=0x000000001c3cacd0
RIP=0x000000006ca8245b, EFLAGS=0x0000000000010202

Top of Stack: (sp=0x000000001d5b8380)
0x000000001d5b8380:   0000000017ef9570 000000001a0e1800
0x000000001d5b8390:   0000000000000000 000000006ca481eb
0x000000001d5b83a0:   0000000019c2bc00 000000000000000c
0x000000001d5b83b0:   0000000017ef9580 000000000000000c
0x000000001d5b83c0:   0000000000000000 000000006ca8334c
0x000000001d5b83d0:   0000000000000000 000000000000000c
0x000000001d5b83e0:   0000000100029498 0000000023db7318
0x000000001d5b83f0:   0000000000000000 0000000017530088
0x000000001d5b8400:   0000001400000000 0000000000000000
0x000000001d5b8410:   0000000000000007 0000000017ef95a0
0x000000001d5b8420:   0000000000000060 000000000000000c
0x000000001d5b8430:   0000000017ef9580 000000006ca84ba0
0x000000001d5b8440:   0000000000000000 000000010063e600
0x000000001d5b8450:   000000001a0e1800 000000001c3cacd0
0x000000001d5b8460:   0000000000000001 000000001a0e1800
0x000000001d5b8470:   0000000000200001 0000000000000041 

Instructions: (pc=0x000000006ca8245b)
0x000000006ca8243b:   54 24 10 48 89 4c 24 08 55 53 56 57 41 54 41 55
0x000000006ca8244b:   41 56 41 57 48 8d 6c 24 e9 48 81 ec d8 00 00 00
0x000000006ca8245b:   4d 8b b8 70 01 00 00 48 8b f9 8b 0d ad 53 67 00
0x000000006ca8246b:   49 63 37 ff 15 2c cf 4a 00 48 8d 4d d7 48 8b d0 


Register to memory mapping:

RAX=0x000000001d5b86e0 is pointing into the stack for thread: 0x000000001a0e1800
RBX=0x000000010063e600 is pointing into metadata
RCX=0x0000000017ef9640 is an unknown value
RDX=0x0000000002000228 is an unknown value
RSP=0x000000001d5b8380 is pointing into the stack for thread: 0x000000001a0e1800
RBP=0x000000001d5b8441 is pointing into the stack for thread: 0x000000001a0e1800
RSI=0x0000000000000000 is an unknown value
RDI=0x0000000000000041 is an unknown value
R8 =0x0000000102001260 is an unknown value
R9 =0x0000000000000001 is an unknown value
R10={method} {0x0000000023db79b8} 'normalizeFirstWord' '(Ljava/lang/String;)Ljava/lang/String;' in 'com/google/common/base/CaseFormat'
R11=0x000000001d5b83c8 is pointing into the stack for thread: 0x000000001a0e1800
R12=0x0000000000200001 is an unknown value
R13=0x000000001a0e1800 is a thread
R14=0x0000000000000001 is an unknown value
R15=0x000000001c3cacd0 is an unknown value


Stack: [0x000000001d4c0000,0x000000001d5c0000],  sp=0x000000001d5b8380,  free space=992k
Native frames: (J=compiled Java code, j=interpreted, Vv=VM code, C=native code)
V  [jvm.dll+0x10245b]
V  [jvm.dll+0x1034f2]
V  [jvm.dll+0xecb73]
V  [jvm.dll+0xefed7]
V  [jvm.dll+0xf03a5]
V  [jvm.dll+0x9ac2c]
V  [jvm.dll+0x9c342]
V  [jvm.dll+0x95ad0]
C  0x00000000032d41a8

Java frames: (J=compiled Java code, j=interpreted, Vv=VM code)
j  com.android.utils.HelpfulEnumConverter.<init>(Ljava/lang/Class;)V+10
j  com.android.build.gradle.internal.dsl.TestOptions.<clinit>()V+6
v  ~StubRoutines::call_stub
J 2044  sun.reflect.NativeConstructorAccessorImpl.newInstance0(Ljava/lang/reflect/Constructor;[Ljava/lang/Object;)Ljava/lang/Object; (0 bytes) @ 0x000000000398afa6 [0x000000000398af40+0x66]
J 2043 C1 sun.reflect.NativeConstructorAccessorImpl.newInstance([Ljava/lang/Object;)Ljava/lang/Object; (89 bytes) @ 0x000000000398da14 [0x000000000398c9c0+0x1054]
J 1975 C1 sun.reflect.DelegatingConstructorAccessorImpl.newInstance([Ljava/lang/Object;)Ljava/lang/Object; (9 bytes) @ 0x0000000003960a84 [0x0000000003960980+0x104]
J 1729 C1 java.lang.reflect.Constructor.newInstance([Ljava/lang/Object;)Ljava/lang/Object; (87 bytes) @ 0x000000000388984c [0x0000000003889380+0x4cc]
j  org.gradle.internal.instantiation.generator.AsmBackedClassGenerator$InvokeConstructorStrategy.newInstance(Lorg/gradle/internal/service/ServiceLookup;Lorg/gradle/internal/instantiation/InstanceGenerator;Lorg/gradle/api/Describable;[Ljava/lang/Object;)Ljava/lang/Object;+33
j  org.gradle.internal.instantiation.generator.AbstractClassGenerator$GeneratedClassImpl$GeneratedConstructorImpl.newInstance(Lorg/gradle/internal/service/ServiceLookup;Lorg/gradle/internal/instantiation/InstanceGenerator;Lorg/gradle/api/Describable;[Ljava/lang/Object;)Ljava/lang/Object;+9
j  org.gradle.internal.instantiation.generator.DependencyInjectingInstantiator.doCreate(Ljava/lang/Class;Lorg/gradle/api/Describable;[Ljava/lang/Object;)Ljava/lang/Object;+37
j  org.gradle.internal.instantiation.generator.DependencyInjectingInstantiator.newInstance(Ljava/lang/Class;[Ljava/lang/Object;)Ljava/lang/Object;+4
j  org.gradle.api.internal.model.DefaultObjectFactory.newInstance(Ljava/lang/Class;[Ljava/lang/Object;)Ljava/lang/Object;+6
j  com.android.build.gradle.internal.dsl.CommonExtensionImpl.<init>(Lcom/android/build/gradle/internal/api/dsl/DslScope;Lorg/gradle/api/NamedDomainObjectContainer;Lcom/android/build/api/dsl/DefaultConfig;Lorg/gradle/api/NamedDomainObjectContainer;Lorg/gradle/api/NamedDomainObjectContainer;)V+238
j  com.android.build.gradle.internal.dsl.ApplicationExtensionImpl.<init>(Lcom/android/build/gradle/internal/api/dsl/DslScope;Lorg/gradle/api/NamedDomainObjectContainer;Lcom/android/build/gradle/internal/dsl/DefaultConfig;Lorg/gradle/api/NamedDomainObjectContainer;Lorg/gradle/api/NamedDomainObjectContainer;)V+43
j  com.android.build.gradle.internal.plugins.AppPlugin.createExtension(Lcom/android/build/gradle/internal/api/dsl/DslScope;Lcom/android/build/gradle/options/ProjectOptions;Lcom/android/build/gradle/internal/scope/GlobalScope;Lorg/gradle/api/NamedDomainObjectContainer;Lcom/android/build/gradle/internal/dsl/DefaultConfig;Lorg/gradle/api/NamedDomainObjectContainer;Lorg/gradle/api/NamedDomainObjectContainer;Lorg/gradle/api/NamedDomainObjectContainer;Lcom/android/build/gradle/internal/dependency/SourceSetManager;Lcom/android/build/gradle/internal/ExtraModelInfo;)Lcom/android/build/gradle/AppExtension;+66
j  com.android.build.gradle.internal.plugins.AppPlugin.createExtension(Lcom/android/build/gradle/internal/api/dsl/DslScope;Lcom/android/build/gradle/options/ProjectOptions;Lcom/android/build/gradle/internal/scope/GlobalScope;Lorg/gradle/api/NamedDomainObjectContainer;Lcom/android/build/gradle/internal/dsl/DefaultConfig;Lorg/gradle/api/NamedDomainObjectContainer;Lorg/gradle/api/NamedDomainObjectContainer;Lorg/gradle/api/NamedDomainObjectContainer;Lcom/android/build/gradle/internal/dependency/SourceSetManager;Lcom/android/build/gradle/internal/ExtraModelInfo;)Lcom/android/build/gradle/BaseExtension;+18
j  com.android.build.gradle.internal.plugins.BasePlugin.configureExtension()V+193
j  com.android.build.gradle.internal.plugins.BasePlugin$$Lambda$221.call()V+4
j  com.android.builder.profile.ThreadRecorder.record(Lcom/google/wireless/android/sdk/stats/GradleBuildProfileSpan$ExecutionType;Ljava/lang/String;Ljava/lang/String;Lcom/android/builder/profile/Recorder$VoidBlock;)V+17
j  com.android.build.gradle.internal.plugins.BasePlugin.basePluginApply(Lorg/gradle/api/Project;)V+200
j  com.android.build.gradle.internal.plugins.BasePlugin.lambda$apply$0(Lorg/gradle/api/Project;)V+2
j  com.android.build.gradle.internal.plugins.BasePlugin$$Lambda$176.run()V+8
j  com.android.build.gradle.internal.crash.CrashReporting.runAction(Ljava/lang/Runnable;)V+8
j  com.android.build.gradle.internal.plugins.BasePlugin.apply(Lorg/gradle/api/Project;)V+7
j  com.android.build.gradle.internal.plugins.BasePlugin.apply(Ljava/lang/Object;)V+5
j  org.gradle.api.internal.plugins.ImperativeOnlyPluginTarget.applyImperative(Ljava/lang/String;Lorg/gradle/api/Plugin;)V+13
j  org.gradle.api.internal.plugins.RuleBasedPluginTarget.applyImperative(Ljava/lang/String;Lorg/gradle/api/Plugin;)V+6
j  org.gradle.api.internal.plugins.DefaultPluginManager.addPlugin(Ljava/lang/Runnable;Lorg/gradle/api/internal/plugins/PluginImplementation;Ljava/lang/String;Ljava/lang/Class;)V+52
j  org.gradle.api.internal.plugins.DefaultPluginManager.access$300(Lorg/gradle/api/internal/plugins/DefaultPluginManager;Ljava/lang/Runnable;Lorg/gradle/api/internal/plugins/PluginImplementation;Ljava/lang/String;Ljava/lang/Class;)V+6
j  org.gradle.api.internal.plugins.DefaultPluginManager$AddPluginBuildOperation.run(Lorg/gradle/internal/operations/BuildOperationContext;)V+20
j  org.gradle.internal.operations.DefaultBuildOperationExecutor$RunnableBuildOperationWorker.execute(Lorg/gradle/internal/operations/RunnableBuildOperation;Lorg/gradle/internal/operations/BuildOperationContext;)V+2
j  org.gradle.internal.operations.DefaultBuildOperationExecutor$RunnableBuildOperationWorker.execute(Lorg/gradle/internal/operations/BuildOperation;Lorg/gradle/internal/operations/BuildOperationContext;)V+6
j  org.gradle.internal.operations.DefaultBuildOperationExecutor$1.execute(Lorg/gradle/internal/operations/BuildOperationDescriptor;Lorg/gradle/internal/operations/DefaultBuildOperationExecutor$DefaultBuildOperationContext;Lorg/gradle/internal/operations/DefaultBuildOperationExecutor$BuildOperationExecutionListener;)Lorg/gradle/internal/operations/BuildOperation;+18
j  org.gradle.internal.operations.DefaultBuildOperationExecutor.execute(Lorg/gradle/internal/operations/BuildOperationDescriptor$Builder;Lorg/gradle/internal/operations/DefaultBuildOperationExecutor$BuildOperationState;Lorg/gradle/internal/operations/DefaultBuildOperationExecutor$BuildOperationExecution;)Lorg/gradle/internal/operations/BuildOperation;+105
j  org.gradle.internal.operations.DefaultBuildOperationExecutor.execute(Lorg/gradle/internal/operations/BuildOperation;Lorg/gradle/internal/operations/BuildOperationWorker;Lorg/gradle/internal/operations/DefaultBuildOperationExecutor$BuildOperationState;)V+22
j  org.gradle.internal.operations.DefaultBuildOperationExecutor.run(Lorg/gradle/internal/operations/RunnableBuildOperation;)V+10
j  org.gradle.internal.operations.DelegatingBuildOperationExecutor.run(Lorg/gradle/internal/operations/RunnableBuildOperation;)V+5
j  org.gradle.api.internal.plugins.DefaultPluginManager$2.execute(Lorg/gradle/configuration/internal/UserCodeApplicationId;)V+36
j  org.gradle.api.internal.plugins.DefaultPluginManager$2.execute(Ljava/lang/Object;)V+5
j  org.gradle.configuration.internal.DefaultUserCodeApplicationContext.apply(Lorg/gradle/api/Action;)V+19
j  org.gradle.api.internal.plugins.DefaultPluginManager.doApply(Lorg/gradle/api/internal/plugins/PluginImplementation;)V+128
j  org.gradle.api.internal.plugins.DefaultPluginManager.apply(Ljava/lang/String;)V+52
j  org.gradle.api.internal.plugins.DefaultObjectConfigurationAction.applyType(Ljava/lang/String;)V+43
j  org.gradle.api.internal.plugins.DefaultObjectConfigurationAction.access$200(Lorg/gradle/api/internal/plugins/DefaultObjectConfigurationAction;Ljava/lang/String;)V+2
j  org.gradle.api.internal.plugins.DefaultObjectConfigurationAction$3.run()V+8
j  org.gradle.api.internal.plugins.DefaultObjectConfigurationAction.execute()V+58
j  org.gradle.api.internal.project.AbstractPluginAware.apply(Ljava/util/Map;)V+12
j  com.android.build.gradle.AppPlugin.apply(Lorg/gradle/api/Project;)V+15
j  com.android.build.gradle.AppPlugin.apply(Ljava/lang/Object;)V+5
j  org.gradle.api.internal.plugins.ImperativeOnlyPluginTarget.applyImperative(Ljava/lang/String;Lorg/gradle/api/Plugin;)V+13
j  org.gradle.api.internal.plugins.RuleBasedPluginTarget.applyImperative(Ljava/lang/String;Lorg/gradle/api/Plugin;)V+6
j  org.gradle.api.internal.plugins.DefaultPluginManager.addPlugin(Ljava/lang/Runnable;Lorg/gradle/api/internal/plugins/PluginImplementation;Ljava/lang/String;Ljava/lang/Class;)V+52
j  org.gradle.api.internal.plugins.DefaultPluginManager.access$300(Lorg/gradle/api/internal/plugins/DefaultPluginManager;Ljava/lang/Runnable;Lorg/gradle/api/internal/plugins/PluginImplementation;Ljava/lang/String;Ljava/lang/Class;)V+6
j  org.gradle.api.internal.plugins.DefaultPluginManager$AddPluginBuildOperation.run(Lorg/gradle/internal/operations/BuildOperationContext;)V+20
j  org.gradle.internal.operations.DefaultBuildOperationExecutor$RunnableBuildOperationWorker.execute(Lorg/gradle/internal/operations/RunnableBuildOperation;Lorg/gradle/internal/operations/BuildOperationContext;)V+2
j  org.gradle.internal.operations.DefaultBuildOperationExecutor$RunnableBuildOperationWorker.execute(Lorg/gradle/internal/operations/BuildOperation;Lorg/gradle/internal/operations/BuildOperationContext;)V+6
j  org.gradle.internal.operations.DefaultBuildOperationExecutor$1.execute(Lorg/gradle/internal/operations/BuildOperationDescriptor;Lorg/gradle/internal/operations/DefaultBuildOperationExecutor$DefaultBuildOperationContext;Lorg/gradle/internal/operations/DefaultBuildOperationExecutor$BuildOperationExecutionListener;)Lorg/gradle/internal/operations/BuildOperation;+18
j  org.gradle.internal.operations.DefaultBuildOperationExecutor.execute(Lorg/gradle/internal/operations/BuildOperationDescriptor$Builder;Lorg/gradle/internal/operations/DefaultBuildOperationExecutor$BuildOperationState;Lorg/gradle/internal/operations/DefaultBuildOperationExecutor$BuildOperationExecution;)Lorg/gradle/internal/operations/BuildOperation;+105
j  org.gradle.internal.operations.DefaultBuildOperationExecutor.execute(Lorg/gradle/internal/operations/BuildOperation;Lorg/gradle/internal/operations/BuildOperationWorker;Lorg/gradle/internal/operations/DefaultBuildOperationExecutor$BuildOperationState;)V+22
j  org.gradle.internal.operations.DefaultBuildOperationExecutor.run(Lorg/gradle/internal/operations/RunnableBuildOperation;)V+10
j  org.gradle.internal.operations.DelegatingBuildOperationExecutor.run(Lorg/gradle/internal/operations/RunnableBuildOperation;)V+5
j  org.gradle.api.internal.plugins.DefaultPluginManager$2.execute(Lorg/gradle/configuration/internal/UserCodeApplicationId;)V+36
j  org.gradle.api.internal.plugins.DefaultPluginManager$2.execute(Ljava/lang/Object;)V+5
j  org.gradle.configuration.internal.DefaultUserCodeApplicationContext.apply(Lorg/gradle/api/Action;)V+19
j  org.gradle.api.internal.plugins.DefaultPluginManager.doApply(Lorg/gradle/api/internal/plugins/PluginImplementation;)V+128
j  org.gradle.api.internal.plugins.DefaultPluginManager.apply(Ljava/lang/String;)V+52
j  org.gradle.api.internal.plugins.DefaultObjectConfigurationAction.applyType(Ljava/lang/String;)V+43
j  org.gradle.api.internal.plugins.DefaultObjectConfigurationAction.access$200(Lorg/gradle/api/internal/plugins/DefaultObjectConfigurationAction;Ljava/lang/String;)V+2
j  org.gradle.api.internal.plugins.DefaultObjectConfigurationAction$3.run()V+8
j  org.gradle.api.internal.plugins.DefaultObjectConfigurationAction.execute()V+58
j  org.gradle.api.internal.project.AbstractPluginAware.apply(Ljava/util/Map;)V+12
j  org.gradle.api.internal.project.ProjectScript.apply(Ljava/util/Map;)V+5
j  org.gradle.api.Script$apply$0.callCurrent(Lgroovy/lang/GroovyObject;[Ljava/lang/Object;)Ljava/lang/Object;+19
j  org.codehaus.groovy.runtime.callsite.CallSiteArray.defaultCallCurrent(Lorg/codehaus/groovy/runtime/callsite/CallSite;Lgroovy/lang/GroovyObject;[Ljava/lang/Object;)Ljava/lang/Object;+17
j  org.codehaus.groovy.runtime.callsite.AbstractCallSite.callCurrent(Lgroovy/lang/GroovyObject;[Ljava/lang/Object;)Ljava/lang/Object;+3
j  org.codehaus.groovy.runtime.callsite.AbstractCallSite.callCurrent(Lgroovy/lang/GroovyObject;Ljava/lang/Object;)Ljava/lang/Object;+33
j  build_aovsxjmgit76fwibr5uck7ihi.run()Ljava/lang/Object;+26
j  org.gradle.groovy.scripts.internal.DefaultScriptRunnerFactory$ScriptRunnerImpl.run(Ljava/lang/Object;Lorg/gradle/internal/service/ServiceRegistry;)V+57
j  org.gradle.configuration.DefaultScriptPluginFactory$ScriptPluginImpl$2.run()V+12
j  org.gradle.configuration.ProjectScriptTarget.addConfiguration(Ljava/lang/Runnable;Z)V+18
j  org.gradle.configuration.DefaultScriptPluginFactory$ScriptPluginImpl.apply(Ljava/lang/Object;)V+656
j  org.gradle.configuration.BuildOperationScriptPlugin$1$1.run(Lorg/gradle/internal/operations/BuildOperationContext;)V+17
j  org.gradle.internal.operations.DefaultBuildOperationExecutor$RunnableBuildOperationWorker.execute(Lorg/gradle/internal/operations/RunnableBuildOperation;Lorg/gradle/internal/operations/BuildOperationContext;)V+2
j  org.gradle.internal.operations.DefaultBuildOperationExecutor$RunnableBuildOperationWorker.execute(Lorg/gradle/internal/operations/BuildOperation;Lorg/gradle/internal/operations/BuildOperationContext;)V+6
j  org.gradle.internal.operations.DefaultBuildOperationExecutor$1.execute(Lorg/gradle/internal/operations/BuildOperationDescriptor;Lorg/gradle/internal/operations/DefaultBuildOperationExecutor$DefaultBuildOperationContext;Lorg/gradle/internal/operations/DefaultBuildOperationExecutor$BuildOperationExecutionListener;)Lorg/gradle/internal/operations/BuildOperation;+18
j  org.gradle.internal.operations.DefaultBuildOperationExecutor.execute(Lorg/gradle/internal/operations/BuildOperationDescriptor$Builder;Lorg/gradle/internal/operations/DefaultBuildOperationExecutor$BuildOperationState;Lorg/gradle/internal/operations/DefaultBuildOperationExecutor$BuildOperationExecution;)Lorg/gradle/internal/operations/BuildOperation;+105
j  org.gradle.internal.operations.DefaultBuildOperationExecutor.execute(Lorg/gradle/internal/operations/BuildOperation;Lorg/gradle/internal/operations/BuildOperationWorker;Lorg/gradle/internal/operations/DefaultBuildOperationExecutor$BuildOperationState;)V+22
j  org.gradle.internal.operations.DefaultBuildOperationExecutor.run(Lorg/gradle/internal/operations/RunnableBuildOperation;)V+10
j  org.gradle.internal.operations.DelegatingBuildOperationExecutor.run(Lorg/gradle/internal/operations/RunnableBuildOperation;)V+5
j  org.gradle.configuration.BuildOperationScriptPlugin$1.execute(Lorg/gradle/configuration/internal/UserCodeApplicationId;)V+16
j  org.gradle.configuration.BuildOperationScriptPlugin$1.execute(Ljava/lang/Object;)V+5
j  org.gradle.configuration.internal.DefaultUserCodeApplicationContext.apply(Lorg/gradle/api/Action;)V+19
j  org.gradle.configuration.BuildOperationScriptPlugin.apply(Ljava/lang/Object;)V+54
j  org.gradle.configuration.project.BuildScriptProcessor$1.run()V+8
j  org.gradle.internal.Factories$1.create()Ljava/lang/Object;+4
j  org.gradle.api.internal.project.DefaultProjectStateRegistry$ProjectStateImpl.withMutableState(Lorg/gradle/internal/Factory;)Ljava/lang/Object;+59
j  org.gradle.api.internal.project.DefaultProjectStateRegistry$ProjectStateImpl.withMutableState(Ljava/lang/Runnable;)V+5
j  org.gradle.configuration.project.BuildScriptProcessor.execute(Lorg/gradle/api/internal/project/ProjectInternal;)V+88
j  org.gradle.configuration.project.BuildScriptProcessor.execute(Ljava/lang/Object;)V+5
j  org.gradle.configuration.project.ConfigureActionsProjectEvaluator.evaluate(Lorg/gradle/api/internal/project/ProjectInternal;Lorg/gradle/api/internal/project/ProjectStateInternal;)V+33
j  org.gradle.configuration.project.LifecycleProjectEvaluator$EvaluateProject$1.run()V+94
j  org.gradle.internal.Factories$1.create()Ljava/lang/Object;+4
j  org.gradle.internal.work.DefaultWorkerLeaseService.withLocks(Ljava/lang/Iterable;Lorg/gradle/internal/Factory;)Ljava/lang/Object;+26
j  org.gradle.internal.work.StopShieldingWorkerLeaseService.withLocks(Ljava/lang/Iterable;Lorg/gradle/internal/Factory;)Ljava/lang/Object;+6
j  org.gradle.api.internal.project.DefaultProjectStateRegistry$ProjectStateImpl.withProjectLock(Lorg/gradle/internal/resources/ResourceLock;Lorg/gradle/internal/Factory;)Ljava/lang/Object;+12
j  org.gradle.api.internal.project.DefaultProjectStateRegistry$ProjectStateImpl.withMutableState(Lorg/gradle/internal/Factory;)Ljava/lang/Object;+134
j  org.gradle.api.internal.project.DefaultProjectStateRegistry$ProjectStateImpl.withMutableState(Ljava/lang/Runnable;)V+5
j  org.gradle.configuration.project.LifecycleProjectEvaluator$EvaluateProject.run(Lorg/gradle/internal/operations/BuildOperationContext;)V+18
j  org.gradle.internal.operations.DefaultBuildOperationExecutor$RunnableBuildOperationWorker.execute(Lorg/gradle/internal/operations/RunnableBuildOperation;Lorg/gradle/internal/operations/BuildOperationContext;)V+2
j  org.gradle.internal.operations.DefaultBuildOperationExecutor$RunnableBuildOperationWorker.execute(Lorg/gradle/internal/operations/BuildOperation;Lorg/gradle/internal/operations/BuildOperationContext;)V+6
j  org.gradle.internal.operations.DefaultBuildOperationExecutor$1.execute(Lorg/gradle/internal/operations/BuildOperationDescriptor;Lorg/gradle/internal/operations/DefaultBuildOperationExecutor$DefaultBuildOperationContext;Lorg/gradle/internal/operations/DefaultBuildOperationExecutor$BuildOperationExecutionListener;)Lorg/gradle/internal/operations/BuildOperation;+18
j  org.gradle.internal.operations.DefaultBuildOperationExecutor.execute(Lorg/gradle/internal/operations/BuildOperationDescriptor$Builder;Lorg/gradle/internal/operations/DefaultBuildOperationExecutor$BuildOperationState;Lorg/gradle/internal/operations/DefaultBuildOperationExecutor$BuildOperationExecution;)Lorg/gradle/internal/operations/BuildOperation;+105
j  org.gradle.internal.operations.DefaultBuildOperationExecutor.execute(Lorg/gradle/internal/operations/BuildOperation;Lorg/gradle/internal/operations/BuildOperationWorker;Lorg/gradle/internal/operations/DefaultBuildOperationExecutor$BuildOperationState;)V+22
j  org.gradle.internal.operations.DefaultBuildOperationExecutor.run(Lorg/gradle/internal/operations/RunnableBuildOperation;)V+10
j  org.gradle.internal.operations.DelegatingBuildOperationExecutor.run(Lorg/gradle/internal/operations/RunnableBuildOperation;)V+5
j  org.gradle.configuration.project.LifecycleProjectEvaluator.evaluate(Lorg/gradle/api/internal/project/ProjectInternal;Lorg/gradle/api/internal/project/ProjectStateInternal;)V+22
j  org.gradle.api.internal.project.DefaultProject.evaluate()Lorg/gradle/api/internal/project/DefaultProject;+9
j  org.gradle.api.internal.project.DefaultProject.evaluate()Lorg/gradle/api/Project;+1
j  org.gradle.execution.TaskPathProjectEvaluator.configure(Lorg/gradle/api/internal/project/ProjectInternal;)V+21
j  org.gradle.execution.TaskPathProjectEvaluator.configureHierarchy(Lorg/gradle/api/internal/project/ProjectInternal;)V+41
j  org.gradle.configuration.DefaultProjectsPreparer.prepareProjects(Lorg/gradle/api/internal/GradleInternal;)V+79
j  org.gradle.configuration.BuildOperatingFiringProjectsPreparer$ConfigureBuild.run(Lorg/gradle/internal/operations/BuildOperationContext;)V+11
j  org.gradle.internal.operations.DefaultBuildOperationExecutor$RunnableBuildOperationWorker.execute(Lorg/gradle/internal/operations/RunnableBuildOperation;Lorg/gradle/internal/operations/BuildOperationContext;)V+2
j  org.gradle.internal.operations.DefaultBuildOperationExecutor$RunnableBuildOperationWorker.execute(Lorg/gradle/internal/operations/BuildOperation;Lorg/gradle/internal/operations/BuildOperationContext;)V+6
j  org.gradle.internal.operations.DefaultBuildOperationExecutor$1.execute(Lorg/gradle/internal/operations/BuildOperationDescriptor;Lorg/gradle/internal/operations/DefaultBuildOperationExecutor$DefaultBuildOperationContext;Lorg/gradle/internal/operations/DefaultBuildOperationExecutor$BuildOperationExecutionListener;)Lorg/gradle/internal/operations/BuildOperation;+18
j  org.gradle.internal.operations.DefaultBuildOperationExecutor.execute(Lorg/gradle/internal/operations/BuildOperationDescriptor$Builder;Lorg/gradle/internal/operations/DefaultBuildOperationExecutor$BuildOperationState;Lorg/gradle/internal/operations/DefaultBuildOperationExecutor$BuildOperationExecution;)Lorg/gradle/internal/operations/BuildOperation;+105
j  org.gradle.internal.operations.DefaultBuildOperationExecutor.execute(Lorg/gradle/internal/operations/BuildOperation;Lorg/gradle/internal/operations/BuildOperationWorker;Lorg/gradle/internal/operations/DefaultBuildOperationExecutor$BuildOperationState;)V+22
j  org.gradle.internal.operations.DefaultBuildOperationExecutor.run(Lorg/gradle/internal/operations/RunnableBuildOperation;)V+10
j  org.gradle.internal.operations.DelegatingBuildOperationExecutor.run(Lorg/gradle/internal/operations/RunnableBuildOperation;)V+5
j  org.gradle.configuration.BuildOperatingFiringProjectsPreparer.prepareProjects(Lorg/gradle/api/internal/GradleInternal;)V+13
j  org.gradle.initialization.DefaultGradleLauncher.prepareProjects()V+40
j  org.gradle.initialization.DefaultGradleLauncher.doClassicBuildStages(Lorg/gradle/initialization/DefaultGradleLauncher$Stage;)V+29
j  org.gradle.initialization.DefaultGradleLauncher.doBuildStages(Lorg/gradle/initialization/DefaultGradleLauncher$Stage;)V+45
j  org.gradle.initialization.DefaultGradleLauncher.executeTasks()Lorg/gradle/api/internal/GradleInternal;+4
j  org.gradle.internal.invocation.GradleBuildController$1.execute(Lorg/gradle/initialization/GradleLauncher;)V+1
j  org.gradle.internal.invocation.GradleBuildController$1.execute(Ljava/lang/Object;)V+5
j  org.gradle.internal.invocation.GradleBuildController$3.create()Lorg/gradle/api/internal/GradleInternal;+31
j  org.gradle.internal.invocation.GradleBuildController$3.create()Ljava/lang/Object;+1
j  org.gradle.internal.work.DefaultWorkerLeaseService.withLocks(Ljava/lang/Iterable;Lorg/gradle/internal/Factory;)Ljava/lang/Object;+26
j  org.gradle.internal.work.StopShieldingWorkerLeaseService.withLocks(Ljava/lang/Iterable;Lorg/gradle/internal/Factory;)Ljava/lang/Object;+6
j  org.gradle.internal.invocation.GradleBuildController.doBuild(Lorg/gradle/api/internal/GradleInternal$BuildType;Lorg/gradle/api/Action;)Lorg/gradle/api/internal/GradleInternal;+26
j  org.gradle.internal.invocation.GradleBuildController.run()Lorg/gradle/api/internal/GradleInternal;+12
j  org.gradle.tooling.internal.provider.runner.ClientProvidedBuildActionRunner.run(Lorg/gradle/internal/invocation/BuildAction;Lorg/gradle/internal/invocation/BuildController;)Lorg/gradle/internal/invocation/BuildActionRunner$Result;+89
j  org.gradle.launcher.exec.ChainingBuildActionRunner.run(Lorg/gradle/internal/invocation/BuildAction;Lorg/gradle/internal/invocation/BuildController;)Lorg/gradle/internal/invocation/BuildActionRunner$Result;+34
j  org.gradle.launcher.exec.ChainingBuildActionRunner.run(Lorg/gradle/internal/invocation/BuildAction;Lorg/gradle/internal/invocation/BuildController;)Lorg/gradle/internal/invocation/BuildActionRunner$Result;+34
j  org.gradle.launcher.exec.BuildOutcomeReportingBuildActionRunner.run(Lorg/gradle/internal/invocation/BuildAction;Lorg/gradle/internal/invocation/BuildController;)Lorg/gradle/internal/invocation/BuildActionRunner$Result;+143
j  org.gradle.tooling.internal.provider.ValidatingBuildActionRunner.run(Lorg/gradle/internal/invocation/BuildAction;Lorg/gradle/internal/invocation/BuildController;)Lorg/gradle/internal/invocation/BuildActionRunner$Result;+6
j  org.gradle.launcher.exec.BuildCompletionNotifyingBuildActionRunner.run(Lorg/gradle/internal/invocation/BuildAction;Lorg/gradle/internal/invocation/BuildController;)Lorg/gradle/internal/invocation/BuildActionRunner$Result;+28
j  org.gradle.launcher.exec.RunAsBuildOperationBuildActionRunner$3.call(Lorg/gradle/internal/operations/BuildOperationContext;)Lorg/gradle/internal/invocation/BuildActionRunner$Result;+95
j  org.gradle.launcher.exec.RunAsBuildOperationBuildActionRunner$3.call(Lorg/gradle/internal/operations/BuildOperationContext;)Ljava/lang/Object;+2
j  org.gradle.internal.operations.DefaultBuildOperationExecutor$CallableBuildOperationWorker.execute(Lorg/gradle/internal/operations/CallableBuildOperation;Lorg/gradle/internal/operations/BuildOperationContext;)V+3
j  org.gradle.internal.operations.DefaultBuildOperationExecutor$CallableBuildOperationWorker.execute(Lorg/gradle/internal/operations/BuildOperation;Lorg/gradle/internal/operations/BuildOperationContext;)V+6
j  org.gradle.internal.operations.DefaultBuildOperationExecutor$1.execute(Lorg/gradle/internal/operations/BuildOperationDescriptor;Lorg/gradle/internal/operations/DefaultBuildOperationExecutor$DefaultBuildOperationContext;Lorg/gradle/internal/operations/DefaultBuildOperationExecutor$BuildOperationExecutionListener;)Lorg/gradle/internal/operations/BuildOperation;+18
j  org.gradle.internal.operations.DefaultBuildOperationExecutor.execute(Lorg/gradle/internal/operations/BuildOperationDescriptor$Builder;Lorg/gradle/internal/operations/DefaultBuildOperationExecutor$BuildOperationState;Lorg/gradle/internal/operations/DefaultBuildOperationExecutor$BuildOperationExecution;)Lorg/gradle/internal/operations/BuildOperation;+105
j  org.gradle.internal.operations.DefaultBuildOperationExecutor.execute(Lorg/gradle/internal/operations/BuildOperation;Lorg/gradle/internal/operations/BuildOperationWorker;Lorg/gradle/internal/operations/DefaultBuildOperationExecutor$BuildOperationState;)V+22
j  org.gradle.internal.operations.DefaultBuildOperationExecutor.call(Lorg/gradle/internal/operations/CallableBuildOperation;)Ljava/lang/Object;+16
j  org.gradle.internal.operations.DelegatingBuildOperationExecutor.call(Lorg/gradle/internal/operations/CallableBuildOperation;)Ljava/lang/Object;+5
j  org.gradle.launcher.exec.RunAsBuildOperationBuildActionRunner.run(Lorg/gradle/internal/invocation/BuildAction;Lorg/gradle/internal/invocation/BuildController;)Lorg/gradle/internal/invocation/BuildActionRunner$Result;+33
j  org.gradle.launcher.exec.InProcessBuildActionExecuter$1.transform(Lorg/gradle/internal/invocation/BuildController;)Lorg/gradle/launcher/exec/BuildActionResult;+12
j  org.gradle.launcher.exec.InProcessBuildActionExecuter$1.transform(Ljava/lang/Object;)Ljava/lang/Object;+5
j  org.gradle.composite.internal.DefaultRootBuildState.run(Lorg/gradle/api/Transformer;)Ljava/lang/Object;+43
j  org.gradle.launcher.exec.InProcessBuildActionExecuter.execute(Lorg/gradle/internal/invocation/BuildAction;Lorg/gradle/initialization/BuildRequestContext;Lorg/gradle/launcher/exec/BuildActionParameters;Lorg/gradle/internal/service/ServiceRegistry;)Lorg/gradle/launcher/exec/BuildActionResult;+82
j  org.gradle.launcher.exec.InProcessBuildActionExecuter.execute(Lorg/gradle/internal/invocation/BuildAction;Lorg/gradle/initialization/BuildRequestContext;Ljava/lang/Object;Lorg/gradle/internal/service/ServiceRegistry;)Lorg/gradle/launcher/exec/BuildActionResult;+9
j  org.gradle.launcher.exec.BuildTreeScopeBuildActionExecuter.execute(Lorg/gradle/internal/invocation/BuildAction;Lorg/gradle/initialization/BuildRequestContext;Lorg/gradle/launcher/exec/BuildActionParameters;Lorg/gradle/internal/service/ServiceRegistry;)Lorg/gradle/launcher/exec/BuildActionResult;+38
j  org.gradle.launcher.exec.BuildTreeScopeBuildActionExecuter.execute(Lorg/gradle/internal/invocation/BuildAction;Lorg/gradle/initialization/BuildRequestContext;Ljava/lang/Object;Lorg/gradle/internal/service/ServiceRegistry;)Lorg/gradle/launcher/exec/BuildActionResult;+9
j  org.gradle.tooling.internal.provider.ContinuousBuildActionExecuter.execute(Lorg/gradle/internal/invocation/BuildAction;Lorg/gradle/initialization/BuildRequestContext;Lorg/gradle/launcher/exec/BuildActionParameters;Lorg/gradle/internal/service/ServiceRegistry;)Lorg/gradle/launcher/exec/BuildActionResult;+58
j  org.gradle.tooling.internal.provider.ContinuousBuildActionExecuter.execute(Lorg/gradle/internal/invocation/BuildAction;Lorg/gradle/initialization/BuildRequestContext;Ljava/lang/Object;Lorg/gradle/internal/service/ServiceRegistry;)Lorg/gradle/launcher/exec/BuildActionResult;+9
j  org.gradle.tooling.internal.provider.SubscribableBuildActionExecuter.execute(Lorg/gradle/internal/invocation/BuildAction;Lorg/gradle/initialization/BuildRequestContext;Lorg/gradle/launcher/exec/BuildActionParameters;Lorg/gradle/internal/service/ServiceRegistry;)Lorg/gradle/launcher/exec/BuildActionResult;+41
j  org.gradle.tooling.internal.provider.SubscribableBuildActionExecuter.execute(Lorg/gradle/internal/invocation/BuildAction;Lorg/gradle/initialization/BuildRequestContext;Ljava/lang/Object;Lorg/gradle/internal/service/ServiceRegistry;)Lorg/gradle/launcher/exec/BuildActionResult;+9
j  org.gradle.tooling.internal.provider.SessionScopeBuildActionExecuter.execute(Lorg/gradle/internal/invocation/BuildAction;Lorg/gradle/initialization/BuildRequestContext;Lorg/gradle/launcher/exec/BuildActionParameters;Lorg/gradle/internal/service/ServiceRegistry;)Lorg/gradle/launcher/exec/BuildActionResult;+117
j  org.gradle.tooling.internal.provider.SessionScopeBuildActionExecuter.execute(Lorg/gradle/internal/invocation/BuildAction;Lorg/gradle/initialization/BuildRequestContext;Ljava/lang/Object;Lorg/gradle/internal/service/ServiceRegistry;)Lorg/gradle/launcher/exec/BuildActionResult;+9
j  org.gradle.tooling.internal.provider.GradleThreadBuildActionExecuter.execute(Lorg/gradle/internal/invocation/BuildAction;Lorg/gradle/initialization/BuildRequestContext;Lorg/gradle/launcher/exec/BuildActionParameters;Lorg/gradle/internal/service/ServiceRegistry;)Lorg/gradle/launcher/exec/BuildActionResult;+12
j  org.gradle.tooling.internal.provider.GradleThreadBuildActionExecuter.execute(Lorg/gradle/internal/invocation/BuildAction;Lorg/gradle/initialization/BuildRequestContext;Ljava/lang/Object;Lorg/gradle/internal/service/ServiceRegistry;)Lorg/gradle/launcher/exec/BuildActionResult;+9
j  org.gradle.tooling.internal.provider.ParallelismConfigurationBuildActionExecuter.execute(Lorg/gradle/internal/invocation/BuildAction;Lorg/gradle/initialization/BuildRequestContext;Lorg/gradle/launcher/exec/BuildActionParameters;Lorg/gradle/internal/service/ServiceRegistry;)Lorg/gradle/launcher/exec/BuildActionResult;+43
j  org.gradle.tooling.internal.provider.ParallelismConfigurationBuildActionExecuter.execute(Lorg/gradle/internal/invocation/BuildAction;Lorg/gradle/initialization/BuildRequestContext;Ljava/lang/Object;Lorg/gradle/internal/service/ServiceRegistry;)Lorg/gradle/launcher/exec/BuildActionResult;+9
j  org.gradle.tooling.internal.provider.StartParamsValidatingActionExecuter.execute(Lorg/gradle/internal/invocation/BuildAction;Lorg/gradle/initialization/BuildRequestContext;Lorg/gradle/launcher/exec/BuildActionParameters;Lorg/gradle/internal/service/ServiceRegistry;)Lorg/gradle/launcher/exec/BuildActionResult;+177
j  org.gradle.tooling.internal.provider.StartParamsValidatingActionExecuter.execute(Lorg/gradle/internal/invocation/BuildAction;Lorg/gradle/initialization/BuildRequestContext;Ljava/lang/Object;Lorg/gradle/internal/service/ServiceRegistry;)Lorg/gradle/launcher/exec/BuildActionResult;+9
j  org.gradle.tooling.internal.provider.SessionFailureReportingActionExecuter.execute(Lorg/gradle/internal/invocation/BuildAction;Lorg/gradle/initialization/BuildRequestContext;Lorg/gradle/launcher/exec/BuildActionParameters;Lorg/gradle/internal/service/ServiceRegistry;)Lorg/gradle/launcher/exec/BuildActionResult;+9
j  org.gradle.tooling.internal.provider.SessionFailureReportingActionExecuter.execute(Lorg/gradle/internal/invocation/BuildAction;Lorg/gradle/initialization/BuildRequestContext;Ljava/lang/Object;Lorg/gradle/internal/service/ServiceRegistry;)Lorg/gradle/launcher/exec/BuildActionResult;+9
j  org.gradle.tooling.internal.provider.SetupLoggingActionExecuter.execute(Lorg/gradle/internal/invocation/BuildAction;Lorg/gradle/initialization/BuildRequestContext;Lorg/gradle/launcher/exec/BuildActionParameters;Lorg/gradle/internal/service/ServiceRegistry;)Lorg/gradle/launcher/exec/BuildActionResult;+52
j  org.gradle.tooling.internal.provider.SetupLoggingActionExecuter.execute(Lorg/gradle/internal/invocation/BuildAction;Lorg/gradle/initialization/BuildRequestContext;Ljava/lang/Object;Lorg/gradle/internal/service/ServiceRegistry;)Lorg/gradle/launcher/exec/BuildActionResult;+9
j  org.gradle.launcher.daemon.server.exec.ExecuteBuild.doBuild(Lorg/gradle/launcher/daemon/server/api/DaemonCommandExecution;Lorg/gradle/launcher/daemon/protocol/Build;)V+118
j  org.gradle.launcher.daemon.server.exec.BuildCommandOnly.execute(Lorg/gradle/launcher/daemon/server/api/DaemonCommandExecution;)V+49
j  org.gradle.launcher.daemon.server.api.DaemonCommandExecution.proceed()Z+23
j  org.gradle.launcher.daemon.server.exec.WatchForDisconnection.execute(Lorg/gradle/launcher/daemon/server/api/DaemonCommandExecution;)V+19
j  org.gradle.launcher.daemon.server.api.DaemonCommandExecution.proceed()Z+23
j  org.gradle.launcher.daemon.server.exec.ResetDeprecationLogger.execute(Lorg/gradle/launcher/daemon/server/api/DaemonCommandExecution;)V+4
j  org.gradle.launcher.daemon.server.api.DaemonCommandExecution.proceed()Z+23
j  org.gradle.launcher.daemon.server.exec.RequestStopIfSingleUsedDaemon.execute(Lorg/gradle/launcher/daemon/server/api/DaemonCommandExecution;)V+33
j  org.gradle.launcher.daemon.server.api.DaemonCommandExecution.proceed()Z+23
j  org.gradle.launcher.daemon.server.exec.ForwardClientInput$2.create()Ljava/lang/Void;+4
j  org.gradle.launcher.daemon.server.exec.ForwardClientInput$2.create()Ljava/lang/Object;+1
j  org.gradle.util.Swapper.swap(Ljava/lang/Object;Lorg/gradle/internal/Factory;)Ljava/lang/Object;+21
j  org.gradle.launcher.daemon.server.exec.ForwardClientInput.execute(Lorg/gradle/launcher/daemon/server/api/DaemonCommandExecution;)V+63
j  org.gradle.launcher.daemon.server.api.DaemonCommandExecution.proceed()Z+23
j  org.gradle.launcher.daemon.server.exec.LogAndCheckHealth.execute(Lorg/gradle/launcher/daemon/server/api/DaemonCommandExecution;)V+28
j  org.gradle.launcher.daemon.server.api.DaemonCommandExecution.proceed()Z+23
j  org.gradle.launcher.daemon.server.exec.LogToClient.doBuild(Lorg/gradle/launcher/daemon/server/api/DaemonCommandExecution;Lorg/gradle/launcher/daemon/protocol/Build;)V+87
j  org.gradle.launcher.daemon.server.exec.BuildCommandOnly.execute(Lorg/gradle/launcher/daemon/server/api/DaemonCommandExecution;)V+49
j  org.gradle.launcher.daemon.server.api.DaemonCommandExecution.proceed()Z+23
j  org.gradle.launcher.daemon.server.exec.EstablishBuildEnvironment.doBuild(Lorg/gradle/launcher/daemon/server/api/DaemonCommandExecution;Lorg/gradle/launcher/daemon/protocol/Build;)V+351
j  org.gradle.launcher.daemon.server.exec.BuildCommandOnly.execute(Lorg/gradle/launcher/daemon/server/api/DaemonCommandExecution;)V+49
j  org.gradle.launcher.daemon.server.api.DaemonCommandExecution.proceed()Z+23
j  org.gradle.launcher.daemon.server.exec.StartBuildOrRespondWithBusy$1.run()V+44
j  org.gradle.launcher.daemon.server.DaemonStateCoordinator$1.run()V+4
j  org.gradle.internal.concurrent.ExecutorPolicy$CatchAndRecordFailures.onExecute(Ljava/lang/Runnable;)V+1
j  org.gradle.internal.concurrent.ManagedExecutorImpl$1.run()V+25
j  java.util.concurrent.ThreadPoolExecutor.runWorker(Ljava/util/concurrent/ThreadPoolExecutor$Worker;)V+95
j  java.util.concurrent.ThreadPoolExecutor$Worker.run()V+5
j  org.gradle.internal.concurrent.ThreadFactoryImpl$ManagedThreadRunnable.run()V+7
j  java.lang.Thread.run()V+11
v  ~StubRoutines::call_stub

---------------  P R O C E S S  ---------------

Java Threads: ( => current thread )
  0x00000000211e4000 JavaThread "Cache worker for Build Output Cleanup Cache (C:\Users\Danielle\AndroidStudioProjects\movieOrganizer\.gradle\buildOutputCleanup)" [_thread_blocked, id=7444, stack(0x0000000024300000,0x0000000024400000)]
  0x00000000211e5000 JavaThread "Build operations Thread 4" [_thread_blocked, id=7024, stack(0x00000000240e0000,0x00000000241e0000)]
  0x00000000211e1000 JavaThread "Build operations Thread 3" [_thread_blocked, id=3504, stack(0x0000000023fe0000,0x00000000240e0000)]
  0x00000000211e2800 JavaThread "Build operations Thread 2" [_thread_blocked, id=10664, stack(0x0000000023ee0000,0x0000000023fe0000)]
  0x00000000211df000 JavaThread "Build operations" [_thread_blocked, id=9048, stack(0x0000000023130000,0x0000000023230000)]
  0x000000001bd3b000 JavaThread "Cache worker for execution history cache (C:\Users\Danielle\.gradle\caches\6.1.1\executionHistory)" [_thread_blocked, id=6792, stack(0x00000000215a0000,0x00000000216a0000)]
  0x000000001bd3a000 JavaThread "Cache worker for cache directory md-rule (C:\Users\Danielle\.gradle\caches\6.1.1\md-rule)" [_thread_blocked, id=6036, stack(0x0000000020260000,0x0000000020360000)]
  0x000000001bd39800 JavaThread "Cache worker for cache directory md-supplier (C:\Users\Danielle\.gradle\caches\6.1.1\md-supplier)" [_thread_blocked, id=9052, stack(0x0000000020160000,0x0000000020260000)]
  0x000000001bd38800 JavaThread "Cache worker for file hash cache (C:\Users\Danielle\AndroidStudioProjects\movieOrganizer\.gradle\6.1.1\fileHashes)" [_thread_blocked, id=11748, stack(0x00000000214a0000,0x00000000215a0000)]
  0x000000001bd3e000 JavaThread "Cache worker for checksums cache (C:\Users\Danielle\AndroidStudioProjects\movieOrganizer\.gradle\checksums)" [_thread_blocked, id=4040, stack(0x00000000203d0000,0x00000000204d0000)]
  0x000000001bd38000 JavaThread "Cache worker for file hash cache (C:\Users\Danielle\.gradle\caches\6.1.1\fileHashes)" [_thread_blocked, id=8640, stack(0x000000001dcc0000,0x000000001ddc0000)]
  0x000000001bd3e800 JavaThread "File lock request listener" [_thread_in_native, id=8668, stack(0x000000001dbc0000,0x000000001dcc0000)]
  0x000000001a329000 JavaThread "Cache worker for journal cache (C:\Users\Danielle\.gradle\caches\journal-1)" [_thread_blocked, id=4684, stack(0x000000001dac0000,0x000000001dbc0000)]
  0x000000001a101800 JavaThread "Thread-9" [_thread_blocked, id=1464, stack(0x000000001d7c0000,0x000000001d8c0000)]
  0x000000001a0fe800 JavaThread "Stdin handler" [_thread_blocked, id=6352, stack(0x000000001d6c0000,0x000000001d7c0000)]
  0x000000001a107000 JavaThread "Asynchronous log dispatcher for DefaultDaemonConnection: socket connection from /127.0.0.1:50001 to /127.0.0.1:50002" [_thread_blocked, id=5244, stack(0x000000001d5c0000,0x000000001d6c0000)]
=>0x000000001a0e1800 JavaThread "Daemon worker" [_thread_in_vm, id=1072, stack(0x000000001d4c0000,0x000000001d5c0000)]
  0x000000001a0e1000 JavaThread "Cancel handler" [_thread_blocked, id=2400, stack(0x000000001d3c0000,0x000000001d4c0000)]
  0x0000000019c2b000 JavaThread "Handler for socket connection from /127.0.0.1:50001 to /127.0.0.1:50002" [_thread_in_native, id=5024, stack(0x000000001d0c0000,0x000000001d1c0000)]
  0x000000001a38e000 JavaThread "Daemon" [_thread_blocked, id=10588, stack(0x000000001cfc0000,0x000000001d0c0000)]
  0x000000001a2bb000 JavaThread "Daemon periodic checks" [_thread_blocked, id=3220, stack(0x000000001cec0000,0x000000001cfc0000)]
  0x000000001a2cb000 JavaThread "Incoming local TCP Connector on port 50001" [_thread_in_native, id=3796, stack(0x0000000019f40000,0x000000001a040000)]
  0x000000001990b800 JavaThread "Daemon health stats" [_thread_blocked, id=2728, stack(0x0000000019e40000,0x0000000019f40000)]
  0x0000000019874000 JavaThread "Service Thread" daemon [_thread_blocked, id=5904, stack(0x0000000019c40000,0x0000000019d40000)]
  0x0000000017ee7800 JavaThread "C1 CompilerThread2" daemon [_thread_blocked, id=4032, stack(0x0000000019740000,0x0000000019840000)]
  0x0000000017edb000 JavaThread "C2 CompilerThread1" daemon [_thread_in_native, id=720, stack(0x0000000019640000,0x0000000019740000)]
  0x0000000017ed1000 JavaThread "C2 CompilerThread0" daemon [_thread_in_native, id=2216, stack(0x0000000019540000,0x0000000019640000)]
  0x0000000017ed6800 JavaThread "Attach Listener" daemon [_thread_blocked, id=10188, stack(0x0000000019440000,0x0000000019540000)]
  0x0000000017ed5800 JavaThread "Signal Dispatcher" daemon [_thread_blocked, id=11048, stack(0x0000000019340000,0x0000000019440000)]
  0x00000000032ab000 JavaThread "Finalizer" daemon [_thread_blocked, id=10928, stack(0x0000000019140000,0x0000000019240000)]
  0x0000000017eb9000 JavaThread "Reference Handler" daemon [_thread_blocked, id=5732, stack(0x0000000019040000,0x0000000019140000)]
  0x000000000146e000 JavaThread "main" [_thread_blocked, id=4224, stack(0x0000000003050000,0x0000000003150000)]

Other Threads:
  0x0000000017e96000 VMThread [stack: 0x0000000018f40000,0x0000000019040000] [id=3940]
  0x0000000019874800 WatcherThread [stack: 0x0000000019d40000,0x0000000019e40000] [id=12748]

VM state:not at safepoint (normal execution)

VM Mutex/Monitor currently owned by a thread: None

heap address: 0x0000000080000000, size: 2048 MB, Compressed Oops mode: 32-bit
Narrow klass base: 0x0000000000000000, Narrow klass shift: 3
Compressed class space size: 1073741824 Address: 0x0000000100000000

Heap:
 PSYoungGen      total 173056K, used 123237K [0x00000000d5580000, 0x00000000e3000000, 0x0000000100000000)
  eden space 160768K, 76% used [0x00000000d5580000,0x00000000dcdd97c8,0x00000000df280000)
  from space 12288K, 0% used [0x00000000df280000,0x00000000df280000,0x00000000dfe80000)
  to   space 13312K, 0% used [0x00000000e2300000,0x00000000e2300000,0x00000000e3000000)
 ParOldGen       total 120832K, used 17326K [0x0000000080000000, 0x0000000087600000, 0x00000000d5580000)
  object space 120832K, 14% used [0x0000000080000000,0x00000000810eb9d0,0x0000000087600000)
 Metaspace       used 44795K, capacity 46196K, committed 46376K, reserved 1089536K
  class space    used 6060K, capacity 6416K, committed 6448K, reserved 1048576K

Card table byte_map: [0x0000000012670000,0x0000000012a80000] byte_map_base: 0x0000000012270000

Marking Bits: (ParMarkBitMap*) 0x000000006d14f030
 Begin Bits: [0x0000000013130000, 0x0000000015130000)
 End Bits:   [0x0000000015130000, 0x0000000017130000)

Polling page: 0x0000000001410000

CodeCache: size=245760Kb used=11917Kb max_used=13082Kb free=233842Kb
 bounds [0x00000000032b0000, 0x0000000003f80000, 0x00000000122b0000]
 total_blobs=4325 nmethods=3582 adapters=656
 compilation: enabled

Compilation events (10 events):
Event: 8.294 Thread 0x0000000017ee7800 3957       3       org.objectweb.asm.ByteVector::putUTF8 (144 bytes)
Event: 8.295 Thread 0x0000000017ee7800 nmethod 3957 0x0000000003597c10 code [0x0000000003597e00, 0x00000000035986b8]
Event: 8.302 Thread 0x0000000017ee7800 3958       3       sun.reflect.annotation.AnnotationParser$1::run (5 bytes)
Event: 8.303 Thread 0x0000000017ee7800 nmethod 3958 0x0000000003434050 code [0x00000000034341c0, 0x00000000034343c8]
Event: 8.303 Thread 0x0000000017ee7800 3959       3       sun.reflect.annotation.AnnotationParser$1::run (40 bytes)
Event: 8.304 Thread 0x0000000017ee7800 nmethod 3959 0x0000000003885a90 code [0x0000000003885cc0, 0x0000000003886ad8]
Event: 8.304 Thread 0x0000000017ee7800 3960       3       sun.reflect.annotation.AnnotationInvocationHandler::<init> (56 bytes)
Event: 8.304 Thread 0x0000000017ee7800 nmethod 3960 0x0000000003601190 code [0x0000000003601340, 0x0000000003601968]
Event: 8.308 Thread 0x0000000017ed1000 nmethod 3844 0x00000000038cf390 code [0x00000000038cf8e0, 0x00000000038d4ca0]
Event: 8.308 Thread 0x0000000017ed1000 3948       4       org.objectweb.asm.SymbolTable::addConstantUtf8 (98 bytes)

GC Heap History (10 events):
Event: 3.417 GC heap before
{Heap before GC invocations=5 (full 0):
 PSYoungGen      total 88576K, used 44782K [0x00000000d5580000, 0x00000000db280000, 0x0000000100000000)
  eden space 81920K, 46% used [0x00000000d5580000,0x00000000d7abcb90,0x00000000da580000)
  from space 6656K, 99% used [0x00000000dac00000,0x00000000db27eca0,0x00000000db280000)
  to   space 6656K, 0% used [0x00000000da580000,0x00000000da580000,0x00000000dac00000)
 ParOldGen       total 109568K, used 3787K [0x0000000080000000, 0x0000000086b00000, 0x00000000d5580000)
  object space 109568K, 3% used [0x0000000080000000,0x00000000803b2e78,0x0000000086b00000)
 Metaspace       used 20632K, capacity 21260K, committed 21296K, reserved 1067008K
  class space    used 2893K, capacity 3116K, committed 3120K, reserved 1048576K
Event: 3.431 GC heap after
Heap after GC invocations=5 (full 0):
 PSYoungGen      total 88576K, used 6628K [0x00000000d5580000, 0x00000000e0c80000, 0x0000000100000000)
  eden space 81920K, 0% used [0x00000000d5580000,0x00000000d5580000,0x00000000da580000)
  from space 6656K, 99% used [0x00000000da580000,0x00000000dabf9050,0x00000000dac00000)
  to   space 11776K, 0% used [0x00000000e0100000,0x00000000e0100000,0x00000000e0c80000)
 ParOldGen       total 109568K, used 6662K [0x0000000080000000, 0x0000000086b00000, 0x00000000d5580000)
  object space 109568K, 6% used [0x0000000080000000,0x0000000080681bd8,0x0000000086b00000)
 Metaspace       used 20632K, capacity 21260K, committed 21296K, reserved 1067008K
  class space    used 2893K, capacity 3116K, committed 3120K, reserved 1048576K
}
Event: 3.431 GC heap before
{Heap before GC invocations=6 (full 1):
 PSYoungGen      total 88576K, used 6628K [0x00000000d5580000, 0x00000000e0c80000, 0x0000000100000000)
  eden space 81920K, 0% used [0x00000000d5580000,0x00000000d5580000,0x00000000da580000)
  from space 6656K, 99% used [0x00000000da580000,0x00000000dabf9050,0x00000000dac00000)
  to   space 11776K, 0% used [0x00000000e0100000,0x00000000e0100000,0x00000000e0c80000)
 ParOldGen       total 109568K, used 6662K [0x0000000080000000, 0x0000000086b00000, 0x00000000d5580000)
  object space 109568K, 6% used [0x0000000080000000,0x0000000080681bd8,0x0000000086b00000)
 Metaspace       used 20632K, capacity 21260K, committed 21296K, reserved 1067008K
  class space    used 2893K, capacity 3116K, committed 3120K, reserved 1048576K
Event: 3.487 GC heap after
Heap after GC invocations=6 (full 1):
 PSYoungGen      total 88576K, used 0K [0x00000000d5580000, 0x00000000e0c80000, 0x0000000100000000)
  eden space 81920K, 0% used [0x00000000d5580000,0x00000000d5580000,0x00000000da580000)
  from space 6656K, 0% used [0x00000000da580000,0x00000000da580000,0x00000000dac00000)
  to   space 11776K, 0% used [0x00000000e0100000,0x00000000e0100000,0x00000000e0c80000)
 ParOldGen       total 73728K, used 9294K [0x0000000080000000, 0x0000000084800000, 0x00000000d5580000)
  object space 73728K, 12% used [0x0000000080000000,0x0000000080913a20,0x0000000084800000)
 Metaspace       used 20632K, capacity 21260K, committed 21296K, reserved 1067008K
  class space    used 2893K, capacity 3116K, committed 3120K, reserved 1048576K
}
Event: 4.544 GC heap before
{Heap before GC invocations=7 (full 1):
 PSYoungGen      total 88576K, used 81920K [0x00000000d5580000, 0x00000000e0c80000, 0x0000000100000000)
  eden space 81920K, 100% used [0x00000000d5580000,0x00000000da580000,0x00000000da580000)
  from space 6656K, 0% used [0x00000000da580000,0x00000000da580000,0x00000000dac00000)
  to   space 11776K, 0% used [0x00000000e0100000,0x00000000e0100000,0x00000000e0c80000)
 ParOldGen       total 73728K, used 9294K [0x0000000080000000, 0x0000000084800000, 0x00000000d5580000)
  object space 73728K, 12% used [0x0000000080000000,0x0000000080913a20,0x0000000084800000)
 Metaspace       used 29822K, capacity 30598K, committed 30896K, reserved 1075200K
  class space    used 4018K, capacity 4258K, committed 4272K, reserved 1048576K
Event: 4.558 GC heap after
Heap after GC invocations=7 (full 1):
 PSYoungGen      total 134144K, used 9408K [0x00000000d5580000, 0x00000000e0a80000, 0x0000000100000000)
  eden space 124416K, 0% used [0x00000000d5580000,0x00000000d5580000,0x00000000dcf00000)
  from space 9728K, 96% used [0x00000000e0100000,0x00000000e0a300e8,0x00000000e0a80000)
  to   space 12288K, 0% used [0x00000000df280000,0x00000000df280000,0x00000000dfe80000)
 ParOldGen       total 73728K, used 9302K [0x0000000080000000, 0x0000000084800000, 0x00000000d5580000)
  object space 73728K, 12% used [0x0000000080000000,0x0000000080915a20,0x0000000084800000)
 Metaspace       used 29822K, capacity 30598K, committed 30896K, reserved 1075200K
  class space    used 4018K, capacity 4258K, committed 4272K, reserved 1048576K
}
Event: 5.890 GC heap before
{Heap before GC invocations=8 (full 1):
 PSYoungGen      total 134144K, used 108513K [0x00000000d5580000, 0x00000000e0a80000, 0x0000000100000000)
  eden space 124416K, 79% used [0x00000000d5580000,0x00000000db648420,0x00000000dcf00000)
  from space 9728K, 96% used [0x00000000e0100000,0x00000000e0a300e8,0x00000000e0a80000)
  to   space 12288K, 0% used [0x00000000df280000,0x00000000df280000,0x00000000dfe80000)
 ParOldGen       total 73728K, used 9302K [0x0000000080000000, 0x0000000084800000, 0x00000000d5580000)
  object space 73728K, 12% used [0x0000000080000000,0x0000000080915a20,0x0000000084800000)
 Metaspace       used 34572K, capacity 35414K, committed 35496K, reserved 1079296K
  class space    used 4743K, capacity 4972K, committed 5040K, reserved 1048576K
Event: 5.944 GC heap after
Heap after GC invocations=8 (full 1):
 PSYoungGen      total 173056K, used 10956K [0x00000000d5580000, 0x00000000e3000000, 0x0000000100000000)
  eden space 160768K, 0% used [0x00000000d5580000,0x00000000d5580000,0x00000000df280000)
  from space 12288K, 89% used [0x00000000df280000,0x00000000dfd333f8,0x00000000dfe80000)
  to   space 13312K, 0% used [0x00000000e2300000,0x00000000e2300000,0x00000000e3000000)
 ParOldGen       total 73728K, used 9310K [0x0000000080000000, 0x0000000084800000, 0x00000000d5580000)
  object space 73728K, 12% used [0x0000000080000000,0x0000000080917a20,0x0000000084800000)
 Metaspace       used 34572K, capacity 35414K, committed 35496K, reserved 1079296K
  class space    used 4743K, capacity 4972K, committed 5040K, reserved 1048576K
}
Event: 5.944 GC heap before
{Heap before GC invocations=9 (full 2):
 PSYoungGen      total 173056K, used 10956K [0x00000000d5580000, 0x00000000e3000000, 0x0000000100000000)
  eden space 160768K, 0% used [0x00000000d5580000,0x00000000d5580000,0x00000000df280000)
  from space 12288K, 89% used [0x00000000df280000,0x00000000dfd333f8,0x00000000dfe80000)
  to   space 13312K, 0% used [0x00000000e2300000,0x00000000e2300000,0x00000000e3000000)
 ParOldGen       total 73728K, used 9310K [0x0000000080000000, 0x0000000084800000, 0x00000000d5580000)
  object space 73728K, 12% used [0x0000000080000000,0x0000000080917a20,0x0000000084800000)
 Metaspace       used 34572K, capacity 35414K, committed 35496K, reserved 1079296K
  class space    used 4743K, capacity 4972K, committed 5040K, reserved 1048576K
Event: 6.117 GC heap after
Heap after GC invocations=9 (full 2):
 PSYoungGen      total 173056K, used 0K [0x00000000d5580000, 0x00000000e3000000, 0x0000000100000000)
  eden space 160768K, 0% used [0x00000000d5580000,0x00000000d5580000,0x00000000df280000)
  from space 12288K, 0% used [0x00000000df280000,0x00000000df280000,0x00000000dfe80000)
  to   space 13312K, 0% used [0x00000000e2300000,0x00000000e2300000,0x00000000e3000000)
 ParOldGen       total 120832K, used 17326K [0x0000000080000000, 0x0000000087600000, 0x00000000d5580000)
  object space 120832K, 14% used [0x0000000080000000,0x00000000810eb9d0,0x0000000087600000)
 Metaspace       used 34572K, capacity 35414K, committed 35496K, reserved 1079296K
  class space    used 4743K, capacity 4972K, committed 5040K, reserved 1048576K
}

Deoptimization events (10 events):
Event: 8.018 Thread 0x000000001a0e1800 Uncommon trap: reason=unstable_if action=reinterpret pc=0x0000000003f1e200 method=java.lang.ThreadLocal.get()Ljava/lang/Object; @ 11
Event: 8.053 Thread 0x000000001a0e1800 Uncommon trap: reason=unstable_if action=reinterpret pc=0x00000000037b39fc method=java.lang.CharacterDataLatin1.isWhitespace(I)Z @ 14
Event: 8.096 Thread 0x000000001a0e1800 Uncommon trap: reason=unstable_if action=reinterpret pc=0x0000000003c6c928 method=java.util.jar.JarFile.maybeInstantiateVerifier()V @ 4
Event: 8.098 Thread 0x000000001a0e1800 Uncommon trap: reason=unstable_if action=reinterpret pc=0x0000000003f6da94 method=java.util.jar.JarFile.maybeInstantiateVerifier()V @ 4
Event: 8.098 Thread 0x000000001a0e1800 Uncommon trap: reason=unstable_if action=reinterpret pc=0x0000000003f18230 method=java.security.CodeSource.<init>(Ljava/net/URL;[Ljava/security/CodeSigner;)V @ 25
Event: 8.099 Thread 0x000000001a0e1800 Uncommon trap: reason=unstable_if action=reinterpret pc=0x00000000039277ac method=java.security.CodeSource.getCertificates()[Ljava/security/cert/Certificate; @ 22
Event: 8.100 Thread 0x000000001a0e1800 Uncommon trap: reason=unstable_if action=reinterpret pc=0x00000000037ae3b0 method=java.util.jar.JarFile.maybeInstantiateVerifier()V @ 4
Event: 8.101 Thread 0x000000001a0e1800 Uncommon trap: reason=unstable_if action=reinterpret pc=0x0000000003debefc method=java.security.CodeSource.matchCerts(Ljava/security/CodeSource;Z)Z @ 11
Event: 8.144 Thread 0x000000001a0e1800 Uncommon trap: reason=unstable_if action=reinterpret pc=0x0000000003f0afd8 method=java.util.LinkedHashMap.get(Ljava/lang/Object;)Ljava/lang/Object; @ 20
Event: 8.293 Thread 0x000000001a0e1800 Uncommon trap: reason=unstable_if action=reinterpret pc=0x000000000391cea8 method=org.objectweb.asm.ByteVector.putUTF8(Ljava/lang/String;)Lorg/objectweb/asm/ByteVector; @ 93

Classes redefined (0 events):
No events

Internal exceptions (10 events):
Event: 6.957 Thread 0x000000001a101800 Exception <a 'java/lang/NoSuchMethodError': <clinit>> (0x00000000d5b2f778) thrown at [C:\src\AOSP-openjdk-git\hotspot\src\share\vm\prims\jni.cpp, line 1615]
Event: 6.959 Thread 0x000000001a101800 Exception <a 'java/lang/NoSuchMethodError': <clinit>> (0x00000000d5b3a698) thrown at [C:\src\AOSP-openjdk-git\hotspot\src\share\vm\prims\jni.cpp, line 1615]
Event: 6.962 Thread 0x000000001a101800 Exception <a 'java/lang/NoSuchMethodError': <clinit>> (0x00000000d5b4daa0) thrown at [C:\src\AOSP-openjdk-git\hotspot\src\share\vm\prims\jni.cpp, line 1615]
Event: 6.997 Thread 0x000000001a0e1800 Exception <a 'java/lang/ClassNotFoundException': build_aovsxjmgit76fwibr5uck7ihiBeanInfo> (0x00000000d7f9c560) thrown at [C:\src\AOSP-openjdk-git\hotspot\src\share\vm\classfile\systemDictionary.cpp, line 210]
Event: 6.998 Thread 0x000000001a0e1800 Exception <a 'java/lang/ClassNotFoundException': build_aovsxjmgit76fwibr5uck7ihiCustomizer> (0x00000000d7fa9740) thrown at [C:\src\AOSP-openjdk-git\hotspot\src\share\vm\classfile\systemDictionary.cpp, line 210]
Event: 7.006 Thread 0x000000001a0e1800 Exception <a 'java/lang/ClassNotFoundException': org/gradle/api/internal/plugins/DefaultObjectConfigurationActionBeanInfo> (0x00000000d80244d0) thrown at [C:\src\AOSP-openjdk-git\hotspot\src\share\vm\classfile\systemDictionary.cpp, line 210]
Event: 7.007 Thread 0x000000001a0e1800 Exception <a 'java/lang/ClassNotFoundException': org/gradle/api/internal/plugins/DefaultObjectConfigurationActionCustomizer> (0x00000000d80696a0) thrown at [C:\src\AOSP-openjdk-git\hotspot\src\share\vm\classfile\systemDictionary.cpp, line 210]
Event: 7.326 Thread 0x000000001a0e1800 Implicit null exception at 0x0000000003e513e8 to 0x0000000003e5d095
Event: 7.327 Thread 0x000000001a0e1800 Implicit null exception at 0x0000000003c5bb55 to 0x0000000003c5be3d
Event: 8.018 Thread 0x000000001a0e1800 Implicit null exception at 0x0000000003f1dca8 to 0x0000000003f1e1e9

Events (10 events):
Event: 8.315 loading class com/google/common/base/CaseFormat$2
Event: 8.315 loading class com/google/common/base/CaseFormat$2 done
Event: 8.315 loading class com/google/common/base/CaseFormat$3
Event: 8.315 loading class com/google/common/base/CaseFormat$3 done
Event: 8.316 loading class com/google/common/base/CaseFormat$4
Event: 8.316 loading class com/google/common/base/CaseFormat$4 done
Event: 8.316 loading class com/google/common/base/CaseFormat$5
Event: 8.316 loading class com/google/common/base/CaseFormat$5 done
Event: 8.317 loading class com/google/common/base/CaseFormat$StringConverter
Event: 8.317 loading class com/google/common/base/CaseFormat$StringConverter done


Dynamic libraries:
0x00007ff6fe4f0000 - 0x00007ff6fe521000 	C:\Program Files\Android\Android Studio\jre\bin\java.exe
0x00007ffa16170000 - 0x00007ffa16365000 	C:\Windows\SYSTEM32\ntdll.dll
0x00007ffa158d0000 - 0x00007ffa1598d000 	C:\Windows\System32\KERNEL32.DLL
0x00007ffa13ae0000 - 0x00007ffa13da7000 	C:\Windows\System32\KERNELBASE.dll
0x00007ffa15330000 - 0x00007ffa153da000 	C:\Windows\System32\ADVAPI32.dll
0x00007ffa143e0000 - 0x00007ffa1447e000 	C:\Windows\System32\msvcrt.dll
0x00007ffa155a0000 - 0x00007ffa1563b000 	C:\Windows\System32\sechost.dll
0x00007ffa153e0000 - 0x00007ffa15504000 	C:\Windows\System32\RPCRT4.dll
0x00007ffa159f0000 - 0x00007ffa15b90000 	C:\Windows\System32\USER32.dll
0x00007ffa139b0000 - 0x00007ffa139d2000 	C:\Windows\System32\win32u.dll
0x00007ffa15cf0000 - 0x00007ffa15d1a000 	C:\Windows\System32\GDI32.dll
0x00007ffa14020000 - 0x00007ffa14129000 	C:\Windows\System32\gdi32full.dll
0x00007ffa14130000 - 0x00007ffa141cd000 	C:\Windows\System32\msvcp_win.dll
0x00007ffa139e0000 - 0x00007ffa13ae0000 	C:\Windows\System32\ucrtbase.dll
0x00007ffa12cd0000 - 0x00007ffa12f6b000 	C:\Windows\WinSxS\amd64_microsoft.windows.common-controls_6595b64144ccf1df_6.0.19041.488_none_ca04af081b815d21\COMCTL32.dll
0x00007ffa158a0000 - 0x00007ffa158d0000 	C:\Windows\System32\IMM32.DLL
0x000000006c7c0000 - 0x000000006c892000 	C:\Program Files\Android\Android Studio\jre\jre\bin\msvcr100.dll
0x000000006c980000 - 0x000000006d1cb000 	C:\Program Files\Android\Android Studio\jre\jre\bin\server\jvm.dll
0x00007ffa15510000 - 0x00007ffa15518000 	C:\Windows\System32\PSAPI.DLL
0x00007ffa11030000 - 0x00007ffa11039000 	C:\Windows\SYSTEM32\WSOCK32.dll
0x00007ffa06e30000 - 0x00007ffa06e57000 	C:\Windows\SYSTEM32\WINMM.dll
0x00007ffa15520000 - 0x00007ffa1558b000 	C:\Windows\System32\WS2_32.dll
0x00007ffa10ab0000 - 0x00007ffa10aba000 	C:\Windows\SYSTEM32\VERSION.dll
0x00007ffa11020000 - 0x00007ffa1102f000 	C:\Program Files\Android\Android Studio\jre\jre\bin\verify.dll
0x00007ffa10af0000 - 0x00007ffa10b19000 	C:\Program Files\Android\Android Studio\jre\jre\bin\java.dll
0x00007ffa10f80000 - 0x00007ffa10f96000 	C:\Program Files\Android\Android Studio\jre\jre\bin\zip.dll
0x00007ffa14480000 - 0x00007ffa14bc1000 	C:\Windows\System32\SHELL32.dll
0x00007ffa113c0000 - 0x00007ffa11b53000 	C:\Windows\SYSTEM32\windows.storage.dll
0x00007ffa15d20000 - 0x00007ffa16075000 	C:\Windows\System32\combase.dll
0x00007ffa12c30000 - 0x00007ffa12c5c000 	C:\Windows\SYSTEM32\Wldp.dll
0x00007ffa16080000 - 0x00007ffa1612e000 	C:\Windows\System32\SHCORE.dll
0x00007ffa15840000 - 0x00007ffa15895000 	C:\Windows\System32\shlwapi.dll
0x00007ffa137e0000 - 0x00007ffa13806000 	C:\Windows\SYSTEM32\profapi.dll
0x00007ffa0c430000 - 0x00007ffa0c44a000 	C:\Program Files\Android\Android Studio\jre\jre\bin\net.dll
0x00007ffa129b0000 - 0x00007ffa12a1a000 	C:\Windows\system32\mswsock.dll
0x00007ffa0bb60000 - 0x00007ffa0bb73000 	C:\Program Files\Android\Android Studio\jre\jre\bin\nio.dll
0x00007ff9feaa0000 - 0x00007ff9feac6000 	C:\Users\Danielle\.gradle\native\31\windows-amd64\native-platform.dll
0x00007ffa11010000 - 0x00007ffa1101d000 	C:\Program Files\Android\Android Studio\jre\jre\bin\management.dll
0x00007ffa13560000 - 0x00007ffa13578000 	C:\Windows\SYSTEM32\CRYPTSP.dll
0x00007ffa12300000 - 0x00007ffa12334000 	C:\Windows\system32\rsaenh.dll
0x00007ffa13ff0000 - 0x00007ffa14017000 	C:\Windows\System32\bcrypt.dll
0x00007ffa13760000 - 0x00007ffa1378e000 	C:\Windows\SYSTEM32\USERENV.dll
0x00007ffa13e10000 - 0x00007ffa13e8f000 	C:\Windows\System32\bcryptprimitives.dll
0x00007ffa12b80000 - 0x00007ffa12b8c000 	C:\Windows\SYSTEM32\CRYPTBASE.dll
0x00007ffa12640000 - 0x00007ffa1267b000 	C:\Windows\SYSTEM32\IPHLPAPI.DLL
0x00007ffa14dd0000 - 0x00007ffa14dd9000 	C:\Windows\System32\NSI.dll
0x00007ffa095a0000 - 0x00007ffa095b7000 	C:\Windows\SYSTEM32\dhcpcsvc6.DLL
0x00007ffa09af0000 - 0x00007ffa09b0d000 	C:\Windows\SYSTEM32\dhcpcsvc.DLL
0x00007ffa12680000 - 0x00007ffa1274b000 	C:\Windows\SYSTEM32\DNSAPI.dll
0x00007ffa13320000 - 0x00007ffa13504000 	C:\Windows\SYSTEM32\dbghelp.dll

VM Arguments:
jvm_args: -Xmx2048m -Dfile.encoding=windows-1252 -Duser.country=CA -Duser.language=en -Duser.variant 
java_command: org.gradle.launcher.daemon.bootstrap.GradleDaemon 6.1.1
java_class_path (initial): C:\Users\Danielle\.gradle\wrapper\dists\gradle-6.1.1-all\cfmwm155h49vnt3hynmlrsdst\gradle-6.1.1\lib\gradle-launcher-6.1.1.jar
Launcher Type: SUN_STANDARD

Environment Variables:
PATH=C:\Windows\system32;C:\Windows;C:\Windows\System32\Wbem;C:\Windows\System32\WindowsPowerShell\v1.0\;C:\Windows\System32\OpenSSH\;C:\Users\Danielle\AppData\Local\Microsoft\WindowsApps;C:\Users\Danielle\AppData\Local\Programs\Microsoft VS Code\bin;C:\Users\Danielle\AppData\Local\Programs\Git\cmd
USERNAME=Danielle
OS=Windows_NT
PROCESSOR_IDENTIFIER=Intel64 Family 6 Model 58 Stepping 9, GenuineIntel



---------------  S Y S T E M  ---------------

OS: Windows 10.0 , 64 bit Build 19041 (10.0.19041.292)

CPU:total 4 (initial active 4) (2 cores per cpu, 2 threads per core) family 6 model 58 stepping 9, cmov, cx8, fxsr, mmx, sse, sse2, sse3, ssse3, sse4.1, sse4.2, popcnt, avx, aes, clmul, erms, ht, tsc, tscinvbit, tscinv

Memory: 4k page, physical 10368572k(5198384k free), swap 12596796k(6771656k free)

vm_info: OpenJDK 64-Bit Server VM (25.242-b01) for windows-amd64 JRE (1.8.0_242-release-1644-b01), built by "builder" with MS VC++ 10.0 (VS2010)

time: Sun Sep 20 22:01:05 2020
timezone: Pacific Daylight Time
elapsed time: 8 seconds (0d 0h 0m 8s)

