#
# A fatal error has been detected by the Java Runtime Environment:
#
#  EXCEPTION_ACCESS_VIOLATION (0xc0000005) at pc=0x000000006751305d, pid=952, tid=0x000000000000043c
#
# JRE version: OpenJDK Runtime Environment (8.0_242-b01) (build 1.8.0_242-release-1644-b01)
# Java VM: OpenJDK 64-Bit Server VM (25.242-b01 mixed mode windows-amd64 compressed oops)
# Problematic frame:
# V  [jvm.dll+0x47305d]
#
# Failed to write core dump. Minidumps are not enabled by default on client versions of Windows
#
# If you would like to submit a bug report, please visit:
#   
#

---------------  T H R E A D  ---------------

Current thread (0x00000000171fb800):  JavaThread "C2 CompilerThread1" daemon [_thread_in_native, id=1084, stack(0x0000000018940000,0x0000000018a40000)]

siginfo: ExceptionCode=0xc0000005, writing address 0x000000006586f750

Registers:
RAX=0x0000000018a3ef00, RBX=0x000000006586f750, RCX=0x0000000000000006, RDX=0x000000002041b520
RSP=0x0000000018a3c6f0, RBP=0x000000001f04c2a0, RSI=0x0000000000000020, RDI=0x000000001f04c548
R8 =0xfffffffffffffff8, R9 =0x0000000018a3c770, R10=0x000000006786f750, R11=0x00000000670a0000
R12=0x0000000000000000, R13=0x000000001b880f70, R14=0x000000001b881348, R15=0x0000000000000000
RIP=0x000000006751305d, EFLAGS=0x0000000000010246

Top of Stack: (sp=0x0000000018a3c6f0)
0x0000000018a3c6f0:   0000000018a3c8a0 00000000000000c3
0x0000000018a3c700:   0000000000000618 000000001df4e778
0x0000000018a3c710:   000000001f04c548 000000006752d524
0x0000000018a3c720:   0000000000000020 0000000000000100
0x0000000018a3c730:   000000001f04c548 0000000000000000
0x0000000018a3c740:   fffffffffffffff8 00000000171b59c0
0x0000000018a3c750:   0000000020150e50 000000000030ca78
0x0000000018a3c760:   0000000020151240 0000000020158e38
0x0000000018a3c770:   00000000676df9e8 00000000171b59c0
0x0000000018a3c780:   0000000000000040 000000001ef7c048
0x0000000018a3c790:   0000000018a3c860 00000000000003d8
0x0000000018a3c7a0:   000000001b881348 000000001b880f70
0x0000000018a3c7b0:   0000000000000000 000000001b880f60
0x0000000018a3c7c0:   0000000018a3c8e0 0000000018a3cb50
0x0000000018a3c7d0:   0000000000000000 00000000674dabf3
0x0000000018a3c7e0:   0000000000000000 0000000000000001 

Instructions: (pc=0x000000006751305d)
0x000000006751303d:   f2 48 8b 1c f0 ff 15 58 c3 13 00 48 8b 90 b8 03
0x000000006751304d:   00 00 48 8b 82 88 00 00 00 48 8b 90 f0 07 00 00
0x000000006751305d:   48 89 13 8b 0d b2 47 30 00 ff 15 34 c3 13 00 48
0x000000006751306d:   8b 88 b8 03 00 00 48 8b 81 88 00 00 00 48 8d 0d 


Register to memory mapping:

RAX=0x0000000018a3ef00 is pointing into the stack for thread: 0x00000000171fb800
RBX=0x000000006586f750 is an unknown value
RCX=0x0000000000000006 is an unknown value
RDX=0x000000002041b520 is an unknown value
RSP=0x0000000018a3c6f0 is pointing into the stack for thread: 0x00000000171fb800
RBP=0x000000001f04c2a0 is an unknown value
RSI=0x0000000000000020 is an unknown value
RDI=0x000000001f04c548 is an unknown value
R8 =0xfffffffffffffff8 is an unknown value
R9 =0x0000000018a3c770 is pointing into the stack for thread: 0x00000000171fb800
R10=0x000000006786f750 is an unknown value
R11=0x00000000670a0000 is an unknown value
R12=0x0000000000000000 is an unknown value
R13=0x000000001b880f70 is an unknown value
R14=0x000000001b881348 is an unknown value
R15=0x0000000000000000 is an unknown value


Stack: [0x0000000018940000,0x0000000018a40000],  sp=0x0000000018a3c6f0,  free space=1009k
Native frames: (J=compiled Java code, j=interpreted, Vv=VM code, C=native code)
V  [jvm.dll+0x47305d]
V  [jvm.dll+0x48d524]
V  [jvm.dll+0x43abf3]
V  [jvm.dll+0x4456ab]
V  [jvm.dll+0x447fa8]
V  [jvm.dll+0x42b072]
V  [jvm.dll+0x8230f]
V  [jvm.dll+0x82c7f]
V  [jvm.dll+0x220b7f]
V  [jvm.dll+0x27276a]
C  [msvcr100.dll+0x21d9f]
C  [msvcr100.dll+0x21e3b]
C  [KERNEL32.DLL+0x16fd4]
C  [ntdll.dll+0x4cec1]


Current CompileTask:
C2:  10306 4402       4       com.sun.beans.TypeResolver::resolve (37 bytes)


---------------  P R O C E S S  ---------------

Java Threads: ( => current thread )
  0x000000001d52d000 JavaThread "Cache worker for Build Output Cleanup Cache (C:\Users\Danielle\AndroidStudioProjects\movieOrganizer\.gradle\buildOutputCleanup)" [_thread_blocked, id=3824, stack(0x00000000233a0000,0x00000000234a0000)]
  0x000000001d52e000 JavaThread "Build operations Thread 4" [_thread_blocked, id=8684, stack(0x00000000227f0000,0x00000000228f0000)]
  0x000000001d52b000 JavaThread "Build operations Thread 3" [_thread_blocked, id=8244, stack(0x00000000226f0000,0x00000000227f0000)]
  0x000000001d531800 JavaThread "Build operations Thread 2" [_thread_blocked, id=1612, stack(0x00000000225f0000,0x00000000226f0000)]
  0x000000001d52f800 JavaThread "Build operations" [_thread_blocked, id=3924, stack(0x0000000020c40000,0x0000000020d40000)]
  0x000000001ac20000 JavaThread "Cache worker for execution history cache (C:\Users\Danielle\.gradle\caches\6.1.1\executionHistory)" [_thread_blocked, id=8064, stack(0x00000000207a0000,0x00000000208a0000)]
  0x000000001ac1f800 JavaThread "Cache worker for cache directory md-rule (C:\Users\Danielle\.gradle\caches\6.1.1\md-rule)" [_thread_blocked, id=2144, stack(0x000000001f670000,0x000000001f770000)]
  0x000000001ac25800 JavaThread "Cache worker for cache directory md-supplier (C:\Users\Danielle\.gradle\caches\6.1.1\md-supplier)" [_thread_blocked, id=8692, stack(0x000000001f370000,0x000000001f470000)]
  0x000000001ac24800 JavaThread "Cache worker for file hash cache (C:\Users\Danielle\AndroidStudioProjects\movieOrganizer\.gradle\6.1.1\fileHashes)" [_thread_blocked, id=1840, stack(0x0000000020b40000,0x0000000020c40000)]
  0x000000001ac23000 JavaThread "Cache worker for checksums cache (C:\Users\Danielle\AndroidStudioProjects\movieOrganizer\.gradle\checksums)" [_thread_blocked, id=9088, stack(0x000000001d060000,0x000000001d160000)]
  0x000000001ac24000 JavaThread "Cache worker for file hash cache (C:\Users\Danielle\.gradle\caches\6.1.1\fileHashes)" [_thread_blocked, id=6356, stack(0x000000001cf60000,0x000000001d060000)]
  0x000000001ac22800 JavaThread "File lock request listener" [_thread_in_native, id=5016, stack(0x000000001ce60000,0x000000001cf60000)]
  0x000000001ad12000 JavaThread "Cache worker for journal cache (C:\Users\Danielle\.gradle\caches\journal-1)" [_thread_blocked, id=9780, stack(0x000000001cd60000,0x000000001ce60000)]
  0x00000000191c5800 JavaThread "Thread-9" [_thread_blocked, id=6712, stack(0x000000001ca60000,0x000000001cb60000)]
  0x00000000191c5000 JavaThread "Stdin handler" [_thread_blocked, id=2964, stack(0x000000001c960000,0x000000001ca60000)]
  0x00000000191c8000 JavaThread "Asynchronous log dispatcher for DefaultDaemonConnection: socket connection from /127.0.0.1:50171 to /127.0.0.1:50172" [_thread_blocked, id=8904, stack(0x000000001c860000,0x000000001c960000)]
  0x000000001927a000 JavaThread "Daemon worker" [_thread_in_vm, id=6756, stack(0x000000001c760000,0x000000001c860000)]
  0x0000000019279800 JavaThread "Cancel handler" [_thread_blocked, id=1424, stack(0x000000001c660000,0x000000001c760000)]
  0x00000000194fb000 JavaThread "Handler for socket connection from /127.0.0.1:50171 to /127.0.0.1:50172" [_thread_in_native, id=10156, stack(0x000000001c360000,0x000000001c460000)]
  0x000000001ab99000 JavaThread "Daemon" [_thread_blocked, id=6976, stack(0x000000001c260000,0x000000001c360000)]
  0x000000001ab9d800 JavaThread "Daemon periodic checks" [_thread_blocked, id=916, stack(0x000000001c160000,0x000000001c260000)]
  0x000000001941d000 JavaThread "Incoming local TCP Connector on port 50171" [_thread_in_native, id=3888, stack(0x000000001bf20000,0x000000001c020000)]
  0x0000000019197000 JavaThread "Daemon health stats" [_thread_blocked, id=8520, stack(0x000000001b8e0000,0x000000001b9e0000)]
  0x0000000018b68800 JavaThread "Service Thread" daemon [_thread_blocked, id=1128, stack(0x0000000018f40000,0x0000000019040000)]
  0x000000001720a000 JavaThread "C1 CompilerThread2" daemon [_thread_in_native, id=6880, stack(0x0000000018a40000,0x0000000018b40000)]
=>0x00000000171fb800 JavaThread "C2 CompilerThread1" daemon [_thread_in_native, id=1084, stack(0x0000000018940000,0x0000000018a40000)]
  0x00000000171f7000 JavaThread "C2 CompilerThread0" daemon [_thread_in_native, id=6428, stack(0x0000000018840000,0x0000000018940000)]
  0x00000000171f4800 JavaThread "Attach Listener" daemon [_thread_blocked, id=5468, stack(0x0000000018740000,0x0000000018840000)]
  0x00000000171f1800 JavaThread "Signal Dispatcher" daemon [_thread_blocked, id=2132, stack(0x0000000018640000,0x0000000018740000)]
  0x00000000024fb000 JavaThread "Finalizer" daemon [_thread_blocked, id=5720, stack(0x0000000018440000,0x0000000018540000)]
  0x00000000171d9000 JavaThread "Reference Handler" daemon [_thread_blocked, id=540, stack(0x0000000018340000,0x0000000018440000)]
  0x00000000025ce000 JavaThread "main" [_thread_blocked, id=3608, stack(0x0000000000b20000,0x0000000000c20000)]

Other Threads:
  0x00000000171b6000 VMThread [stack: 0x0000000018240000,0x0000000018340000] [id=1772]
  0x0000000018b69000 WatcherThread [stack: 0x0000000019040000,0x0000000019140000] [id=8124]

VM state:not at safepoint (normal execution)

VM Mutex/Monitor currently owned by a thread: None

heap address: 0x0000000080000000, size: 2048 MB, Compressed Oops mode: 32-bit
Narrow klass base: 0x0000000000000000, Narrow klass shift: 3
Compressed class space size: 1073741824 Address: 0x0000000100000000

Heap:
 PSYoungGen      total 211456K, used 52535K [0x00000000d5580000, 0x00000000e5000000, 0x0000000100000000)
  eden space 197632K, 19% used [0x00000000d5580000,0x00000000d7b55610,0x00000000e1680000)
  from space 13824K, 99% used [0x00000000e2880000,0x00000000e35f8830,0x00000000e3600000)
  to   space 18432K, 0% used [0x00000000e1680000,0x00000000e1680000,0x00000000e2880000)
 ParOldGen       total 113664K, used 23557K [0x0000000080000000, 0x0000000086f00000, 0x00000000d5580000)
  object space 113664K, 20% used [0x0000000080000000,0x0000000081701690,0x0000000086f00000)
 Metaspace       used 52264K, capacity 53972K, committed 54184K, reserved 1095680K
  class space    used 7087K, capacity 7487K, committed 7592K, reserved 1048576K

Card table byte_map: [0x0000000011990000,0x0000000011da0000] byte_map_base: 0x0000000011590000

Marking Bits: (ParMarkBitMap*) 0x000000006786f030
 Begin Bits: [0x0000000012450000, 0x0000000014450000)
 End Bits:   [0x0000000014450000, 0x0000000016450000)

Polling page: 0x0000000000c20000

CodeCache: size=245760Kb used=14642Kb max_used=14642Kb free=231117Kb
 bounds [0x00000000025d0000, 0x0000000003430000, 0x00000000115d0000]
 total_blobs=4996 nmethods=4227 adapters=682
 compilation: enabled

Compilation events (10 events):
Event: 10.272 Thread 0x000000001720a000 4597       1       org.gradle.internal.ImmutableActionSet$EmptySet::isEmpty (2 bytes)
Event: 10.272 Thread 0x000000001720a000 nmethod 4597 0x0000000002b665d0 code [0x0000000002b66720, 0x0000000002b66830]
Event: 10.272 Thread 0x000000001720a000 4599       1       com.android.build.api.artifact.impl.ArtifactContainer::needInitialProducer (5 bytes)
Event: 10.272 Thread 0x000000001720a000 nmethod 4599 0x0000000002b66310 code [0x0000000002b66460, 0x0000000002b66570]
Event: 10.273 Thread 0x000000001720a000 4600       1       com.android.build.api.artifact.impl.ArtifactContainer::getFinal (5 bytes)
Event: 10.273 Thread 0x000000001720a000 nmethod 4600 0x0000000002b66010 code [0x0000000002b66160, 0x0000000002b66270]
Event: 10.273 Thread 0x000000001720a000 4602       1       com.android.build.gradle.internal.scope.VariantScopeImpl::getGlobalScope (5 bytes)
Event: 10.273 Thread 0x000000001720a000 nmethod 4602 0x0000000003425cd0 code [0x0000000003425e20, 0x0000000003425f30]
Event: 10.273 Thread 0x000000001720a000 4603       3       org.gradle.internal.ImmutableActionSet$SetWithManyActions::<init> (10 bytes)
Event: 10.274 Thread 0x000000001720a000 nmethod 4603 0x0000000003425f90 code [0x0000000003426100, 0x0000000003426330]

GC Heap History (10 events):
Event: 3.317 GC heap before
{Heap before GC invocations=6 (full 1):
 PSYoungGen      total 88576K, used 6644K [0x00000000d5580000, 0x00000000e0c80000, 0x0000000100000000)
  eden space 81920K, 0% used [0x00000000d5580000,0x00000000d5580000,0x00000000da580000)
  from space 6656K, 99% used [0x00000000da580000,0x00000000dabfd040,0x00000000dac00000)
  to   space 11776K, 0% used [0x00000000e0100000,0x00000000e0100000,0x00000000e0c80000)
 ParOldGen       total 109568K, used 6343K [0x0000000080000000, 0x0000000086b00000, 0x00000000d5580000)
  object space 109568K, 5% used [0x0000000080000000,0x0000000080631f60,0x0000000086b00000)
 Metaspace       used 20632K, capacity 21170K, committed 21296K, reserved 1067008K
  class space    used 2900K, capacity 3087K, committed 3120K, reserved 1048576K
Event: 3.359 GC heap after
Heap after GC invocations=6 (full 1):
 PSYoungGen      total 88576K, used 0K [0x00000000d5580000, 0x00000000e0c80000, 0x0000000100000000)
  eden space 81920K, 0% used [0x00000000d5580000,0x00000000d5580000,0x00000000da580000)
  from space 6656K, 0% used [0x00000000da580000,0x00000000da580000,0x00000000dac00000)
  to   space 11776K, 0% used [0x00000000e0100000,0x00000000e0100000,0x00000000e0c80000)
 ParOldGen       total 70656K, used 9164K [0x0000000080000000, 0x0000000084500000, 0x00000000d5580000)
  object space 70656K, 12% used [0x0000000080000000,0x00000000808f30a0,0x0000000084500000)
 Metaspace       used 20632K, capacity 21170K, committed 21296K, reserved 1067008K
  class space    used 2900K, capacity 3087K, committed 3120K, reserved 1048576K
}
Event: 4.586 GC heap before
{Heap before GC invocations=7 (full 1):
 PSYoungGen      total 88576K, used 81920K [0x00000000d5580000, 0x00000000e0c80000, 0x0000000100000000)
  eden space 81920K, 100% used [0x00000000d5580000,0x00000000da580000,0x00000000da580000)
  from space 6656K, 0% used [0x00000000da580000,0x00000000da580000,0x00000000dac00000)
  to   space 11776K, 0% used [0x00000000e0100000,0x00000000e0100000,0x00000000e0c80000)
 ParOldGen       total 70656K, used 9172K [0x0000000080000000, 0x0000000084500000, 0x00000000d5580000)
  object space 70656K, 12% used [0x0000000080000000,0x00000000808f5218,0x0000000084500000)
 Metaspace       used 29948K, capacity 30618K, committed 30896K, reserved 1075200K
  class space    used 4043K, capacity 4264K, committed 4272K, reserved 1048576K
Event: 4.605 GC heap after
Heap after GC invocations=7 (full 1):
 PSYoungGen      total 139264K, used 9681K [0x00000000d5580000, 0x00000000e0a80000, 0x0000000100000000)
  eden space 129536K, 0% used [0x00000000d5580000,0x00000000d5580000,0x00000000dd400000)
  from space 9728K, 99% used [0x00000000e0100000,0x00000000e0a74640,0x00000000e0a80000)
  to   space 12288K, 0% used [0x00000000df280000,0x00000000df280000,0x00000000dfe80000)
 ParOldGen       total 70656K, used 9180K [0x0000000080000000, 0x0000000084500000, 0x00000000d5580000)
  object space 70656K, 12% used [0x0000000080000000,0x00000000808f7218,0x0000000084500000)
 Metaspace       used 29948K, capacity 30618K, committed 30896K, reserved 1075200K
  class space    used 4043K, capacity 4264K, committed 4272K, reserved 1048576K
}
Event: 6.582 GC heap before
{Heap before GC invocations=8 (full 1):
 PSYoungGen      total 139264K, used 108699K [0x00000000d5580000, 0x00000000e0a80000, 0x0000000100000000)
  eden space 129536K, 76% used [0x00000000d5580000,0x00000000db632968,0x00000000dd400000)
  from space 9728K, 99% used [0x00000000e0100000,0x00000000e0a74640,0x00000000e0a80000)
  to   space 12288K, 0% used [0x00000000df280000,0x00000000df280000,0x00000000dfe80000)
 ParOldGen       total 70656K, used 9180K [0x0000000080000000, 0x0000000084500000, 0x00000000d5580000)
  object space 70656K, 12% used [0x0000000080000000,0x00000000808f7218,0x0000000084500000)
 Metaspace       used 34565K, capacity 35348K, committed 35496K, reserved 1079296K
  class space    used 4717K, capacity 4933K, committed 5032K, reserved 1048576K
Event: 6.606 GC heap after
Heap after GC invocations=8 (full 1):
 PSYoungGen      total 173056K, used 11300K [0x00000000d5580000, 0x00000000e3600000, 0x0000000100000000)
  eden space 160768K, 0% used [0x00000000d5580000,0x00000000d5580000,0x00000000df280000)
  from space 12288K, 91% used [0x00000000df280000,0x00000000dfd893b8,0x00000000dfe80000)
  to   space 13824K, 0% used [0x00000000e2880000,0x00000000e2880000,0x00000000e3600000)
 ParOldGen       total 70656K, used 9188K [0x0000000080000000, 0x0000000084500000, 0x00000000d5580000)
  object space 70656K, 13% used [0x0000000080000000,0x00000000808f9218,0x0000000084500000)
 Metaspace       used 34565K, capacity 35348K, committed 35496K, reserved 1079296K
  class space    used 4717K, capacity 4933K, committed 5032K, reserved 1048576K
}
Event: 6.606 GC heap before
{Heap before GC invocations=9 (full 2):
 PSYoungGen      total 173056K, used 11300K [0x00000000d5580000, 0x00000000e3600000, 0x0000000100000000)
  eden space 160768K, 0% used [0x00000000d5580000,0x00000000d5580000,0x00000000df280000)
  from space 12288K, 91% used [0x00000000df280000,0x00000000dfd893b8,0x00000000dfe80000)
  to   space 13824K, 0% used [0x00000000e2880000,0x00000000e2880000,0x00000000e3600000)
 ParOldGen       total 70656K, used 9188K [0x0000000080000000, 0x0000000084500000, 0x00000000d5580000)
  object space 70656K, 13% used [0x0000000080000000,0x00000000808f9218,0x0000000084500000)
 Metaspace       used 34565K, capacity 35348K, committed 35496K, reserved 1079296K
  class space    used 4717K, capacity 4933K, committed 5032K, reserved 1048576K
Event: 6.724 GC heap after
Heap after GC invocations=9 (full 2):
 PSYoungGen      total 173056K, used 0K [0x00000000d5580000, 0x00000000e3600000, 0x0000000100000000)
  eden space 160768K, 0% used [0x00000000d5580000,0x00000000d5580000,0x00000000df280000)
  from space 12288K, 0% used [0x00000000df280000,0x00000000df280000,0x00000000dfe80000)
  to   space 13824K, 0% used [0x00000000e2880000,0x00000000e2880000,0x00000000e3600000)
 ParOldGen       total 113664K, used 17451K [0x0000000080000000, 0x0000000086f00000, 0x00000000d5580000)
  object space 113664K, 15% used [0x0000000080000000,0x000000008110af18,0x0000000086f00000)
 Metaspace       used 34565K, capacity 35348K, committed 35496K, reserved 1079296K
  class space    used 4717K, capacity 4933K, committed 5032K, reserved 1048576K
}
Event: 9.620 GC heap before
{Heap before GC invocations=10 (full 2):
 PSYoungGen      total 173056K, used 160768K [0x00000000d5580000, 0x00000000e3600000, 0x0000000100000000)
  eden space 160768K, 100% used [0x00000000d5580000,0x00000000df280000,0x00000000df280000)
  from space 12288K, 0% used [0x00000000df280000,0x00000000df280000,0x00000000dfe80000)
  to   space 13824K, 0% used [0x00000000e2880000,0x00000000e2880000,0x00000000e3600000)
 ParOldGen       total 113664K, used 17451K [0x0000000080000000, 0x0000000086f00000, 0x00000000d5580000)
  object space 113664K, 15% used [0x0000000080000000,0x000000008110af18,0x0000000086f00000)
 Metaspace       used 49061K, capacity 50524K, committed 50728K, reserved 1093632K
  class space    used 6557K, capacity 6880K, committed 6952K, reserved 1048576K
Event: 9.641 GC heap after
Heap after GC invocations=10 (full 2):
 PSYoungGen      total 211456K, used 13794K [0x00000000d5580000, 0x00000000e5000000, 0x0000000100000000)
  eden space 197632K, 0% used [0x00000000d5580000,0x00000000d5580000,0x00000000e1680000)
  from space 13824K, 99% used [0x00000000e2880000,0x00000000e35f8830,0x00000000e3600000)
  to   space 18432K, 0% used [0x00000000e1680000,0x00000000e1680000,0x00000000e2880000)
 ParOldGen       total 113664K, used 23557K [0x0000000080000000, 0x0000000086f00000, 0x00000000d5580000)
  object space 113664K, 20% used [0x0000000080000000,0x0000000081701690,0x0000000086f00000)
 Metaspace       used 49061K, capacity 50524K, committed 50728K, reserved 1093632K
  class space    used 6557K, capacity 6880K, committed 6952K, reserved 1048576K
}

Deoptimization events (10 events):
Event: 8.573 Thread 0x000000001927a000 Uncommon trap: reason=unstable_if action=reinterpret pc=0x0000000003219c24 method=java.util.jar.JarFile.maybeInstantiateVerifier()V @ 4
Event: 8.574 Thread 0x000000001927a000 Uncommon trap: reason=unstable_if action=reinterpret pc=0x00000000026fccf0 method=java.security.CodeSource.<init>(Ljava/net/URL;[Ljava/security/CodeSigner;)V @ 25
Event: 8.576 Thread 0x000000001927a000 Uncommon trap: reason=unstable_if action=reinterpret pc=0x0000000002baa42c method=java.security.CodeSource.getCertificates()[Ljava/security/cert/Certificate; @ 22
Event: 8.576 Thread 0x000000001927a000 Uncommon trap: reason=unstable_if action=reinterpret pc=0x0000000002ef1788 method=java.util.jar.JarFile.maybeInstantiateVerifier()V @ 4
Event: 8.577 Thread 0x000000001927a000 Uncommon trap: reason=unstable_if action=reinterpret pc=0x00000000027b60ac method=java.security.CodeSource.matchCerts(Ljava/security/CodeSource;Z)Z @ 11
Event: 8.621 Thread 0x000000001927a000 Uncommon trap: reason=unstable_if action=reinterpret pc=0x000000000316d418 method=java.util.LinkedHashMap.get(Ljava/lang/Object;)Ljava/lang/Object; @ 20
Event: 8.694 Thread 0x000000001927a000 Uncommon trap: reason=unstable_if action=reinterpret pc=0x00000000027e4dbc method=java.security.CodeSource.matchCerts(Ljava/security/CodeSource;Z)Z @ 11
Event: 9.317 Thread 0x000000001927a000 Uncommon trap: reason=unstable_if action=reinterpret pc=0x0000000002f5e330 method=org.gradle.internal.reflect.PropertyAccessorType.of(Ljava/lang/reflect/Method;)Lorg/gradle/internal/reflect/PropertyAccessorType; @ 56
Event: 9.544 Thread 0x000000001927a000 Uncommon trap: reason=unstable_if action=reinterpret pc=0x0000000003272570 method=org.gradle.internal.instantiation.generator.AbstractClassGenerator$InjectionAnnotationValidator.validateMethod(Ljava/lang/reflect/Method;Lorg/gradle/internal/reflect/Propert
Event: 9.678 Thread 0x000000001927a000 Uncommon trap: reason=unstable_if action=reinterpret pc=0x0000000002ce4414 method=java.util.WeakHashMap.put(Ljava/lang/Object;Ljava/lang/Object;)Ljava/lang/Object; @ 59

Classes redefined (0 events):
No events

Internal exceptions (10 events):
Event: 9.715 Thread 0x000000001927a000 Exception <a 'java/lang/ClassNotFoundException': org/gradle/api/internal/file/AbstractFileCollectionBeanInfo> (0x00000000d61a9a10) thrown at [C:\src\AOSP-openjdk-git\hotspot\src\share\vm\classfile\systemDictionary.cpp, line 210]
Event: 9.716 Thread 0x000000001927a000 Exception <a 'java/lang/ClassNotFoundException': org/gradle/api/internal/file/AbstractFileCollectionCustomizer> (0x00000000d61e9058) thrown at [C:\src\AOSP-openjdk-git\hotspot\src\share\vm\classfile\systemDictionary.cpp, line 210]
Event: 9.718 Thread 0x000000001927a000 Exception <a 'java/lang/ClassNotFoundException': org/gradle/api/internal/file/CompositeFileCollectionCustomizer> (0x00000000d6239868) thrown at [C:\src\AOSP-openjdk-git\hotspot\src\share\vm\classfile\systemDictionary.cpp, line 210]
Event: 9.720 Thread 0x000000001927a000 Exception <a 'java/lang/ClassNotFoundException': org/gradle/api/internal/file/CompositeFileTreeCustomizer> (0x00000000d6283e68) thrown at [C:\src\AOSP-openjdk-git\hotspot\src\share\vm\classfile\systemDictionary.cpp, line 210]
Event: 9.721 Thread 0x000000001927a000 Exception <a 'java/lang/ClassNotFoundException': org/gradle/api/internal/file/collections/DefaultConfigurableFileTreeCustomizer> (0x00000000d62daa70) thrown at [C:\src\AOSP-openjdk-git\hotspot\src\share\vm\classfile\systemDictionary.cpp, line 210]
Event: 9.857 Thread 0x000000001927a000 Exception <a 'java/lang/ClassNotFoundException': org/gradle/api/plugins/internal/DefaultBasePluginConventionBeanInfo> (0x00000000d6a528b8) thrown at [C:\src\AOSP-openjdk-git\hotspot\src\share\vm\classfile\systemDictionary.cpp, line 210]
Event: 9.858 Thread 0x000000001927a000 Exception <a 'java/lang/ClassNotFoundException': org/gradle/api/plugins/BasePluginConventionBeanInfo> (0x00000000d6a7e3d0) thrown at [C:\src\AOSP-openjdk-git\hotspot\src\share\vm\classfile\systemDictionary.cpp, line 210]
Event: 9.858 Thread 0x000000001927a000 Exception <a 'java/lang/ClassNotFoundException': org/gradle/api/plugins/BasePluginConventionCustomizer> (0x00000000d6aaa570) thrown at [C:\src\AOSP-openjdk-git\hotspot\src\share\vm\classfile\systemDictionary.cpp, line 210]
Event: 9.860 Thread 0x000000001927a000 Exception <a 'java/lang/ClassNotFoundException': org/gradle/api/plugins/internal/DefaultBasePluginConventionCustomizer> (0x00000000d6af3dd0) thrown at [C:\src\AOSP-openjdk-git\hotspot\src\share\vm\classfile\systemDictionary.cpp, line 210]
Event: 9.866 Thread 0x000000001927a000 Exception <a 'java/lang/NoSuchMethodError': java.lang.Object.lambda$comparingInt$7b0bb60$1(Ljava/util/function/ToIntFunction;Ljava/lang/Object;Ljava/lang/Object;)I> (0x00000000d6b64f10) thrown at [C:\src\AOSP-openjdk-git\hotspot\src\share\vm\interpreter\l

Events (10 events):
Event: 10.281 loading class org/gradle/internal/graph/CachingDirectedGraphWalker$GraphWithEmptyEdges
Event: 10.281 loading class org/gradle/internal/graph/CachingDirectedGraphWalker$GraphWithEmptyEdges done
Event: 10.281 loading class org/gradle/execution/taskgraph/DefaultTaskExecutionGraph
Event: 10.281 loading class org/gradle/execution/taskgraph/DefaultTaskExecutionGraph done
Event: 10.283 loading class org/gradle/execution/plan/ExecutionPlan
Event: 10.283 loading class org/gradle/execution/plan/ExecutionPlan done
Event: 10.284 loading class org/gradle/execution/taskgraph/DefaultTaskExecutionGraph$GraphState
Event: 10.284 loading class org/gradle/execution/taskgraph/DefaultTaskExecutionGraph$GraphState done
Event: 10.285 loading class org/gradle/execution/plan/DefaultExecutionPlan
Event: 10.285 loading class org/gradle/execution/plan/DefaultExecutionPlan done


Dynamic libraries:
0x00007ff733780000 - 0x00007ff7337b1000 	C:\Program Files\Android\Android Studio\jre\bin\java.exe
0x00007ff873b50000 - 0x00007ff873d45000 	C:\Windows\SYSTEM32\ntdll.dll
0x00007ff871fe0000 - 0x00007ff87209d000 	C:\Windows\System32\KERNEL32.DLL
0x00007ff8715d0000 - 0x00007ff871897000 	C:\Windows\System32\KERNELBASE.dll
0x00007ff871d40000 - 0x00007ff871dea000 	C:\Windows\System32\ADVAPI32.dll
0x00007ff871f20000 - 0x00007ff871fbe000 	C:\Windows\System32\msvcrt.dll
0x00007ff872a70000 - 0x00007ff872b0b000 	C:\Windows\System32\sechost.dll
0x00007ff871df0000 - 0x00007ff871f14000 	C:\Windows\System32\RPCRT4.dll
0x00007ff872b10000 - 0x00007ff872cb0000 	C:\Windows\System32\USER32.dll
0x00007ff8718d0000 - 0x00007ff8718f2000 	C:\Windows\System32\win32u.dll
0x00007ff871d10000 - 0x00007ff871d3a000 	C:\Windows\System32\GDI32.dll
0x00007ff8714c0000 - 0x00007ff8715c9000 	C:\Windows\System32\gdi32full.dll
0x00007ff871290000 - 0x00007ff87132d000 	C:\Windows\System32\msvcp_win.dll
0x00007ff871900000 - 0x00007ff871a00000 	C:\Windows\System32\ucrtbase.dll
0x00007ff8706b0000 - 0x00007ff87094b000 	C:\Windows\WinSxS\amd64_microsoft.windows.common-controls_6595b64144ccf1df_6.0.19041.488_none_ca04af081b815d21\COMCTL32.dll
0x00007ff871bb0000 - 0x00007ff871be0000 	C:\Windows\System32\IMM32.DLL
0x0000000066ee0000 - 0x0000000066fb2000 	C:\Program Files\Android\Android Studio\jre\jre\bin\msvcr100.dll
0x00000000670a0000 - 0x00000000678eb000 	C:\Program Files\Android\Android Studio\jre\jre\bin\server\jvm.dll
0x00007ff871d00000 - 0x00007ff871d08000 	C:\Windows\System32\PSAPI.DLL
0x00007ff864f90000 - 0x00007ff864fb7000 	C:\Windows\SYSTEM32\WINMM.dll
0x00007ff86ee50000 - 0x00007ff86ee59000 	C:\Windows\SYSTEM32\WSOCK32.dll
0x00007ff872800000 - 0x00007ff87286b000 	C:\Windows\System32\WS2_32.dll
0x00007ff866240000 - 0x00007ff86624a000 	C:\Windows\SYSTEM32\VERSION.dll
0x00007ff86ee40000 - 0x00007ff86ee4f000 	C:\Program Files\Android\Android Studio\jre\jre\bin\verify.dll
0x00007ff86c010000 - 0x00007ff86c039000 	C:\Program Files\Android\Android Studio\jre\jre\bin\java.dll
0x00007ff869850000 - 0x00007ff869866000 	C:\Program Files\Android\Android Studio\jre\jre\bin\zip.dll
0x00007ff8720a0000 - 0x00007ff8727e1000 	C:\Windows\System32\SHELL32.dll
0x00007ff86e660000 - 0x00007ff86edf3000 	C:\Windows\SYSTEM32\windows.storage.dll
0x00007ff8732c0000 - 0x00007ff873615000 	C:\Windows\System32\combase.dll
0x00007ff870610000 - 0x00007ff87063c000 	C:\Windows\SYSTEM32\Wldp.dll
0x00007ff8729c0000 - 0x00007ff872a6e000 	C:\Windows\System32\SHCORE.dll
0x00007ff873620000 - 0x00007ff873675000 	C:\Windows\System32\shlwapi.dll
0x00007ff8711c0000 - 0x00007ff8711e6000 	C:\Windows\SYSTEM32\profapi.dll
0x00007ff86ee60000 - 0x00007ff86ee7a000 	C:\Program Files\Android\Android Studio\jre\jre\bin\net.dll
0x00007ff870390000 - 0x00007ff8703fa000 	C:\Windows\system32\mswsock.dll
0x00007ff866f40000 - 0x00007ff866f53000 	C:\Program Files\Android\Android Studio\jre\jre\bin\nio.dll
0x00007ff86ee10000 - 0x00007ff86ee36000 	C:\Users\Danielle\.gradle\native\31\windows-amd64\native-platform.dll
0x00007ff869840000 - 0x00007ff86984d000 	C:\Program Files\Android\Android Studio\jre\jre\bin\management.dll
0x00007ff870f40000 - 0x00007ff870f58000 	C:\Windows\SYSTEM32\CRYPTSP.dll
0x00007ff86fce0000 - 0x00007ff86fd14000 	C:\Windows\system32\rsaenh.dll
0x00007ff8718a0000 - 0x00007ff8718c7000 	C:\Windows\System32\bcrypt.dll
0x00007ff871140000 - 0x00007ff87116e000 	C:\Windows\SYSTEM32\USERENV.dll
0x00007ff871390000 - 0x00007ff87140f000 	C:\Windows\System32\bcryptprimitives.dll
0x00007ff870560000 - 0x00007ff87056c000 	C:\Windows\SYSTEM32\CRYPTBASE.dll
0x00007ff870020000 - 0x00007ff87005b000 	C:\Windows\SYSTEM32\IPHLPAPI.DLL
0x00007ff8729b0000 - 0x00007ff8729b9000 	C:\Windows\System32\NSI.dll
0x00007ff866560000 - 0x00007ff866577000 	C:\Windows\SYSTEM32\dhcpcsvc6.DLL
0x00007ff8684c0000 - 0x00007ff8684dd000 	C:\Windows\SYSTEM32\dhcpcsvc.DLL
0x00007ff8700c0000 - 0x00007ff87018b000 	C:\Windows\SYSTEM32\DNSAPI.dll
0x00007ff870d00000 - 0x00007ff870ee4000 	C:\Windows\SYSTEM32\dbghelp.dll

VM Arguments:
jvm_args: -Xmx2048m -Dfile.encoding=windows-1252 -Duser.country=CA -Duser.language=en -Duser.variant 
java_command: org.gradle.launcher.daemon.bootstrap.GradleDaemon 6.1.1
java_class_path (initial): C:\Users\Danielle\.gradle\wrapper\dists\gradle-6.1.1-all\cfmwm155h49vnt3hynmlrsdst\gradle-6.1.1\lib\gradle-launcher-6.1.1.jar
Launcher Type: SUN_STANDARD

Environment Variables:
PATH=C:\Windows\system32;C:\Windows;C:\Windows\System32\Wbem;C:\Windows\System32\WindowsPowerShell\v1.0\;C:\Windows\System32\OpenSSH\;C:\Users\Danielle\AppData\Local\Microsoft\WindowsApps;C:\Users\Danielle\AppData\Local\Programs\Microsoft VS Code\bin;C:\Users\Danielle\AppData\Local\Programs\Git\cmd
USERNAME=Danielle
OS=Windows_NT
PROCESSOR_IDENTIFIER=Intel64 Family 6 Model 58 Stepping 9, GenuineIntel



---------------  S Y S T E M  ---------------

OS: Windows 10.0 , 64 bit Build 19041 (10.0.19041.292)

CPU:total 4 (initial active 4) (2 cores per cpu, 2 threads per core) family 6 model 58 stepping 9, cmov, cx8, fxsr, mmx, sse, sse2, sse3, ssse3, sse4.1, sse4.2, popcnt, avx, aes, clmul, erms, ht, tsc, tscinvbit, tscinv

Memory: 4k page, physical 10368572k(5528180k free), swap 12596796k(7465752k free)

vm_info: OpenJDK 64-Bit Server VM (25.242-b01) for windows-amd64 JRE (1.8.0_242-release-1644-b01), built by "builder" with MS VC++ 10.0 (VS2010)

time: Sun Sep 20 20:08:17 2020
timezone: Pacific Daylight Time
elapsed time: 10 seconds (0d 0h 0m 10s)

